4.826  0
4.834  0
4.838  0
4.843  0
4.853  0
4.857  0
4.864  0
4.87  0
4.877  0
4.884  0
4.889  0
4.898  0
4.902  0
4.907  0
4.914  0
4.918  0
4.923  0
4.927  0
4.932  0
4.935  0
4.939  0
4.943  0
4.947  0
4.952  0
4.956  0
4.961  0
4.967  0
4.971  0
4.974  0
4.978  0
4.985  0
4.988  0
4.992  0
4.998  0
5.002  0
5.006  0
5.01  0
5.016  0
5.02  0
5.024  0
5.028  0
5.033  0
5.037  0
5.04  0
5.045  0
5.051  0
5.055  0
5.059  0
5.064  0
5.067  0
5.071  0
5.075  0
5.081  0
5.086  0
5.09  0
5.097  0
5.103  0
5.107  0
5.111  0
5.117  0
5.151  0
5.164  0
5.169  0
5.173  0
5.178  0
5.184  0
5.192  0
5.201  0
5.208  0
5.214  0
5.219  0
5.227  0
5.233  0
5.241  0
5.249  0
5.253  0
5.257  0
5.26  0
5.267  0
5.274  0
5.277  0
5.283  0
5.287  0
5.291  0
5.296  0
5.302  0
5.307  0
5.314  0
5.318  0
5.321  0
5.325  0
5.329  0
5.334  0
5.338  0
5.344  0
5.35  0
5.353  0
5.357  0
5.361  0
5.367  0
5.37  0
5.374  0
5.378  0
5.382  0
5.386  0
5.39  0
5.393  0
5.399  0
5.405  0
5.413  0
5.417  0
5.421  0
5.424  0
5.428  0
5.433  0
5.438  0
5.442  0
5.448  0
5.452  0
5.455  0
5.459  0
5.464  0
5.468  0
5.472  0
5.476  0
5.48  0
5.485  0
5.488  0
5.492  0
5.5  0
5.504  0
5.508  0
5.511  0
5.517  0
5.521  0
5.524  0
5.528  0
5.534  0
5.537  0
5.542  0
5.548  0
5.553  0
5.557  0
5.562  0
5.568  0
5.572  0
5.581  0
5.586  0
5.589  0
5.594  0
5.601  0
5.606  0
5.618  0
5.622  0
5.627  0
5.634  0
5.638  0
5.643  0
5.649  0
5.655  0
5.659  0
5.664  0
5.669  0
5.675  0
5.682  0
5.686  0
5.691  0
5.696  0
5.702  0
5.71  0
5.718  0
5.722  0
5.726  0
5.731  0
5.737  0
5.74  0
5.744  0
5.75  0
5.754  0
5.758  0
5.762  0
5.768  0
5.772  0
5.776  0
5.78  0
5.785  0
5.79  0
5.796  0
5.801  0
5.806  0
5.811  0
5.816  0
5.82  0
5.823  0
5.827  0
5.832  0
5.836  0
5.839  0
5.843  0
5.85  0
5.854  0
5.858  0
5.862  0
5.869  0
5.875  0
5.879  0
5.884  0
5.888  0
5.893  0
5.899  0
5.904  0
5.909  0
5.914  0
5.917  0
5.921  0
5.925  0
5.931  0
5.941  0
5.946  0
5.95  0
5.954  0
5.957  0
5.96  0
5.966  0
5.97  0
5.974  0
5.977  0
5.982  0
5.986  0
5.99  0
5.993  0
5.998  0
6.002  0
6.008  0
6.014  0
6.018  0
6.022  0
6.025  0
6.031  0
6.038  0
6.042  0
6.046  0
6.05  0
6.054  0
6.058  0
6.062  0
6.067  0
6.071  0
6.076  0
6.081  0
6.086  0
6.09  0
6.094  0
6.098  0
6.102  0
6.107  0
6.111  0
6.116  0
6.119  0
6.124  0
6.128  0
6.132  0
6.136  0
6.14  0
6.144  0
6.148  0
6.152  0
6.156  0
6.16  0
6.165  0
6.169  0
6.174  0
6.178  0
6.182  0
6.186  0
6.19  0
6.194  0
6.199  0
6.204  0
6.209  0
6.214  0
6.218  0
6.223  0
6.227  0
6.232  0
6.239  0
6.242  0
6.248  0
6.252  0
6.256  0
6.26  0
6.265  0
6.269  0
6.273  0
6.277  0
6.282  0
6.286  0
6.289  0
6.294  0
6.298  0
6.302  0
6.305  0
6.309  0
6.315  0
6.318  0
6.322  0
6.326  0
6.331  0
6.335  0
6.339  0
6.343  0
6.347  0
6.351  0
6.355  0
6.359  0
6.364  0
6.367  0
6.371  0
6.376  0
6.38  0
6.383  0
6.388  0
6.392  0
6.397  0
6.401  0
6.406  0
6.41  0
6.418  0
6.422  0
6.427  0
6.431  0
6.436  0
6.44  0
6.444  0
6.449  0
6.454  0
6.459  0
6.488  0
6.568  0
6.578  0
6.587  0
6.598  0
6.611  0
6.623  0
6.627  0
6.633  0
6.639  0
6.645  0
6.65  0
6.655  0
6.659  0
6.663  0
6.669  0
6.675  0
6.686  0
6.691  0
6.695  0
6.702  0
6.708  0
6.716  0
6.721  0
6.726  0
6.732  0
6.737  0
6.741  0
6.746  0
6.75  0
6.754  0
6.759  0
6.768  0
6.774  0
6.78  0
6.785  0
6.793  0
6.798  0
6.802  0
6.807  0
6.812  0
6.817  0
6.821  0
6.827  0
6.832  0
6.837  0
6.841  0
6.846  0
6.851  0
6.856  0
6.864  7
6.869  7
6.873  74
6.879  74
6.883  148
6.888  148
6.894  193
6.9  193
6.905  238
6.91  275
6.916  275
6.921  275
6.927  297
6.934  327
6.939  327
6.943  334
6.95  334
6.955  357
6.96  364
6.97  364
6.976  364
6.982  372
6.986  379
6.991  387
6.999  387
7.005  394
7.015  394
7.022  394
7.029  394
7.033  401
7.037  401
7.042  409
7.048  409
7.054  401
7.059  401
7.065  401
7.068  401
7.074  409
7.079  409
7.084  409
7.089  409
7.093  409
7.099  409
7.105  409
7.109  409
7.114  409
7.119  409
7.124  409
7.13  409
7.134  416
7.138  416
7.143  409
7.149  409
7.154  409
7.16  409
7.166  409
7.171  409
7.174  416
7.18  409
7.184  409
7.188  409
7.194  409
7.2  409
7.205  416
7.211  409
7.22  409
7.224  416
7.229  416
7.233  409
7.237  409
7.241  409
7.246  409
7.251  416
7.255  416
7.259  409
7.264  409
7.268  409
7.272  416
7.276  416
7.283  409
7.288  409
7.292  416
7.297  416
7.302  409
7.308  409
7.312  409
7.316  409
7.321  416
7.326  416
7.331  409
7.336  409
7.34  416
7.344  416
7.349  416
7.354  409
7.358  409
7.362  416
7.371  416
7.374  409
7.379  416
7.385  416
7.389  416
7.392  409
7.399  409
7.404  416
7.409  416
7.415  409
7.42  409
7.425  409
7.431  416
7.437  416
7.444  409
7.45  409
7.454  416
7.458  416
7.466  409
7.47  409
7.474  416
7.48  409
7.485  409
7.489  409
7.494  416
7.499  416
7.503  409
7.508  409
7.514  416
7.519  416
7.523  409
7.528  409
7.533  416
7.539  416
7.544  409
7.55  409
7.555  416
7.56  416
7.566  409
7.571  409
7.575  416
7.58  409
7.585  409
7.59  409
7.593  416
7.6  416
7.605  409
7.61  409
7.616  409
7.62  409
7.624  416
7.629  416
7.634  409
7.639  409
7.642  416
7.649  416
7.653  409
7.657  409
7.661  416
7.666  416
7.67  409
7.675  409
7.68  416
7.685  416
7.689  416
7.693  409
7.699  409
7.704  416
7.715  416
7.719  409
7.724  416
7.728  416
7.733  409
7.74  409
7.745  416
7.75  416
7.755  409
7.759  409
7.764  409
7.768  409
7.773  416
7.777  416
7.782  409
7.788  409
7.792  416
7.797  416
7.801  409
7.807  409
7.811  416
7.818  416
7.822  409
7.826  409
7.831  416
7.836  416
7.84  409
7.844  409
7.851  409
7.856  416
7.86  409
7.867  409
7.872  409
7.876  409
7.882  416
7.887  416
7.891  409
7.898  409
7.904  416
7.909  416
7.92  409
7.926  409
7.932  409
7.936  416
7.941  409
7.947  409
7.951  416
7.956  416
7.96  409
7.966  409
7.97  409
7.974  409
7.978  409
7.983  416
7.988  416
7.993  409
7.999  409
8.005  416
8.012  416
8.018  409
8.024  409
8.028  409
8.033  416
8.039  416
8.043  409
8.048  409
8.053  416
8.057  416
8.061  409
8.071  409
8.079  409
8.084  416
8.089  416
8.093  409
8.098  409
8.103  409
8.108  409
8.113  416
8.119  416
8.123  409
8.128  409
8.133  409
8.137  409
8.141  416
8.146  416
8.15  409
8.155  409
8.158  416
8.164  416
8.168  416
8.172  409
8.177  409
8.183  416
8.187  416
8.192  409
8.197  409
8.205  409
8.21  409
8.215  416
8.219  416
8.224  409
8.228  409
8.232  409
8.236  409
8.24  416
8.245  416
8.249  416
8.253  409
8.257  409
8.261  416
8.268  416
8.272  409
8.277  409
8.281  409
8.285  409
8.29  416
8.294  416
8.299  416
8.304  409
8.308  409
8.314  416
8.319  416
8.323  409
8.327  409
8.333  409
8.337  409
8.341  416
8.347  416
8.352  409
8.357  409
8.361  409
8.366  409
8.37  416
8.375  416
8.382  409
8.386  409
8.391  416
8.396  416
8.4  409
8.405  409
8.41  409
8.417  416
8.422  409
8.427  409
8.431  409
8.435  409
8.439  416
8.444  416
8.45  416
8.454  409
8.459  409
8.464  416
8.469  416
8.474  409
8.48  409
8.486  416
8.491  416
8.496  409
8.502  409
8.508  409
8.516  416
8.521  416
8.525  409
8.531  416
8.536  416
8.54  409
8.545  409
8.55  416
8.555  416
8.559  416
8.564  409
8.569  409
8.573  409
8.577  409
8.583  416
8.587  416
8.594  409
8.6  409
8.604  409
8.608  409
8.616  416
8.621  416
8.627  409
8.634  409
8.639  409
8.643  416
8.648  416
8.652  409
8.657  409
8.661  416
8.667  416
8.671  409
8.676  409
8.681  409
8.686  409
8.69  416
8.694  416
8.699  416
8.704  409
8.708  409
8.716  416
8.724  416
8.727  409
8.734  409
8.741  409
8.749  416
8.753  409
8.757  409
8.762  409
8.767  409
8.771  416
8.776  416
8.782  409
8.787  409
8.791  409
8.796  409
8.801  416
8.805  416
8.809  409
8.816  409
8.819  409
8.823  409
8.828  409
8.833  416
8.837  416
8.841  409
8.847  409
8.851  416
8.856  416
8.861  409
8.866  409
8.87  409
8.875  409
8.88  409
8.884  409
8.889  409
8.893  416
8.898  416
8.903  409
8.909  409
8.915  416
8.92  416
8.925  409
8.931  409
8.936  409
8.94  409
8.943  409
8.948  409
8.952  416
8.957  416
8.961  409
8.967  409
8.971  409
8.975  409
8.979  416
8.985  416
8.989  416
8.993  409
8.999  409
9.003  409
9.007  409
9.011  416
9.022  416
9.027  409
9.033  409
9.037  409
9.04  416
9.046  416
9.05  409
9.055  409
9.059  409
9.064  409
9.068  409
9.072  416
9.077  416
9.083  409
9.088  409
9.092  409
9.1  409
9.104  416
9.11  416
9.116  409
9.12  409
9.125  409
9.129  416
9.135  416
9.139  416
9.143  409
9.149  409
9.153  409
9.158  409
9.163  416
9.168  416
9.172  409
9.177  409
9.182  409
9.187  409
9.191  416
9.196  416
9.2  409
9.206  409
9.21  409
9.217  409
9.221  409
9.225  416
9.23  409
9.235  409
9.239  409
9.243  409
9.249  409
9.253  416
9.257  416
9.261  409
9.268  409
9.272  409
9.277  409
9.281  416
9.287  416
9.292  409
9.299  409
9.306  409
9.313  409
9.317  416
9.322  409
9.327  409
9.333  409
9.338  409
9.343  416
9.349  416
9.353  409
9.358  409
9.363  409
9.367  409
9.372  416
9.377  416
9.381  409
9.386  409
9.39  409
9.395  409
9.4  416
9.406  416
9.41  416
9.416  409
9.421  409
9.426  409
9.432  416
9.437  416
9.442  409
9.447  409
9.451  409
9.456  409
9.46  416
9.466  416
9.47  416
9.474  409
9.479  409
9.484  409
9.488  409
9.492  416
9.499  416
9.503  409
9.509  409
9.516  409
9.521  409
9.526  416
9.533  409
9.537  409
9.541  409
9.547  409
9.551  416
9.555  416
9.56  409
9.565  409
9.569  409
9.574  416
9.579  416
9.584  409
9.59  409
9.594  409
9.599  409
9.603  416
9.61  416
9.615  409
9.622  409
9.626  409
9.631  416
9.638  416
9.642  409
9.647  409
9.651  416
9.656  416
9.66  409
9.666  409
9.67  409
9.674  409
9.678  409
9.683  409
9.687  409
9.691  416
9.696  416
9.703  409
9.714  409
9.719  416
9.725  409
9.73  409
9.735  409
9.74  416
9.744  416
9.749  416
9.753  409
9.777  409
9.783  409
9.789  409
9.796  409
9.8  409
9.806  416
9.814  416
9.82  409
9.827  409
9.832  409
9.838  416
9.846  409
9.852  409
9.857  409
9.861  416
9.867  416
9.872  409
9.877  409
9.883  409
9.892  409
9.9  416
9.907  409
9.915  409
9.92  409
9.926  416
9.933  416
9.937  409
9.942  409
9.95  409
9.956  416
9.961  416
9.967  409
9.972  409
9.976  409
9.981  416
9.987  416
9.991  409
9.999  409
10.003  409
10.007  409
10.012  416
10.018  416
10.022  409
10.027  409
10.032  409
10.036  409
10.04  416
10.046  416
10.05  416
10.054  409
10.059  409
10.065  409
10.069  409
10.073  409
10.079  409
10.083  416
10.087  416
10.092  409
10.097  409
10.101  409
10.106  409
10.11  416
10.117  416
10.122  416
10.126  409
10.131  409
10.136  409
10.14  416
10.144  416
10.15  416
10.157  409
10.165  409
10.169  409
10.175  416
10.182  416
10.189  409
10.195  409
10.199  409
10.204  416
10.208  416
10.213  409
10.22  409
10.224  409
10.229  409
10.235  416
10.24  416
10.247  409
10.252  409
10.257  409
10.265  409
10.27  409
10.274  416
10.282  416
10.288  409
10.293  409
10.299  409
10.303  416
10.308  416
10.314  409
10.319  409
10.323  409
10.328  409
10.334  416
10.344  416
10.35  409
10.355  409
10.359  409
10.366  416
10.371  416
10.376  409
10.383  409
10.387  409
10.392  416
10.398  416
10.402  409
10.409  409
10.418  409
10.422  409
10.427  416
10.432  409
10.437  409
10.441  409
10.449  409
10.456  416
10.464  416
10.469  409
10.477  409
10.485  409
10.492  416
10.499  409
10.504  409
10.508  409
10.513  416
10.519  416
10.525  409
10.533  409
10.539  409
10.547  416
10.555  416
10.561  409
10.568  409
10.572  416
10.577  416
10.584  409
10.588  409
10.593  409
10.598  409
10.602  416
10.609  416
10.616  409
10.623  409
10.631  409
10.635  416
10.64  409
10.644  409
10.649  409
10.654  409
10.658  409
10.663  416
10.668  416
10.672  409
10.678  409
10.683  409
10.688  409
10.692  416
10.697  416
10.702  409
10.708  409
10.714  409
10.721  409
10.727  416
10.735  409
10.741  409
10.747  409
10.752  416
10.756  416
10.76  409
10.768  409
10.772  409
10.777  409
10.783  416
10.788  416
10.792  409
10.799  409
10.803  409
10.807  409
10.812  416
10.817  416
10.821  409
10.826  409
10.832  409
10.836  409
10.84  416
10.846  416
10.85  409
10.855  409
10.86  409
10.865  409
10.869  409
10.876  409
10.883  409
10.888  416
10.894  409
10.899  409
10.903  409
10.908  409
10.913  409
10.921  409
10.927  416
10.933  409
10.937  409
10.942  409
10.946  409
10.951  416
10.956  416
10.961  409
10.967  409
10.971  409
10.975  409
10.98  416
10.985  416
10.99  416
10.993  409
10.999  409
11.004  409
11.008  409
11.012  416
11.019  416
11.023  409
11.028  409
11.035  409
11.039  409
11.043  416
11.049  416
11.053  409
11.059  409
11.065  409
11.069  409
11.073  416
11.078  416
11.084  409
11.089  409
11.094  409
11.1  409
11.104  416
11.109  416
11.115  409
11.119  409
11.124  409
11.129  409
11.133  416
11.14  416
11.148  409
11.153  409
11.158  409
11.163  416
11.168  416
11.174  409
11.18  409
11.185  409
11.19  409
11.194  416
11.199  416
11.204  409
11.21  409
11.216  409
11.221  409
11.225  416
11.231  409
11.237  409
11.241  416
11.248  416
11.253  409
11.259  409
11.265  409
11.27  409
11.274  416
11.28  416
11.287  409
11.295  409
11.301  416
11.306  409
11.31  409
11.317  409
11.322  409
11.327  416
11.333  409
11.338  409
11.342  409
11.349  409
11.356  416
11.363  416
11.367  409
11.372  409
11.378  409
11.382  416
11.387  416
11.392  409
11.398  409
11.403  409
11.409  409
11.414  416
11.42  416
11.425  409
11.431  409
11.436  416
11.441  409
11.447  409
11.452  409
11.457  409
11.461  416
11.467  416
11.471  409
11.476  409
11.482  416
11.488  416
11.492  409
11.498  409
11.504  409
11.509  409
11.515  416
11.52  416
11.524  409
11.528  409
11.534  409
11.538  409
11.542  416
11.549  416
11.553  409
11.558  409
11.564  409
11.569  409
11.573  416
11.581  416
11.588  409
11.593  409
11.599  409
11.603  416
11.609  416
11.617  409
11.622  409
11.629  416
11.635  409
11.64  409
11.645  416
11.65  416
11.654  409
11.661  409
11.666  409
11.67  416
11.675  416
11.68  416
11.685  409
11.691  409
11.695  409
11.7  416
11.714  416
11.718  416
11.722  409
11.727  409
11.734  416
11.739  416
11.743  409
11.749  409
11.753  409
11.758  409
11.762  416
11.769  416
11.773  409
11.778  409
11.784  409
11.789  409
11.793  416
11.801  416
11.805  409
11.811  416
11.822  416
11.832  409
11.836  409
11.841  416
11.847  416
11.851  409
11.856  409
11.861  409
11.867  409
11.872  416
11.884  416
11.89  409
11.896  409
11.901  409
11.909  416
11.916  409
11.921  409
11.926  416
11.932  409
11.938  409
11.942  409
11.949  409
11.954  416
11.959  416
11.963  409
11.969  409
11.973  409
11.978  409
11.983  416
11.988  416
11.992  409
11.998  409
12.002  409
12.007  409
12.012  416
12.018  416
12.022  409
12.027  409
12.033  409
12.038  409
12.043  416
12.049  416
12.053  409
12.058  409
12.066  409
12.07  409
12.074  416
12.08  416
12.086  409
12.096  409
12.102  409
12.106  416
12.111  409
12.12  409
12.125  416
12.132  416
12.136  409
12.141  416
12.147  416
12.152  409
12.158  409
12.164  409
12.169  409
12.174  416
12.179  416
12.185  409
12.192  409
12.198  409
12.206  416
12.215  416
12.22  409
12.225  416
12.231  416
12.236  409
12.241  409
12.246  409
12.251  416
12.256  416
12.26  409
12.266  409
12.271  409
12.275  416
12.282  409
12.288  409
12.293  409
12.3  409
12.305  416
12.311  409
12.317  409
12.321  409
12.326  409
12.332  416
12.336  416
12.341  409
12.349  409
12.355  409
12.36  409
12.365  416
12.37  416
12.374  409
12.379  409
12.385  409
12.389  409
12.393  416
12.399  416
12.404  409
12.408  409
12.414  409
12.418  409
12.423  416
12.427  416
12.436  409
12.443  409
12.449  409
12.453  416
12.458  416
12.464  409
12.469  409
12.474  409
12.497  409
12.501  416
12.506  409
12.511  416
12.516  416
12.521  409
12.527  409
12.532  409
12.537  409
12.542  416
12.549  416
12.555  409
12.561  409
12.566  416
12.572  416
12.576  409
12.582  409
12.587  409
12.591  416
12.596  416
12.602  409
12.607  409
12.611  409
12.619  409
12.625  416
12.632  416
12.636  409
12.641  416
12.648  416
12.654  409
12.659  409
12.667  409
12.671  409
12.675  416
12.681  409
12.686  409
12.691  409
12.696  409
12.703  416
12.711  416
12.717  409
12.723  409
12.73  409
12.735  416
12.74  416
12.744  409
12.752  409
12.758  409
12.764  409
12.768  409
12.774  416
12.78  416
12.785  409
12.79  409
12.794  409
12.799  409
12.805  416
12.809  416
12.814  409
12.819  409
12.825  409
12.832  409
12.838  409
12.843  416
12.849  416
12.854  409
12.858  409
12.864  409
12.87  409
12.875  416
12.881  416
12.886  409
12.892  409
12.899  409
12.904  416
12.908  416
12.916  409
12.921  409
12.925  409
12.931  409
12.936  409
12.94  416
12.948  416
12.956  416
12.963  409
12.968  409
12.972  416
12.978  416
12.986  409
12.991  409
12.995  409
13  416
13.007  416
13.011  416
13.017  409
13.023  409
13.028  409
13.034  416
13.043  416
13.049  409
13.056  409
13.06  409
13.066  409
13.071  409
13.076  416
13.086  409
13.092  409
13.098  416
13.103  409
13.109  409
13.117  409
13.122  409
13.127  409
13.134  416
13.143  416
13.15  409
13.156  409
13.16  409
13.167  416
13.172  416
13.178  409
13.184  409
13.188  409
13.193  416
13.199  416
13.203  409
13.209  409
13.215  409
13.219  409
13.224  409
13.23  409
13.235  416
13.241  416
13.246  409
13.254  409
13.26  409
13.265  416
13.27  416
13.274  409
13.279  409
13.284  409
13.291  409
13.299  409
13.305  416
13.309  416
13.315  409
13.32  409
13.325  416
13.33  416
13.336  409
13.341  409
13.345  409
13.354  416
13.362  416
13.369  409
13.374  409
13.379  409
13.385  416
13.389  416
13.394  409
13.4  409
13.405  409
13.413  409
13.42  416
13.429  409
13.435  409
13.439  409
13.444  416
13.45  416
13.454  409
13.461  409
13.466  409
13.471  416
13.476  416
13.483  416
13.488  409
13.494  409
13.499  409
13.503  416
13.508  416
13.514  409
13.519  409
13.524  409
13.528  409
13.533  416
13.538  416
13.543  409
13.549  409
13.553  409
13.559  409
13.566  416
13.571  416
13.575  409
13.58  409
13.585  409
13.589  409
13.594  416
13.599  416
13.604  409
13.609  409
13.615  409
13.619  409
13.624  416
13.634  416
13.638  409
13.643  409
13.65  409
13.654  409
13.658  409
13.665  416
13.671  416
13.675  409
13.683  409
13.688  409
13.694  409
13.699  409
13.703  416
13.708  416
13.714  409
13.719  409
13.724  409
13.729  409
13.734  409
13.74  409
13.747  416
13.754  416
13.765  409
13.769  409
13.774  416
13.78  416
13.785  409
13.79  409
13.794  409
13.8  409
13.804  409
13.809  409
13.815  416
13.821  416
13.826  409
13.831  409
13.852  409
13.857  409
13.861  409
13.867  409
13.872  409
13.876  409
13.886  416
13.89  416
13.895  409
13.9  409
13.905  409
13.909  409
13.914  409
13.919  409
13.923  409
13.927  409
13.934  416
13.939  416
13.946  409
13.951  409
13.956  409
13.961  416
13.972  416
13.977  409
13.983  409
13.988  409
13.993  416
13.999  416
14.003  409
14.009  409
14.014  409
14.019  409
14.024  409
14.028  409
14.033  416
14.039  416
14.043  409
14.049  409
14.054  409
14.059  409
14.064  416
14.069  416
14.074  409
14.079  409
14.085  409
14.09  409
14.096  416
14.102  416
14.107  409
14.112  409
14.119  409
14.124  416
14.13  416
14.136  409
14.14  409
14.149  409
14.153  409
14.158  409
14.163  416
14.169  416
14.173  409
14.18  409
14.185  409
14.19  409
14.197  416
14.201  416
14.206  409
14.211  409
14.218  409
14.224  409
14.231  409
14.236  416
14.241  416
14.246  409
14.252  409
14.256  409
14.261  409
14.266  409
14.271  416
14.276  416
14.281  409
14.285  409
14.29  409
14.295  409
14.301  409
14.307  409
14.314  409
14.321  409
14.328  416
14.335  409
14.34  409
14.345  409
14.351  409
14.355  409
14.359  416
14.366  416
14.371  416
14.376  409
14.382  409
14.387  409
14.393  409
14.4  409
14.405  416
14.41  416
14.415  409
14.42  409
14.425  409
14.434  409
14.44  409
14.445  409
14.45  409
14.456  416
14.462  416
14.467  409
14.472  409
14.477  409
14.483  409
14.489  409
14.494  416
14.499  416
14.504  409
14.509  409
14.514  409
14.518  409
14.523  409
14.528  409
14.533  416
14.538  416
14.543  409
14.549  409
14.554  409
14.559  409
14.564  409
14.569  409
14.574  409
14.578  409
14.584  416
14.589  416
14.593  409
14.599  409
14.604  409
14.609  409
14.618  409
14.625  409
14.631  409
14.635  416
14.64  409
14.649  409
14.653  409
14.657  409
14.662  409
14.667  409
14.671  409
14.676  409
14.682  416
14.687  416
14.693  409
14.699  409
14.703  409
14.709  409
14.715  409
14.72  409
14.725  409
14.734  409
14.739  416
14.744  409
14.75  409
14.758  409
14.766  409
14.773  409
14.781  409
14.785  416
14.791  416
14.796  409
14.803  409
14.808  409
14.813  409
14.819  409
14.824  416
14.83  416
14.835  409
14.84  409
14.845  409
14.85  409
14.855  409
14.859  409
14.866  416
14.871  416
14.876  409
14.882  409
14.892  409
14.902  409
14.908  409
14.916  416
14.922  416
14.927  409
14.933  409
14.938  409
14.944  409
14.95  409
14.954  409
14.96  409
14.968  416
14.974  416
14.98  409
14.986  409
14.993  409
14.998  409
15.003  416
15.008  416
15.015  409
15.021  409
15.026  409
15.032  409
15.037  409
15.042  409
15.047  409
15.053  416
15.067  416
15.073  409
15.078  409
15.085  409
15.091  409
15.097  416
15.105  409
15.111  409
15.117  409
15.121  409
15.125  409
15.131  409
15.136  409
15.141  416
15.147  416
15.151  409
15.156  409
15.165  409
15.169  409
15.174  416
15.179  416
15.184  409
15.189  409
15.194  409
15.201  409
15.224  409
15.232  409
15.24  409
15.245  409
15.25  409
15.255  409
15.259  409
15.265  409
15.27  409
15.275  416
15.28  416
15.285  401
15.291  401
15.296  416
15.301  409
15.306  409
15.31  409
15.317  409
15.322  409
15.327  409
15.333  409
15.338  409
15.342  416
15.349  416
15.354  409
15.361  409
15.37  409
15.377  409
15.384  409
15.39  409
15.395  416
15.403  416
15.408  409
15.414  409
15.418  409
15.423  409
15.428  409
15.435  409
15.444  409
15.449  409
15.454  416
15.459  416
15.465  409
15.47  409
15.474  409
15.478  409
15.484  409
15.489  409
15.494  409
15.5  409
15.506  409
15.51  409
15.515  416
15.52  416
15.524  409
15.529  409
15.536  409
15.54  409
15.545  409
15.55  409
15.555  409
15.559  409
15.565  409
15.569  409
15.573  409
15.578  409
15.586  416
15.591  416
15.597  409
15.603  409
15.609  409
15.616  409
15.624  409
15.633  409
15.638  416
15.643  409
15.65  409
15.658  409
15.662  409
15.668  409
15.673  409
15.678  409
15.683  409
15.688  409
15.692  409
15.698  409
15.704  416
15.709  416
15.714  409
15.72  409
15.725  409
15.732  409
15.737  409
15.742  409
15.747  409
15.753  416
15.759  416
15.765  409
15.771  409
15.775  409
15.783  409
15.788  409
15.792  409
15.799  409
15.804  416
15.809  416
15.816  409
15.821  409
15.825  409
15.834  409
15.842  409
15.849  409
15.856  409
15.86  409
15.867  416
15.872  416
15.876  409
15.883  409
15.887  409
15.892  409
15.899  409
15.904  416
15.911  416
15.916  409
15.921  409
15.926  409
15.932  409
15.936  409
15.942  416
15.948  416
15.953  409
15.959  409
15.965  409
15.971  409
15.977  409
15.983  409
15.989  409
15.993  416
16  416
16.005  409
16.01  409
16.017  409
16.022  409
16.027  409
16.033  416
16.038  416
16.043  409
16.051  409
16.056  409
16.065  409
16.069  409
16.074  409
16.079  409
16.086  416
16.093  416
16.104  409
16.111  409
16.118  409
16.123  416
16.13  416
16.136  409
16.144  409
16.15  409
16.158  409
16.168  409
16.174  416
16.181  409
16.19  409
16.198  409
16.203  409
16.208  409
16.214  416
16.222  416
16.231  409
16.238  409
16.242  409
16.253  409
16.261  409
16.267  416
16.271  416
16.278  409
16.284  409
16.289  409
16.3  409
16.305  409
16.31  409
16.317  416
16.323  416
16.328  409
16.335  409
16.345  409
16.351  409
16.357  409
16.364  416
16.369  416
16.378  409
16.385  409
16.397  409
16.407  409
16.414  409
16.419  416
16.425  409
16.433  409
16.438  409
16.446  409
16.451  409
16.456  409
16.464  409
16.469  409
16.474  416
16.48  416
16.487  409
16.502  409
16.508  409
16.515  409
16.521  409
16.529  409
16.534  409
16.539  416
16.546  409
16.551  409
16.556  409
16.565  409
16.569  409
16.577  409
16.585  409
16.595  416
16.602  409
16.608  409
16.613  409
16.621  409
16.629  409
16.635  409
16.643  416
16.65  409
16.658  409
16.665  409
16.67  409
16.676  409
16.683  409
16.689  416
16.703  409
16.71  409
16.715  409
16.722  409
16.728  409
16.735  416
16.741  416
16.745  409
16.751  409
16.756  409
16.767  409
16.772  409
16.778  409
16.785  416
16.792  416
16.8  409
16.806  409
16.811  409
16.818  409
16.824  409
16.837  409
16.842  416
16.849  409
16.854  409
16.861  409
16.867  409
16.872  416
16.877  416
16.883  409
16.888  409
16.894  409
16.9  409
16.909  409
16.915  409
16.921  409
16.928  409
16.934  409
16.939  416
16.945  409
16.952  409
16.958  409
16.966  409
16.972  409
16.978  409
16.985  416
16.99  416
16.995  409
17.001  409
17.007  409
17.012  409
17.019  409
17.025  409
17.034  409
17.04  416
17.047  409
17.053  409
17.058  409
17.065  409
17.07  409
17.076  409
17.082  409
17.088  416
17.097  409
17.103  409
17.108  409
17.116  409
17.121  409
17.127  409
17.134  409
17.139  416
17.143  409
17.149  409
17.154  409
17.159  409
17.166  409
17.172  409
17.177  416
17.182  409
17.188  409
17.192  409
17.197  409
17.201  409
17.206  409
17.21  409
17.216  409
17.221  409
17.228  409
17.236  416
17.242  416
17.248  409
17.253  409
17.258  409
17.263  409
17.268  409
17.272  409
17.277  409
17.283  416
17.289  416
17.294  409
17.299  409
17.304  409
17.308  409
17.315  409
17.319  409
17.324  409
17.328  409
17.334  416
17.34  416
17.345  409
17.351  409
17.356  409
17.361  416
17.367  416
17.372  409
17.377  409
17.383  409
17.389  409
17.396  409
17.401  409
17.406  409
17.41  409
17.416  416
17.421  416
17.426  409
17.435  409
17.442  409
17.449  409
17.453  409
17.457  409
17.464  416
17.469  416
17.474  409
17.479  409
17.485  409
17.489  409
17.494  409
17.5  409
17.505  416
17.51  416
17.517  409
17.521  409
17.526  409
17.533  409
17.537  409
17.542  416
17.549  416
17.553  409
17.559  409
17.565  409
17.569  409
17.574  409
17.582  409
17.586  409
17.591  416
17.597  416
17.602  409
17.609  409
17.614  409
17.618  409
17.625  409
17.634  409
17.639  409
17.644  416
17.649  416
17.655  409
17.66  409
17.665  409
17.67  409
17.675  409
17.679  409
17.686  409
17.69  409
17.695  416
17.701  416
17.706  409
17.711  409
17.719  409
17.723  409
17.728  416
17.738  409
17.747  409
17.751  409
17.756  409
17.761  416
17.77  416
17.776  416
17.782  409
17.787  409
17.792  409
17.801  409
17.805  416
17.811  416
17.817  409
17.822  409
17.827  409
17.832  409
17.837  409
17.841  416
17.847  416
17.851  409
17.857  409
17.861  409
17.868  409
17.873  409
17.879  409
17.884  416
17.89  416
17.895  409
17.906  409
17.912  409
17.918  416
17.923  409
17.928  409
17.936  409
17.941  409
17.945  409
17.952  409
17.957  409
17.961  416
17.97  416
17.975  409
17.98  409
17.985  409
17.99  409
17.995  416
18.001  416
18.006  409
18.014  409
18.019  409
18.025  409
18.031  409
18.036  416
18.042  409
18.049  409
18.055  409
18.061  409
18.068  409
18.073  416
18.08  416
18.085  409
18.092  409
18.097  409
18.101  409
18.11  409
18.117  409
18.121  409
18.125  416
18.132  416
18.137  409
18.142  409
18.147  409
18.152  409
18.158  409
18.162  416
18.168  416
18.173  409
18.178  409
18.184  409
18.189  409
18.194  409
18.2  409
18.204  416
18.209  416
18.216  409
18.22  409
18.225  409
18.23  409
18.235  409
18.239  409
18.244  409
18.252  409
18.259  416
18.266  409
18.27  409
18.276  409
18.28  409
18.285  409
18.29  409
18.296  416
18.302  416
18.307  409
18.312  409
18.317  409
18.322  409
18.327  409
18.332  409
18.336  409
18.341  416
18.347  416
18.352  409
18.358  409
18.365  409
18.372  409
18.377  409
18.382  409
18.387  409
18.393  416
18.399  416
18.405  409
18.409  409
18.415  409
18.42  409
18.425  409
18.429  409
18.435  409
18.439  409
18.445  416
18.451  416
18.455  409
18.461  409
18.467  409
18.471  409
18.476  409
18.483  416
18.489  416
18.496  409
18.505  409
18.512  409
18.517  409
18.522  409
18.527  409
18.531  416
18.536  416
18.541  409
18.547  409
18.552  409
18.557  409
18.561  409
18.569  409
18.577  409
18.582  409
18.588  416
18.593  409
18.601  409
18.607  409
18.616  409
18.622  416
18.627  409
18.636  409
18.641  409
18.647  409
18.652  416
18.659  416
18.666  409
18.672  409
18.676  409
18.682  409
18.688  409
18.693  416
18.702  416
18.707  409
18.714  409
18.72  409
18.725  409
18.732  409
18.738  416
18.744  409
18.751  409
18.759  409
18.768  409
18.775  409
18.782  416
18.788  409
18.795  409
18.806  409
18.813  416
18.821  409
18.828  409
18.834  416
18.844  416
18.851  409
18.857  409
18.865  416
18.871  416
18.876  409
18.883  409
18.89  409
18.896  416
18.905  416
18.912  409
18.921  409
18.93  409
18.936  409
18.941  416
18.949  409
18.954  409
18.96  409
18.972  409
18.978  409
18.984  409
18.989  409
18.995  409
19.001  409
19.006  409
19.015  416
19.02  416
19.027  409
19.038  409
19.045  409
19.05  409
19.055  416
19.061  416
19.067  409
19.075  409
19.08  409
19.086  416
19.091  416
19.099  409
19.105  409
19.11  409
19.117  409
19.122  409
19.126  409
19.131  416
19.137  416
19.142  409
19.148  409
19.153  409
19.158  409
19.165  416
19.172  416
19.18  409
19.191  409
19.199  409
19.204  409
19.211  416
19.219  409
19.228  409
19.24  409
19.249  409
19.255  416
19.264  409
19.269  409
19.274  409
19.28  409
19.285  409
19.308  409
19.312  416
19.319  409
19.326  409
19.331  409
19.335  416
19.34  416
19.345  409
19.35  409
19.356  409
19.36  409
19.365  409
19.37  409
19.375  416
19.381  416
19.386  409
19.393  409
19.399  409
19.404  409
19.408  409
19.413  416
19.419  416
19.423  409
19.428  409
19.435  409
19.44  409
19.444  409
19.45  409
19.456  416
19.461  416
19.467  409
19.472  409
19.477  409
19.482  409
19.487  409
19.492  409
19.502  409
19.509  416
19.516  409
19.522  409
19.528  409
19.533  416
19.539  416
19.544  409
19.55  409
19.554  409
19.56  409
19.565  409
19.57  409
19.575  416
19.581  416
19.587  409
19.592  409
19.597  409
19.602  409
19.607  409
19.611  416
19.62  416
19.627  409
19.633  409
19.639  409
19.644  409
19.65  409
19.655  409
19.659  409
19.666  416
19.672  416
19.677  409
19.684  409
19.689  409
19.693  416
19.7  416
19.705  409
19.71  409
19.717  409
19.721  409
19.727  409
19.734  416
19.739  416
19.744  409
19.751  409
19.755  409
19.761  409
19.768  409
19.774  409
19.78  416
19.786  409
19.792  409
19.797  409
19.801  416
19.807  416
19.812  409
19.819  409
19.824  409
19.829  409
19.836  409
19.842  409
19.848  409
19.854  416
19.859  416
19.865  409
19.871  409
19.875  409
19.88  409
19.886  416
19.891  416
19.898  409
19.905  409
19.91  409
19.919  409
19.924  409
19.93  409
19.936  416
19.941  416
19.947  409
19.954  409
19.959  409
19.966  409
19.971  409
19.982  416
19.989  409
19.995  409
20.001  409
20.007  416
20.015  409
20.02  409
20.027  409
20.032  409
20.038  409
20.044  416
20.051  416
20.057  409
20.064  409
20.069  409
20.075  409
20.082  409
20.089  416
20.095  409
20.1  409
20.107  409
20.112  409
20.118  409
20.126  416
20.133  416
20.141  409
20.149  409
20.157  409
20.165  409
20.172  409
20.179  416
20.187  409
20.193  409
20.199  409
20.207  409
20.217  409
20.222  409
20.23  416
20.238  409
20.248  409
20.252  409
20.258  409
20.264  416
20.269  416
20.28  409
20.286  409
20.291  409
20.297  409
20.304  416
20.311  416
20.317  409
20.323  409
20.328  409
20.335  409
20.339  409
20.344  409
20.35  409
20.357  416
20.361  416
20.367  409
20.372  409
20.377  409
20.383  416
20.389  416
20.397  409
20.404  409
20.409  409
20.416  409
20.421  409
20.429  416
20.435  416
20.44  409
20.452  409
20.46  409
20.466  416
20.471  416
20.477  409
20.483  409
20.491  409
20.498  409
20.503  409
20.51  409
20.518  416
20.526  416
20.532  409
20.539  409
20.547  416
20.553  416
20.558  409
20.563  409
20.573  409
20.581  416
20.588  409
20.596  409
20.603  409
20.61  409
20.618  416
20.623  416
20.63  409
20.64  409
20.647  409
20.653  416
20.681  409
20.689  409
20.697  416
20.703  409
20.71  409
20.717  416
20.726  416
20.732  409
20.739  409
20.743  416
20.75  416
20.759  409
20.766  409
20.774  409
20.784  416
20.791  409
20.8  409
20.809  409
20.817  416
20.823  409
20.831  409
20.837  416
20.842  416
20.85  409
20.859  409
20.865  409
20.871  416
20.881  409
20.886  409
20.894  409
20.9  416
20.907  409
20.917  409
20.925  409
20.931  416
20.937  409
20.947  409
20.952  409
20.958  416
20.965  409
20.976  409
20.982  409
20.987  416
20.993  409
21.001  409
21.009  409
21.016  416
21.022  416
21.03  409
21.036  409
21.041  409
21.047  409
21.053  409
21.057  416
21.066  409
21.072  409
21.077  409
21.085  416
21.091  416
21.1  409
21.109  409
21.119  409
21.126  409
21.135  416
21.143  409
21.15  409
21.155  416
21.161  416
21.166  409
21.171  409
21.177  409
21.185  409
21.19  409
21.197  409
21.202  409
21.208  416
21.214  409
21.22  409
21.226  409
21.231  409
21.237  416
21.243  416
21.25  409
21.256  409
21.265  409
21.27  409
21.276  416
21.284  416
21.289  409
21.295  409
21.3  409
21.305  409
21.31  409
21.316  416
21.323  416
21.329  409
21.334  409
21.339  409
21.344  416
21.35  416
21.357  409
21.364  409
21.37  409
21.378  416
21.386  416
21.391  409
21.397  409
21.401  409
21.407  416
21.415  409
21.42  409
21.425  409
21.432  409
21.439  409
21.447  416
21.453  416
21.458  409
21.466  409
21.471  409
21.476  409
21.484  416
21.49  416
21.497  409
21.503  409
21.509  409
21.517  416
21.522  416
21.527  409
21.535  409
21.542  409
21.549  416
21.554  409
21.562  409
21.568  409
21.576  416
21.584  416
21.591  409
21.599  409
21.604  409
21.609  416
21.618  409
21.626  409
21.635  409
21.64  409
21.645  416
21.651  416
21.656  409
21.661  409
21.668  409
21.674  409
21.68  416
21.686  409
21.692  409
21.701  409
21.709  416
21.717  409
21.723  409
21.727  409
21.734  416
21.739  416
21.745  409
21.763  409
21.769  409
21.776  409
21.783  409
21.789  409
21.796  409
21.802  409
21.807  416
21.815  409
21.82  409
21.826  409
21.831  409
21.836  416
21.842  409
21.849  409
21.856  409
21.86  409
21.867  416
21.872  416
21.877  409
21.885  409
21.89  409
21.898  416
21.905  416
21.911  409
21.923  409
21.931  409
21.936  409
21.941  409
21.948  409
21.954  409
21.959  416
21.969  409
21.98  409
21.986  409
21.993  416
22  409
22.008  409
22.014  409
22.019  416
22.027  409
22.033  409
22.04  409
22.049  416
22.06  416
22.068  409
22.076  409
22.084  416
22.089  409
22.094  409
22.101  409
22.107  416
22.115  416
22.123  409
22.133  409
22.139  416
22.145  409
22.152  409
22.157  409
22.166  416
22.174  416
22.182  409
22.189  409
22.197  416
22.203  416
22.208  409
22.216  416
22.222  416
22.23  409
22.235  409
22.241  409
22.249  416
22.258  416
22.265  409
22.27  416
22.275  409
22.281  409
22.287  409
22.292  416
22.3  416
22.309  409
22.319  409
22.327  409
22.334  416
22.339  409
22.344  409
22.351  409
22.358  379
22.368  290
22.374  290
22.38  208
22.386  148
22.391  148
22.398  104
22.406  74
22.417  74
22.425  52
22.431  37
22.436  14
22.442  14
22.45  0
22.458  0
22.47  0
22.476  7
22.482  0
22.489  0
22.494  0
22.501  0
22.507  0
22.516  0
22.521  0
22.525  0
22.532  0
22.541  0
22.549  0
22.555  0
22.564  0
22.572  0
22.582  0
22.591  0
22.6  0
22.609  0
22.618  0
22.629  0
22.634  0
22.645  0
22.653  0
22.661  0
22.67  0
22.677  0
22.686  0
22.691  0
22.697  0
22.703  0
22.71  0
22.721  0
22.727  0
22.734  0
22.74  0
22.745  0
22.752  0
22.757  0
22.764  0
22.771  0
22.777  0
22.785  0
22.79  0
22.798  0
22.805  0
22.811  0
22.818  0
22.829  0
22.835  0
22.844  0
22.851  0
22.859  0
22.867  0
22.877  0
22.884  0
22.889  0
22.896  0
22.902  0
22.909  0
22.92  0
22.928  0
22.937  0
22.942  0
22.948  0
22.958  0
22.963  0
22.969  0
22.976  0
22.984  0
22.99  0
22.995  0
23.002  0
23.007  0
23.013  0
23.02  0
23.026  0
23.031  0
23.036  0
23.045  0
23.052  0
23.057  0
23.066  0
23.07  0
23.076  0
23.083  0
23.091  0
23.099  0
23.104  0
23.11  0
23.118  0
23.127  0
23.135  0
23.144  0
23.15  0
23.158  0
23.167  0
23.173  0
23.183  0
23.19  0
23.195  0
23.203  0
23.212  0
23.218  0
23.224  0
23.228  0
23.235  0
23.241  0
23.253  0
23.261  0
23.268  0
23.274  0
23.283  0
23.291  0
23.3  0
23.309  0
23.316  0
23.321  0
23.328  0
23.337  0
23.342  0
23.348  0
23.353  0
23.361  0
23.368  0
23.373  0
23.378  0
23.387  0
23.395  0
23.401  0
23.409  0
23.42  0
23.428  0
23.435  0
23.443  0
23.45  0
23.456  0
23.465  0
23.47  0
23.476  0
23.483  0
23.487  0
23.492  0
23.5  0
23.507  0
23.517  0
23.522  0
23.527  0
23.533  0
23.541  0
23.549  0
23.554  0
23.56  0
23.567  0
