5.509  0
5.516  0
5.524  0
5.53  0
5.535  0
5.543  0
5.547  0
5.551  0
5.555  0
5.56  0
5.568  0
5.573  0
5.578  0
5.582  0
5.585  0
5.591  0
5.595  0
5.599  0
5.604  0
5.61  0
5.614  0
5.619  0
5.624  0
5.63  0
5.636  0
5.64  0
5.645  0
5.651  0
5.655  0
5.661  0
5.665  0
5.669  0
5.673  0
5.678  0
5.684  0
5.69  0
5.695  0
5.7  0
5.703  0
5.709  0
5.714  0
5.718  0
5.724  0
5.729  0
5.733  0
5.737  0
5.743  0
5.748  0
5.752  0
5.757  0
5.761  0
5.765  0
5.77  0
5.775  0
5.78  0
5.786  0
5.795  0
5.815  0
5.828  0
5.833  0
5.838  0
5.843  0
5.847  0
5.855  0
5.861  0
5.868  0
5.878  0
5.884  0
5.89  0
5.903  0
5.912  0
5.917  0
5.922  0
5.927  0
5.933  0
5.939  0
5.944  0
5.949  0
5.954  0
5.959  0
5.963  0
5.966  0
5.97  0
5.975  0
5.979  0
5.983  0
5.986  0
5.991  0
5.996  0
6.001  0
6.007  0
6.012  0
6.017  0
6.02  0
6.025  0
6.03  0
6.034  0
6.039  0
6.044  0
6.048  0
6.051  0
6.056  0
6.061  0
6.064  0
6.068  0
6.072  0
6.08  0
6.083  0
6.087  0
6.093  0
6.097  0
6.1  0
6.105  0
6.109  0
6.113  0
6.116  0
6.121  0
6.126  0
6.13  0
6.133  0
6.137  0
6.144  0
6.149  0
6.155  0
6.159  0
6.162  0
6.166  0
6.17  0
6.174  0
6.177  0
6.182  0
6.185  0
6.191  0
6.194  0
6.199  0
6.202  0
6.207  0
6.212  0
6.216  0
6.22  0
6.224  0
6.228  0
6.232  0
6.236  0
6.241  0
6.245  0
6.249  0
6.255  0
6.261  0
6.266  0
6.271  0
6.276  0
6.28  0
6.284  0
6.288  0
6.294  0
6.297  0
6.301  0
6.305  0
6.31  0
6.313  0
6.317  0
6.32  0
6.325  0
6.328  0
6.332  0
6.336  0
6.341  0
6.345  0
6.352  0
6.361  0
6.365  0
6.368  0
6.372  0
6.376  0
6.38  0
6.384  0
6.388  0
6.392  0
6.396  0
6.4  0
6.404  0
6.408  0
6.412  0
6.417  0
6.421  0
6.426  0
6.43  0
6.434  0
6.438  0
6.443  0
6.448  0
6.451  0
6.456  0
6.46  0
6.463  0
6.467  0
6.47  0
6.475  0
6.479  0
6.483  0
6.486  0
6.492  0
6.498  0
6.503  0
6.509  0
6.513  0
6.516  0
6.52  0
6.526  0
6.531  0
6.535  0
6.546  0
6.553  0
6.56  0
6.564  0
6.57  0
6.579  0
6.584  0
6.591  0
6.595  0
6.599  0
6.604  0
6.612  0
6.617  0
6.622  0
6.627  0
6.631  0
6.635  0
6.642  0
6.645  0
6.649  0
6.654  0
6.66  0
6.664  0
6.668  0
6.673  0
6.678  0
6.683  0
6.686  0
6.693  0
6.698  0
6.702  0
6.706  0
6.712  0
6.716  0
6.72  0
6.725  0
6.73  0
6.734  0
6.741  0
6.745  0
6.75  0
6.754  0
6.761  0
6.765  0
6.77  0
6.775  0
6.779  0
6.784  0
6.791  0
6.795  0
6.798  0
6.803  0
6.808  0
6.812  0
6.816  0
6.822  0
6.827  0
6.831  0
6.835  0
6.841  0
6.845  0
6.849  0
6.853  0
6.858  0
6.862  0
6.866  0
6.87  0
6.875  0
6.881  0
6.887  0
6.892  0
6.895  0
6.899  0
6.904  0
6.909  0
6.912  0
6.917  0
6.92  0
6.925  0
6.931  0
6.938  0
6.943  0
6.947  0
6.953  0
6.961  0
6.965  0
6.969  0
6.977  0
6.984  0
6.991  0
6.997  0
7.006  0
7.014  0
7.019  0
7.025  0
7.028  0
7.034  0
7.044  0
7.052  0
7.057  0
7.062  0
7.068  0
7.082  0
7.088  0
7.099  0
7.106  0
7.112  0
7.118  0
7.127  0
7.133  0
7.141  0
7.149  0
7.156  0
7.162  0
7.171  0
7.179  0
7.184  0
7.19  0
7.195  0
7.203  0
7.209  0
7.214  0
7.218  0
7.224  0
7.231  0
7.234  0
7.241  0
7.245  0
7.248  0
7.252  0
7.258  0
7.262  0
7.268  0
7.277  0
7.282  0
7.287  0
7.292  0
7.299  0
7.307  0
7.312  0
7.316  0
7.324  0
7.33  0
7.336  0
7.341  0
7.347  0
7.362  0
7.366  0
7.371  0
7.375  0
7.381  0
7.385  0
7.39  29
7.395  29
7.401  74
7.407  74
7.413  111
7.417  133
7.422  133
7.429  163
7.434  163
7.441  178
7.446  178
7.45  193
7.454  193
7.462  200
7.469  200
7.475  208
7.481  215
7.49  215
7.496  223
7.502  223
7.509  223
7.514  230
7.521  230
7.527  230
7.531  230
7.535  230
7.541  230
7.546  230
7.554  238
7.564  238
7.567  238
7.572  238
7.577  238
7.583  238
7.59  238
7.597  238
7.603  238
7.607  238
7.612  238
7.616  238
7.62  238
7.625  238
7.63  238
7.635  238
7.642  238
7.647  238
7.653  238
7.658  238
7.664  238
7.669  245
7.676  245
7.681  238
7.687  238
7.693  238
7.698  238
7.703  238
7.711  245
7.716  245
7.723  238
7.73  238
7.735  238
7.745  238
7.751  238
7.758  245
7.763  238
7.768  238
7.774  238
7.779  245
7.784  245
7.788  238
7.795  238
7.8  238
7.807  238
7.812  238
7.815  245
7.82  245
7.825  245
7.829  238
7.833  238
7.837  238
7.842  238
7.847  245
7.851  245
7.855  245
7.859  238
7.864  238
7.867  238
7.871  238
7.877  238
7.881  238
7.886  245
7.892  245
7.896  245
7.9  238
7.904  238
7.91  245
7.914  245
7.918  238
7.923  238
7.928  238
7.932  238
7.936  238
7.942  238
7.947  238
7.953  245
7.959  238
7.964  238
7.968  238
7.974  238
7.978  245
7.983  245
7.99  238
7.995  238
7.999  238
8.004  238
8.01  238
8.015  238
8.022  245
8.03  245
8.035  238
8.041  238
8.046  238
8.05  245
8.056  245
8.061  238
8.067  238
8.072  238
8.077  245
8.082  245
8.086  238
8.091  238
8.095  238
8.099  238
8.103  238
8.107  245
8.112  245
8.116  238
8.121  238
8.126  238
8.13  238
8.133  238
8.137  238
8.143  238
8.147  245
8.151  245
8.157  238
8.165  238
8.172  238
8.177  238
8.182  245
8.187  238
8.195  238
8.199  238
8.205  238
8.212  245
8.216  245
8.229  238
8.241  238
8.245  245
8.25  238
8.255  238
8.26  238
8.263  238
8.267  238
8.272  238
8.276  245
8.28  245
8.285  245
8.291  238
8.296  238
8.301  238
8.305  238
8.31  245
8.314  245
8.318  238
8.324  238
8.328  238
8.333  238
8.337  245
8.342  245
8.347  238
8.352  238
8.357  238
8.361  238
8.366  245
8.37  245
8.376  245
8.38  238
8.384  238
8.389  238
8.394  238
8.398  238
8.404  238
8.409  245
8.413  245
8.417  238
8.423  238
8.427  238
8.431  238
8.435  245
8.445  245
8.451  245
8.457  238
8.462  238
8.466  238
8.47  238
8.475  238
8.481  245
8.49  245
8.495  238
8.5  238
8.504  238
8.509  245
8.513  245
8.517  238
8.523  238
8.527  238
8.532  238
8.536  238
8.542  238
8.546  245
8.55  245
8.555  245
8.559  238
8.565  238
8.569  238
8.575  238
8.58  245
8.585  245
8.591  238
8.597  238
8.601  238
8.606  245
8.612  245
8.616  245
8.622  238
8.628  238
8.633  238
8.638  245
8.644  245
8.648  238
8.652  238
8.659  238
8.664  238
8.668  238
8.674  238
8.679  245
8.685  245
8.695  238
8.701  238
8.707  245
8.712  238
8.717  238
8.722  238
8.726  238
8.73  238
8.734  245
8.739  245
8.743  245
8.747  238
8.753  238
8.758  238
8.762  238
8.765  245
8.77  245
8.775  245
8.778  238
8.784  238
8.79  238
8.797  238
8.803  238
8.808  245
8.817  245
8.822  238
8.828  238
8.832  238
8.836  245
8.841  245
8.846  245
8.849  238
8.853  238
8.859  238
8.863  238
8.867  245
8.872  245
8.878  238
8.884  238
8.889  238
8.894  238
8.898  245
8.902  245
8.908  238
8.913  238
8.917  238
8.92  238
8.925  238
8.929  238
8.933  238
8.937  245
8.943  245
8.947  238
8.952  238
8.958  238
8.962  238
8.966  245
8.971  245
8.975  245
8.979  238
8.983  238
8.987  238
8.992  238
8.996  245
9.001  245
9.005  245
9.01  238
9.014  238
9.019  238
9.024  238
9.028  238
9.033  238
9.037  245
9.043  245
9.047  238
9.052  238
9.056  238
9.062  238
9.065  238
9.069  238
9.074  238
9.079  245
9.084  245
9.091  238
9.098  238
9.104  238
9.109  245
9.115  245
9.121  238
9.126  238
9.132  238
9.137  238
9.143  238
9.148  245
9.156  245
9.162  238
9.167  238
9.172  238
9.176  245
9.183  245
9.188  238
9.193  238
9.199  238
9.203  238
9.207  238
9.213  238
9.22  238
9.225  238
9.231  245
9.238  245
9.243  238
9.249  238
9.255  238
9.26  245
9.265  245
9.269  238
9.275  238
9.28  238
9.284  238
9.288  238
9.294  238
9.297  245
9.301  245
9.306  238
9.312  238
9.316  238
9.32  238
9.327  238
9.331  245
9.335  238
9.342  238
9.346  238
9.35  238
9.355  238
9.363  238
9.369  238
9.374  238
9.378  245
9.382  245
9.386  238
9.392  238
9.396  238
9.4  238
9.404  238
9.409  245
9.414  245
9.418  238
9.424  238
9.428  238
9.433  238
9.437  238
9.442  238
9.446  245
9.45  245
9.455  245
9.46  238
9.465  238
9.468  238
9.476  238
9.481  238
9.485  238
9.49  245
9.496  245
9.5  238
9.504  238
9.51  238
9.515  238
9.518  238
9.523  238
9.528  245
9.533  245
9.538  238
9.545  238
9.55  238
9.556  238
9.562  238
9.567  238
9.572  245
9.578  238
9.583  238
9.587  238
9.593  238
9.598  238
9.603  238
9.609  245
9.615  245
9.625  238
9.631  238
9.635  238
9.64  245
9.646  245
9.651  238
9.657  238
9.662  238
9.671  238
9.676  238
9.681  238
9.685  245
9.691  245
9.697  245
9.701  238
9.707  238
9.712  238
9.716  245
9.722  245
9.727  245
9.732  238
9.737  238
9.746  238
9.75  238
9.755  238
9.761  245
9.766  245
9.769  238
9.777  238
9.783  238
9.79  238
9.794  238
9.8  245
9.807  245
9.812  238
9.817  238
9.824  238
9.83  238
9.834  238
9.841  245
9.847  245
9.854  238
9.864  238
9.874  238
9.879  245
9.886  238
9.893  238
9.899  238
9.904  238
9.908  245
9.915  245
9.922  238
9.926  238
9.931  238
9.935  238
9.939  238
9.945  238
9.949  245
9.954  245
9.959  238
9.965  238
9.969  238
9.974  238
9.978  238
9.982  238
9.986  245
9.992  245
9.996  245
10  238
10.005  238
10.012  238
10.016  238
10.024  245
10.031  245
10.034  238
10.041  238
10.046  238
10.05  238
10.053  238
10.06  245
10.064  245
10.068  238
10.074  238
10.079  238
10.083  238
10.087  238
10.094  238
10.1  245
10.106  245
10.11  238
10.114  238
10.119  238
10.125  238
10.129  238
10.133  238
10.138  245
10.143  245
10.147  238
10.153  238
10.158  238
10.163  238
10.168  245
10.173  245
10.178  238
10.183  238
10.187  238
10.194  238
10.198  238
10.202  238
10.207  245
10.212  245
10.216  238
10.22  238
10.226  238
10.23  238
10.234  238
10.239  238
10.246  238
10.249  245
10.254  245
10.259  238
10.264  238
10.268  238
10.272  238
10.277  238
10.281  238
10.286  245
10.296  245
10.301  245
10.305  238
10.311  238
10.314  238
10.318  245
10.325  245
10.33  238
10.335  238
10.343  238
10.347  238
10.352  238
10.357  245
10.363  245
10.367  238
10.372  238
10.377  238
10.381  238
10.385  238
10.39  238
10.395  238
10.4  245
10.406  245
10.411  238
10.416  238
10.422  238
10.43  238
10.442  238
10.451  245
10.46  238
10.467  238
10.475  245
10.481  238
10.488  238
10.501  238
10.508  238
10.516  245
10.527  238
10.535  238
10.545  245
10.552  245
10.564  238
10.579  238
10.585  238
10.592  245
10.601  245
10.608  238
10.615  245
10.622  238
10.629  238
10.635  238
10.642  238
10.648  238
10.657  245
10.664  238
10.671  238
10.68  238
10.686  238
10.695  245
10.701  245
10.708  238
10.716  238
10.723  238
10.729  238
10.735  245
10.746  238
10.759  238
10.767  238
10.778  238
10.784  238
10.796  238
10.803  238
10.809  245
10.815  238
10.823  238
10.829  238
10.835  245
10.846  238
10.852  238
10.858  238
10.865  238
10.871  238
10.879  238
10.885  245
10.892  238
10.899  238
10.905  238
10.912  245
10.917  245
10.925  238
10.932  238
10.939  238
10.945  238
10.95  245
10.955  245
10.964  238
10.975  238
10.98  238
10.987  245
10.994  238
11  238
11.008  238
11.013  238
11.017  238
11.032  238
11.039  245
11.045  238
11.053  238
11.062  238
11.07  245
11.078  238
11.085  238
11.093  238
11.099  238
11.106  245
11.112  238
11.117  238
11.121  238
11.126  245
11.131  245
11.135  245
11.139  238
11.147  238
11.153  238
11.159  238
11.163  238
11.169  245
11.176  245
11.182  238
11.189  238
11.194  238
11.198  245
11.203  245
11.21  238
11.216  238
11.223  238
11.228  238
11.234  238
11.241  245
11.246  245
11.252  238
11.26  238
11.264  238
11.27  238
11.276  238
11.283  245
11.289  245
11.295  238
11.301  238
11.307  238
11.312  238
11.317  245
11.323  245
11.329  238
11.334  238
11.337  238
11.343  238
11.347  245
11.351  245
11.356  238
11.363  238
11.368  238
11.374  238
11.378  238
11.383  238
11.387  245
11.394  245
11.398  238
11.403  238
11.409  238
11.413  238
11.417  245
11.424  245
11.429  238
11.434  238
11.439  238
11.444  238
11.448  238
11.453  238
11.458  245
11.462  245
11.466  238
11.472  238
11.477  238
11.481  238
11.486  238
11.495  238
11.501  238
11.509  245
11.517  238
11.525  238
11.534  238
11.54  238
11.544  245
11.55  238
11.557  238
11.562  238
11.568  245
11.573  245
11.579  238
11.585  238
11.59  238
11.595  238
11.599  238
11.604  238
11.61  245
11.615  245
11.619  238
11.625  238
11.63  238
11.635  238
11.641  245
11.646  245
11.649  238
11.656  238
11.661  238
11.664  238
11.668  238
11.674  238
11.678  245
11.684  245
11.689  238
11.696  238
11.704  238
11.709  238
11.713  238
11.717  245
11.722  245
11.727  238
11.733  238
11.738  238
11.744  238
11.749  238
11.753  238
11.76  245
11.766  245
11.77  238
11.777  238
11.782  238
11.786  245
11.793  245
11.801  245
11.805  238
11.812  238
11.816  238
11.819  238
11.826  238
11.831  245
11.836  245
11.841  238
11.845  238
11.85  238
11.854  238
11.861  245
11.869  245
11.874  238
11.879  238
11.884  238
11.892  238
11.898  238
11.902  245
11.908  245
11.912  238
11.917  238
11.92  238
11.926  238
11.93  238
11.935  238
11.94  245
11.945  245
11.95  238
11.956  238
11.96  238
11.964  238
11.968  238
11.973  238
11.978  245
11.983  245
11.987  238
11.993  238
11.997  238
12.001  238
12.007  245
12.015  245
12.023  238
12.029  238
12.034  238
12.04  238
12.044  238
12.048  245
12.054  245
12.06  238
12.064  238
12.069  238
12.074  238
12.078  245
12.083  245
12.089  238
12.094  238
12.099  238
12.104  238
12.109  238
12.116  238
12.122  245
12.127  245
12.132  238
12.136  238
12.142  238
12.147  238
12.151  245
12.157  245
12.163  238
12.175  238
12.181  238
12.187  238
12.192  245
12.197  238
12.204  238
12.21  238
12.214  238
12.22  245
12.227  245
12.231  238
12.239  238
12.246  238
12.252  238
12.257  238
12.262  245
12.269  238
12.276  238
12.282  238
12.291  238
12.295  238
12.301  245
12.308  245
12.312  238
12.318  238
12.326  238
12.33  238
12.334  238
12.339  245
12.344  245
12.349  238
12.353  238
12.358  245
12.364  245
12.374  238
12.381  238
12.386  238
12.391  238
12.396  238
12.4  245
12.405  245
12.411  238
12.416  238
12.42  238
12.425  238
12.429  238
12.434  238
12.44  245
12.447  245
12.452  238
12.458  238
12.463  238
12.467  238
12.471  238
12.478  245
12.484  245
12.491  238
12.498  238
12.503  238
12.509  245
12.516  245
12.521  238
12.527  238
12.532  238
12.536  238
12.543  238
12.548  238
12.555  245
12.562  238
12.568  238
12.574  238
12.578  245
12.584  245
12.59  238
12.6  238
12.605  238
12.612  238
12.617  238
12.625  245
12.635  245
12.641  238
12.645  238
12.649  245
12.654  245
12.66  238
12.665  238
12.668  238
12.673  238
12.678  238
12.682  238
12.686  245
12.693  245
12.697  245
12.701  238
12.707  238
12.712  238
12.717  245
12.722  245
12.727  238
12.732  238
12.736  238
12.741  238
12.746  238
12.75  238
12.754  238
12.759  245
12.764  245
12.768  238
12.775  238
12.779  238
12.783  238
12.787  238
12.793  238
12.797  245
12.802  245
12.811  238
12.816  238
12.821  238
12.828  238
12.835  245
12.842  238
12.847  238
12.851  238
12.857  245
12.862  245
12.867  245
12.871  238
12.898  238
12.902  238
12.907  238
12.911  238
12.915  238
12.919  238
12.924  238
12.928  238
12.933  238
12.936  245
12.943  245
12.947  245
12.952  238
12.958  238
12.962  238
12.966  238
12.971  238
12.976  238
12.98  245
12.984  245
12.989  238
12.995  238
12.999  238
13.005  238
13.01  245
13.015  245
13.023  238
13.031  238
13.036  238
13.042  238
13.046  238
13.052  245
13.058  245
13.062  238
13.067  238
13.072  238
13.078  238
13.083  238
13.087  245
13.093  245
13.098  238
13.103  238
13.11  238
13.115  238
13.119  238
13.124  238
13.13  245
13.134  245
13.141  238
13.146  238
13.15  238
13.154  238
13.161  245
13.165  245
13.172  238
13.179  238
13.183  238
13.187  238
13.194  238
13.197  238
13.203  245
13.209  238
13.214  238
13.218  238
13.224  238
13.229  245
13.236  245
13.242  238
13.247  238
13.253  238
13.259  238
13.263  238
13.268  245
13.274  245
13.278  238
13.283  238
13.288  238
13.294  238
13.299  245
13.306  245
13.31  238
13.316  238
13.321  238
13.326  238
13.331  238
13.335  238
13.341  245
13.346  245
13.351  238
13.356  238
13.362  238
13.366  238
13.37  238
13.376  238
13.381  245
13.386  245
13.394  238
13.398  238
13.403  238
13.409  238
13.414  238
13.418  245
13.424  245
13.429  238
13.433  238
13.437  238
13.444  238
13.448  245
13.455  245
13.461  238
13.467  238
13.473  238
13.478  238
13.482  238
13.487  245
13.494  245
13.498  238
13.51  238
13.515  238
13.519  245
13.526  245
13.532  238
13.539  238
13.543  238
13.548  238
13.554  238
13.56  238
13.565  238
13.574  245
13.58  245
13.585  238
13.592  238
13.598  238
13.603  245
13.61  238
13.616  238
13.62  238
13.627  238
13.632  238
13.636  238
13.644  238
13.649  238
13.654  245
13.664  238
13.674  238
13.678  238
13.683  245
13.687  238
13.696  238
13.703  238
13.708  238
13.713  238
13.719  245
13.726  245
13.73  238
13.735  238
13.74  238
13.745  238
13.752  238
13.759  238
13.766  245
13.775  238
13.781  238
13.786  238
13.792  238
13.796  238
13.801  245
13.806  245
13.811  238
13.816  238
13.822  238
13.827  238
13.834  238
13.843  245
13.85  245
13.857  238
13.863  238
13.869  238
13.878  238
13.884  245
13.893  238
13.898  238
13.907  238
13.913  245
13.917  245
13.924  238
13.93  238
13.939  238
13.943  238
13.947  238
13.952  238
13.958  245
13.963  245
13.968  238
13.976  238
13.982  238
13.989  238
13.994  245
13.999  238
14.005  238
14.011  238
14.016  238
14.021  238
14.029  238
14.034  245
14.042  238
14.048  238
14.053  238
14.06  238
14.066  238
14.071  245
14.078  245
14.083  238
14.091  238
14.096  238
14.101  238
14.107  238
14.112  245
14.117  238
14.125  238
14.131  238
14.136  238
14.142  238
14.146  238
14.151  245
14.158  245
14.163  238
14.171  238
14.178  238
14.183  238
14.188  245
14.193  245
14.197  238
14.203  238
14.208  238
14.212  238
14.216  238
14.222  238
14.227  238
14.231  245
14.236  238
14.243  238
14.266  238
14.27  238
14.275  245
14.28  238
14.285  238
14.29  238
14.295  238
14.299  245
14.304  245
14.311  238
14.316  238
14.32  238
14.325  238
14.33  238
14.334  238
14.338  238
14.344  238
14.349  245
14.354  245
14.36  238
14.366  238
14.372  238
14.378  238
14.382  245
14.389  238
14.396  238
14.401  238
14.408  238
14.414  238
14.42  238
14.427  238
14.433  245
14.443  238
14.447  238
14.452  238
14.458  238
14.462  238
14.467  245
14.475  245
14.48  238
14.486  238
14.491  238
14.497  238
14.503  238
14.508  238
14.513  245
14.519  238
14.525  238
14.531  238
14.535  238
14.542  238
14.55  238
14.555  245
14.561  238
14.566  238
14.573  238
14.578  238
14.584  238
14.588  245
14.594  245
14.599  238
14.604  238
14.61  238
14.617  238
14.625  238
14.63  238
14.634  245
14.645  238
14.653  238
14.659  238
14.664  238
14.669  245
14.676  245
14.68  238
14.685  238
14.691  238
14.695  238
14.7  245
14.706  245
14.713  238
14.718  238
14.724  238
14.729  238
14.733  238
14.738  238
14.744  238
14.75  245
14.755  245
14.761  238
14.767  238
14.773  238
14.778  245
14.784  245
14.791  238
14.798  238
14.805  238
14.812  238
14.816  238
14.82  245
14.827  245
14.832  238
14.837  238
14.843  238
14.848  238
14.852  238
14.857  245
14.863  245
14.868  238
14.876  238
14.88  238
14.885  238
14.891  238
14.897  238
14.904  238
14.911  238
14.917  245
14.924  238
14.929  238
14.934  238
14.941  245
14.946  245
14.951  238
14.958  238
14.963  238
14.968  238
14.975  238
14.98  245
14.985  245
14.991  238
14.997  238
15.002  238
15.008  238
15.013  238
15.018  245
15.026  245
15.031  238
15.036  238
15.044  238
15.049  238
15.053  238
15.059  245
15.065  245
15.07  238
15.077  238
15.082  238
15.086  238
15.092  238
15.097  238
15.102  245
15.109  238
15.115  238
15.119  238
15.125  238
15.129  238
15.133  238
15.138  245
15.147  245
15.153  238
15.16  238
15.164  238
15.175  238
15.184  238
15.191  245
15.195  238
15.201  238
15.206  238
15.21  238
15.214  238
15.219  238
15.224  238
15.228  245
15.235  245
15.24  238
15.245  238
15.249  238
15.254  238
15.259  245
15.264  245
15.269  238
15.277  238
15.282  238
15.286  238
15.293  238
15.298  238
15.302  238
15.307  245
15.312  245
15.317  238
15.322  238
15.328  238
15.333  238
15.337  245
15.344  245
15.349  238
15.354  238
15.36  238
15.364  238
15.369  238
15.377  238
15.385  238
15.391  245
15.396  245
15.4  238
15.409  238
15.415  238
15.419  238
15.427  238
15.436  245
15.445  238
15.451  238
15.458  238
15.462  238
15.467  245
15.474  245
15.479  238
15.487  238
15.597  238
15.604  238
15.612  238
15.618  238
15.624  238
15.631  238
15.649  238
15.659  245
15.666  238
15.676  238
15.681  238
15.686  245
15.693  238
15.697  238
15.702  238
15.707  238
15.712  238
15.716  245
15.722  245
15.727  245
15.732  238
15.737  238
15.743  238
15.747  238
15.752  238
15.757  245
15.762  245
15.768  245
15.773  238
15.779  238
15.785  238
15.792  238
15.796  238
15.801  245
15.806  245
15.812  238
15.816  238
15.82  238
15.826  238
15.83  238
15.835  238
15.844  245
15.85  245
15.854  238
15.86  238
15.864  238
15.869  238
15.875  238
15.879  238
15.883  238
15.889  245
15.896  245
15.9  238
15.905  238
15.911  238
15.916  238
15.92  245
15.926  245
15.93  238
15.936  238
15.941  238
15.946  238
15.952  238
15.958  238
15.963  238
15.967  245
15.973  245
15.977  238
15.983  238
15.987  238
15.993  238
15.998  245
16.003  245
16.009  238
16.014  238
16.019  238
16.024  238
16.031  238
16.036  238
16.044  238
16.049  238
16.054  245
16.061  238
16.066  238
16.07  238
16.076  238
16.08  238
16.084  238
16.09  245
16.096  245
16.101  238
16.107  238
16.111  238
16.116  238
16.121  238
16.127  238
16.131  238
16.136  245
16.143  245
16.147  245
16.152  238
16.158  238
16.162  238
16.167  238
16.173  238
16.178  245
16.183  245
16.188  238
16.194  238
16.199  238
16.203  238
16.212  238
16.219  238
16.225  238
16.23  245
16.235  245
16.239  238
16.245  238
16.249  238
16.254  238
16.259  238
16.264  238
16.268  245
16.274  245
16.279  238
16.284  238
16.288  238
16.294  238
16.299  238
16.307  238
16.317  245
16.324  238
16.329  238
16.333  238
16.338  238
16.344  238
16.348  245
16.353  245
16.358  238
16.363  238
16.368  238
16.375  238
16.379  238
16.384  238
16.389  238
16.395  238
16.4  245
16.408  245
16.413  238
16.419  238
16.425  238
16.43  245
16.437  245
16.446  238
16.452  238
16.458  238
16.463  238
16.468  238
16.473  238
16.478  245
16.484  245
16.489  238
16.496  238
16.5  238
16.505  238
16.514  245
16.52  245
16.526  238
16.531  238
16.536  238
16.541  238
16.546  238
16.55  238
16.554  238
16.56  245
16.565  245
16.57  238
16.578  238
16.582  238
16.586  238
16.594  238
16.598  238
16.603  245
16.611  238
16.618  238
16.625  238
16.629  238
16.634  238
16.64  245
16.646  245
16.652  238
16.658  238
16.663  238
16.668  238
16.675  238
16.679  245
16.684  245
16.69  238
16.695  238
16.701  238
16.706  238
16.712  238
16.716  238
16.72  238
16.725  238
16.73  245
16.735  245
16.741  238
16.746  238
16.751  238
16.756  238
16.761  245
16.768  245
16.778  238
16.782  238
16.787  238
16.793  238
16.798  238
16.802  238
16.807  245
16.813  245
16.817  238
16.823  238
16.828  238
16.834  238
16.84  238
16.845  238
16.85  245
16.856  245
16.864  238
16.873  238
16.879  238
16.884  238
16.89  245
16.895  245
16.9  238
16.906  238
16.912  238
16.917  238
16.921  238
16.927  238
16.932  245
16.937  245
16.943  238
16.948  238
16.954  238
16.959  238
16.981  238
16.985  238
16.99  238
16.995  238
17  238
17.005  238
17.012  245
17.016  245
17.021  238
17.028  238
17.033  238
17.037  238
17.044  238
17.049  238
17.053  238
17.059  245
17.064  245
17.068  238
17.075  238
17.079  238
17.084  238
17.089  238
17.095  238
17.099  245
17.108  245
17.112  238
17.117  238
17.123  238
17.127  238
17.132  238
17.136  245
17.142  245
17.147  245
17.153  238
17.158  238
17.162  238
17.169  238
17.177  238
17.183  238
17.187  245
17.193  245
17.198  238
17.203  238
17.208  238
17.213  238
17.217  238
17.222  238
17.228  238
17.233  238
17.237  245
17.243  245
17.248  245
17.252  238
17.258  238
17.263  238
17.267  245
17.273  245
17.28  238
17.285  238
17.293  238
17.298  238
17.303  238
17.308  238
17.313  238
17.317  245
17.324  245
17.329  245
17.333  238
17.337  238
17.344  238
17.349  238
17.356  238
17.361  245
17.366  245
17.373  238
17.379  238
17.384  238
17.389  238
17.395  238
17.399  238
17.403  238
17.41  238
17.415  238
17.419  245
17.426  245
17.432  238
17.437  238
17.446  238
17.453  238
17.459  238
17.464  245
17.468  238
17.475  238
17.48  238
17.484  238
17.489  238
17.496  238
17.5  245
17.507  245
17.513  238
17.517  238
17.523  238
17.529  238
17.534  238
17.539  238
17.546  238
17.55  245
17.558  245
17.563  238
17.569  238
17.575  238
17.579  238
17.584  238
17.589  238
17.594  238
17.598  245
17.603  245
17.609  238
17.615  238
17.62  238
17.625  238
17.63  238
17.636  238
17.641  245
17.647  245
17.653  238
17.66  238
17.665  238
17.669  238
17.674  238
17.679  238
17.683  238
17.688  245
17.694  245
17.699  238
17.703  238
17.71  238
17.715  238
17.719  238
17.725  238
17.729  245
17.734  245
17.739  238
17.745  238
17.749  238
17.754  238
17.76  238
17.764  238
17.768  238
17.775  238
17.782  245
17.789  245
17.795  238
17.8  238
17.804  238
17.81  238
17.814  238
17.819  245
17.824  245
17.829  238
17.835  238
17.84  238
17.846  238
17.85  238
17.854  238
17.86  238
17.865  238
17.869  245
17.875  245
17.88  238
17.886  238
17.891  238
17.896  238
17.902  238
17.911  238
17.916  238
17.92  245
17.926  245
17.931  238
17.935  238
17.941  238
17.946  238
17.951  238
17.956  238
17.962  238
17.967  238
17.973  245
17.979  238
17.984  238
17.99  238
17.995  238
17.999  238
18.004  238
18.011  245
18.015  245
18.02  238
18.026  238
18.031  238
18.035  238
18.041  238
18.045  238
18.053  238
18.058  238
18.062  245
18.068  238
18.075  238
18.079  238
18.084  238
18.088  238
18.094  238
18.099  245
18.104  245
18.112  238
18.121  238
18.127  238
18.133  238
18.138  238
18.143  238
18.149  245
18.154  245
18.161  238
18.165  238
18.17  238
18.177  238
18.182  238
18.186  245
18.192  245
18.197  245
18.202  238
18.208  238
18.213  238
18.217  238
18.223  238
18.228  245
18.234  245
18.242  238
18.247  238
18.252  238
18.256  238
18.261  238
18.265  238
18.271  245
18.277  245
18.282  238
18.287  238
18.293  238
18.299  238
18.306  238
18.313  238
18.319  238
18.324  245
18.331  238
18.338  238
18.344  238
18.35  245
18.356  245
18.362  238
18.368  238
18.375  238
18.381  238
18.385  238
18.392  238
18.397  238
18.402  245
18.408  238
18.414  238
18.419  238
18.424  238
18.43  238
18.435  238
18.44  245
18.447  245
18.452  238
18.459  238
18.463  238
18.467  238
18.473  238
18.478  245
18.482  245
18.487  238
18.494  238
18.499  238
18.503  238
18.509  238
18.513  238
18.518  245
18.525  245
18.529  238
18.534  238
18.541  238
18.545  238
18.55  238
18.555  238
18.561  245
18.565  245
18.57  238
18.577  238
18.586  238
18.591  238
18.596  238
18.6  245
18.605  245
18.611  238
18.617  238
18.621  238
18.627  238
18.631  238
18.636  238
18.642  245
18.647  245
18.652  238
18.657  238
18.663  238
18.668  245
18.674  245
18.679  238
18.683  238
18.691  238
18.695  238
18.7  238
18.704  238
18.71  238
18.715  238
18.719  245
18.726  245
18.73  238
18.735  238
18.741  238
18.746  238
18.751  238
18.756  238
18.761  245
18.766  245
18.772  238
18.777  238
18.783  238
18.792  238
18.797  238
18.803  245
18.808  238
18.814  238
18.818  238
18.824  238
18.829  238
18.834  238
18.839  245
18.845  245
18.85  238
18.855  238
18.861  238
18.867  238
18.871  238
18.88  238
18.885  245
18.89  238
18.897  238
18.902  238
18.907  238
18.912  245
18.917  245
18.922  238
18.928  238
18.933  238
18.937  238
18.943  238
18.947  238
18.952  238
18.958  245
18.963  245
18.968  238
18.976  238
18.98  238
18.985  238
18.992  245
18.997  245
19.002  238
19.008  238
19.013  238
19.019  238
19.025  238
19.03  238
19.034  238
19.041  245
19.049  245
19.057  238
19.063  238
19.068  245
19.074  245
19.079  238
19.084  238
19.089  238
19.095  238
19.1  238
19.104  238
19.111  238
19.115  238
19.12  245
19.127  245
19.131  238
19.136  238
19.143  238
19.147  238
19.152  245
19.158  238
19.164  238
19.17  238
19.176  238
19.181  238
19.186  238
19.193  245
19.199  245
19.204  238
19.211  238
19.215  238
19.221  238
19.226  238
19.23  245
19.236  245
19.241  238
19.247  238
19.253  238
19.262  238
19.267  238
19.271  245
19.279  245
19.285  238
19.292  238
19.297  238
19.302  245
19.307  245
19.315  238
19.323  238
19.328  238
19.333  238
19.338  245
19.345  245
19.35  238
19.355  238
19.361  238
19.365  238
19.37  245
19.378  245
19.382  238
19.387  238
19.393  238
19.397  238
19.403  238
19.409  238
19.413  238
19.418  245
19.425  245
19.43  238
19.436  238
19.444  238
19.449  238
19.455  245
19.461  238
19.466  238
19.472  238
19.476  238
19.48  238
19.485  238
19.49  245
19.495  245
19.501  238
19.508  238
19.513  238
19.517  245
19.526  245
19.532  238
19.537  238
19.543  238
19.548  238
19.552  238
19.558  245
19.564  245
19.569  238
19.575  238
19.58  238
19.585  238
19.591  245
19.598  245
19.603  238
19.609  238
19.615  238
19.62  238
19.625  238
19.629  238
19.634  238
19.639  245
19.646  245
19.651  238
19.658  238
19.662  238
19.668  245
19.675  245
19.679  238
19.685  238
19.691  238
19.695  238
19.705  238
19.71  238
19.715  238
19.72  245
19.725  245
19.731  238
19.736  238
19.742  238
19.747  238
19.751  245
19.756  245
19.762  238
19.767  238
19.773  238
19.779  238
19.785  238
19.791  245
19.797  245
19.802  238
19.808  238
19.813  238
19.818  238
19.825  238
19.829  245
19.834  245
19.841  238
19.848  238
19.852  238
19.858  238
19.863  238
19.868  245
19.874  245
19.878  238
19.884  238
19.889  238
19.894  238
19.898  245
19.903  245
19.908  238
19.914  238
19.919  238
19.925  238
19.932  238
19.936  238
19.942  238
19.947  238
19.951  245
19.958  245
19.962  238
19.967  238
19.972  238
19.978  245
19.984  245
19.992  238
19.998  238
20.002  238
20.009  238
20.013  238
20.017  245
20.023  245
20.028  238
20.033  238
20.038  238
20.044  238
20.05  245
20.055  245
20.062  238
20.067  238
20.073  238
20.078  238
20.082  238
20.087  238
20.093  238
20.097  238
20.102  245
20.108  245
20.113  238
20.119  238
20.124  238
20.129  245
20.135  245
20.14  238
20.146  238
20.152  238
20.158  238
20.163  238
20.168  245
20.175  245
20.185  238
20.194  238
20.198  238
20.203  238
20.209  245
20.216  245
20.222  238
20.228  238
20.234  238
20.239  238
20.245  238
20.251  245
20.258  245
20.267  238
20.275  238
20.282  238
20.291  238
20.297  245
20.303  238
20.31  238
20.315  238
20.322  238
20.328  238
20.333  238
20.338  245
20.344  245
20.348  238
20.354  238
20.359  238
20.364  238
20.369  245
20.377  245
20.383  238
20.388  238
20.394  238
20.399  238
20.404  238
20.409  238
20.413  238
20.419  245
20.425  245
20.43  238
20.439  238
20.445  238
20.454  245
20.463  245
20.468  238
20.475  238
20.481  238
20.485  238
20.491  238
20.498  238
20.503  245
20.509  238
20.515  238
20.52  238
20.526  238
20.531  245
20.536  245
20.541  238
20.546  238
20.551  238
20.556  238
20.561  238
20.568  238
20.575  238
20.579  245
20.586  245
20.593  238
20.598  238
20.604  238
20.613  245
20.618  245
20.624  238
20.63  238
20.634  238
20.639  238
20.645  238
20.651  238
20.657  238
20.667  245
20.674  238
20.679  238
20.684  238
20.688  245
20.695  245
20.7  238
20.705  238
20.711  238
20.715  238
20.72  238
20.727  238
20.731  238
20.735  238
20.741  245
20.746  245
20.751  238
20.757  238
20.762  238
20.767  238
20.772  245
20.778  245
20.784  238
20.791  238
20.795  238
20.8  238
20.808  238
20.813  245
20.818  238
20.825  238
20.83  238
20.836  238
20.841  238
20.847  238
20.852  245
20.858  245
20.863  238
20.868  238
20.873  238
20.879  238
20.883  238
20.888  245
20.897  245
20.905  238
20.913  238
20.921  238
20.926  238
20.931  245
20.936  245
20.942  238
20.948  238
20.952  238
20.959  238
20.965  238
20.969  245
20.977  245
20.981  238
20.986  238
21.001  238
21.007  238
21.012  245
21.016  245
21.022  238
21.028  238
21.032  238
21.038  238
21.044  238
21.048  245
21.056  245
21.061  238
21.083  238
21.088  238
21.094  238
21.098  238
21.103  238
21.109  238
21.114  238
21.12  238
21.129  238
21.134  245
21.139  238
21.145  238
21.15  238
21.156  238
21.162  245
21.167  245
21.173  238
21.179  238
21.184  238
21.19  238
21.196  238
21.201  245
21.21  245
21.215  238
21.222  238
21.228  238
21.233  245
21.242  238
21.247  238
21.252  238
21.258  238
21.263  238
21.269  245
21.276  245
21.281  238
21.287  238
21.293  238
21.298  238
21.303  245
21.311  238
21.319  238
21.326  238
21.332  238
21.337  238
21.343  238
21.349  238
21.354  245
21.36  238
21.366  238
21.372  238
21.377  238
21.382  245
21.387  238
21.395  238
21.401  238
21.406  238
21.414  238
21.422  238
21.427  238
21.432  245
21.437  238
21.444  238
21.448  238
21.453  238
21.459  238
21.464  238
21.468  245
21.477  245
21.485  238
21.492  238
21.497  238
21.503  238
21.509  238
21.513  245
21.519  238
21.525  238
21.53  238
21.536  238
21.542  245
21.546  245
21.551  238
21.558  238
21.563  238
21.568  238
21.573  238
21.579  238
21.586  238
21.596  245
21.601  245
21.605  238
21.615  238
21.62  238
21.626  245
21.631  238
21.636  238
21.643  238
21.649  238
21.654  238
21.659  238
21.664  238
21.668  245
21.675  245
21.68  238
21.684  238
21.69  238
21.698  238
21.707  245
21.715  238
21.721  238
21.727  238
21.731  238
21.737  238
21.743  245
21.749  245
21.755  238
21.761  238
21.765  238
21.771  245
21.778  245
21.783  238
21.793  238
21.798  238
21.804  238
21.809  238
21.814  238
21.82  245
21.825  245
21.83  238
21.836  238
21.841  238
21.846  238
21.852  238
21.858  238
21.864  245
21.87  238
21.876  238
21.882  238
21.886  238
21.892  238
21.897  238
21.902  245
21.908  238
21.914  238
21.919  238
21.924  238
21.929  238
21.934  238
21.94  245
21.947  245
21.952  238
21.959  238
21.963  238
21.968  238
21.974  238
21.98  245
21.986  245
21.993  238
21.998  238
22.003  238
22.01  245
22.015  245
22.02  238
22.026  238
22.03  238
22.036  238
22.041  238
22.048  238
22.056  245
22.062  238
22.069  238
22.075  238
22.08  245
22.085  245
22.091  238
22.096  238
22.101  238
22.106  238
22.113  238
22.118  238
22.123  245
22.131  238
22.136  238
22.142  238
22.147  238
22.152  238
22.159  238
22.164  245
22.169  238
22.176  238
22.182  238
22.187  238
22.194  238
22.2  238
22.205  245
22.211  238
22.216  238
22.221  238
22.227  238
22.233  245
22.24  245
22.245  238
22.251  238
22.26  238
22.266  238
22.272  245
22.279  245
22.284  238
22.29  238
22.295  238
22.302  238
22.308  238
22.315  245
22.322  238
22.329  238
22.335  238
22.34  238
22.345  238
22.35  245
22.356  245
22.362  238
22.367  238
22.373  238
22.378  245
22.384  245
22.39  238
22.396  238
22.4  238
22.405  238
22.411  238
22.416  238
22.42  245
22.427  245
22.433  238
22.439  238
22.448  238
22.456  238
22.463  245
22.47  245
22.476  238
22.481  238
22.486  238
22.493  238
22.498  238
22.507  245
22.512  238
22.52  238
22.526  238
22.532  245
22.537  245
22.544  238
22.552  238
22.561  238
22.566  238
22.573  245
22.581  245
22.588  238
22.596  238
22.603  245
22.611  245
22.616  238
22.621  238
22.628  238
22.633  238
22.642  245
22.649  245
22.656  238
22.662  245
22.667  245
22.674  238
22.679  238
22.684  238
22.689  238
22.695  238
22.7  245
22.707  245
22.712  238
22.719  238
22.728  238
22.734  245
22.739  238
22.744  238
22.749  238
22.754  238
22.76  238
22.765  238
22.769  245
22.775  245
22.78  238
22.789  238
22.796  238
22.801  238
22.805  238
22.811  245
22.817  245
22.822  238
22.829  238
22.834  238
22.839  245
22.846  245
22.851  238
22.858  238
22.862  238
22.867  238
22.872  238
22.877  238
22.882  245
22.887  245
22.893  238
22.898  238
22.903  238
22.909  245
22.914  245
22.919  238
22.926  238
22.933  238
22.939  238
22.945  245
22.951  238
22.958  238
22.963  238
22.968  238
22.973  238
22.978  245
22.984  245
22.989  238
22.996  238
23  238
23.005  238
23.01  245
23.016  245
23.02  238
23.027  238
23.032  238
23.037  238
23.042  238
23.047  238
23.051  245
23.058  245
23.066  238
23.072  238
23.078  238
23.083  245
23.088  238
23.095  238
23.101  238
23.107  238
23.112  238
23.117  238
23.124  245
23.131  245
23.137  238
23.144  238
23.148  238
23.154  245
23.161  238
23.168  238
23.175  238
23.18  238
23.191  238
23.198  238
23.203  245
23.211  238
23.218  238
23.224  238
23.23  245
23.236  245
23.243  238
23.25  238
23.255  238
23.262  238
23.268  238
23.274  245
23.28  238
23.285  238
23.292  238
23.297  238
23.302  238
23.308  238
23.313  245
23.319  238
23.328  238
23.334  238
23.341  238
23.347  238
23.353  245
23.36  245
23.365  238
23.371  238
23.377  238
23.383  245
23.393  245
23.399  238
23.405  238
23.411  238
23.416  238
23.421  245
23.427  245
23.432  238
23.437  238
23.443  238
23.448  238
23.453  238
23.463  245
23.47  245
23.476  238
23.484  238
23.49  238
23.496  238
23.501  238
23.505  238
23.515  245
23.525  245
23.532  238
23.54  238
23.545  245
23.553  238
23.563  238
23.57  238
23.576  238
23.581  238
23.59  238
23.596  245
23.602  238
23.608  238
23.615  238
23.621  238
23.626  238
23.631  245
23.639  245
23.644  238
23.652  238
23.659  238
23.665  238
23.673  245
23.679  245
23.683  238
23.688  238
23.695  238
23.699  238
23.704  238
23.711  245
23.716  245
23.721  238
23.728  238
23.734  238
23.744  238
23.838  238
23.859  245
23.866  238
23.88  238
23.891  238
23.898  238
23.903  238
23.908  245
23.914  245
23.92  238
23.931  238
23.937  238
23.943  245
23.947  245
23.952  238
23.959  238
23.964  238
23.968  238
23.974  238
23.98  238
23.984  238
23.99  245
23.996  245
24  238
24.007  238
24.012  238
24.017  238
24.022  245
24.027  245
24.032  238
24.037  238
24.043  238
24.049  238
24.056  238
24.064  245
24.069  245
24.075  238
24.08  238
24.085  238
24.092  238
24.096  238
24.101  245
24.108  245
24.114  238
24.122  238
24.129  238
24.14  238
24.145  238
24.151  245
24.157  245
24.163  238
24.169  238
24.175  238
24.181  245
24.187  245
24.196  238
24.203  238
24.209  238
24.215  238
24.219  245
24.226  245
24.232  238
24.238  238
24.245  238
24.249  245
24.258  245
24.264  238
24.269  238
24.276  238
24.28  238
24.285  238
24.293  238
24.299  238
24.306  245
24.313  238
24.321  238
24.332  238
24.338  245
24.345  238
24.352  238
24.358  238
24.363  238
24.369  245
24.376  245
24.385  238
24.394  238
24.403  238
24.41  238
24.417  245
24.423  238
24.43  238
24.435  238
24.443  238
24.448  238
24.456  238
24.464  245
24.474  245
24.48  238
24.585  238
24.604  238
24.612  238
24.642  238
24.648  245
24.655  245
24.662  238
24.669  238
24.677  238
24.684  238
24.692  238
24.698  238
24.703  245
24.711  238
24.718  238
24.726  238
24.733  238
24.739  238
24.746  245
24.752  238
24.761  238
24.765  238
24.77  238
24.777  238
24.783  245
24.79  245
24.795  238
24.804  238
24.812  238
24.816  245
24.823  238
24.828  238
24.833  238
24.838  238
24.847  238
24.857  238
24.865  238
24.871  245
24.88  238
24.893  238
24.904  238
24.912  245
24.917  238
24.926  238
24.931  238
24.936  238
24.943  245
24.949  245
24.954  238
24.962  238
24.967  238
24.973  238
24.979  238
24.986  245
24.995  238
25.003  238
25.009  238
25.015  238
25.022  245
25.029  245
25.036  238
25.043  238
25.05  238
25.059  238
25.065  245
25.073  238
25.078  238
25.085  238
25.09  238
25.095  238
25.101  238
25.107  238
25.113  245
25.123  245
25.129  238
25.138  238
25.148  245
25.156  238
25.163  238
25.168  238
25.174  238
25.18  245
25.187  245
25.199  238
25.21  238
25.216  238
25.22  245
25.228  245
25.236  238
25.244  238
25.251  238
25.26  238
25.266  238
25.276  245
25.28  245
25.285  238
25.293  238
25.297  238
25.306  238
25.312  238
25.319  245
25.328  238
25.338  238
25.349  238
25.355  238
25.363  245
25.372  245
25.378  238
25.383  238
25.391  238
25.397  238
25.402  245
25.41  245
25.415  238
25.424  238
25.43  238
25.435  238
25.443  245
25.451  245
25.457  238
25.465  238
25.472  238
25.478  238
25.485  245
25.493  238
25.498  238
25.504  238
25.509  238
25.515  238
25.524  238
25.529  238
25.534  245
25.542  238
25.548  238
25.554  238
25.56  245
25.567  245
25.575  238
25.581  238
25.587  238
25.593  238
25.599  238
25.605  238
25.611  245
25.617  245
25.623  238
25.63  238
25.635  238
25.643  245
25.649  245
25.654  238
25.662  238
25.666  238
25.671  238
25.677  238
25.682  245
25.689  245
25.697  238
25.702  238
25.708  238
25.713  238
25.719  245
25.727  245
25.736  238
25.743  238
25.748  238
25.754  238
25.76  238
25.767  238
25.775  245
25.78  245
25.785  238
25.793  238
25.798  238
25.803  238
25.809  245
25.817  245
25.824  238
25.831  238
25.835  238
25.841  238
25.848  238
25.854  245
25.862  238
25.867  238
25.872  238
25.878  238
25.882  238
25.887  245
25.894  245
25.899  245
25.904  238
25.912  238
25.919  238
25.926  238
25.934  238
25.944  238
25.948  245
25.955  238
25.962  238
25.968  238
25.973  238
25.979  245
25.984  245
25.99  238
25.995  238
26  238
26.006  238
26.012  238
26.017  238
26.023  238
26.03  238
26.035  245
26.043  238
26.049  238
26.054  238
26.06  238
26.066  238
26.071  238
26.077  238
26.082  245
26.086  245
26.095  238
26.1  238
26.105  238
26.112  238
26.117  238
26.123  238
26.129  238
26.135  238
26.141  245
26.146  245
26.152  238
26.159  238
26.163  238
26.169  238
26.176  238
26.18  245
26.186  245
26.195  238
26.204  238
26.21  238
26.215  238
26.221  238
26.227  238
26.233  245
26.239  245
26.244  238
26.249  238
26.254  238
26.26  238
26.265  238
26.271  245
26.28  245
26.286  238
26.294  238
26.3  238
26.308  238
26.314  238
26.321  238
26.329  238
26.334  245
26.34  238
26.349  238
26.359  238
26.365  238
26.374  245
26.382  245
26.39  238
26.397  238
26.406  238
26.413  238
26.42  238
26.426  245
26.431  238
26.437  238
26.442  238
26.448  238
26.456  238
26.461  245
26.467  245
26.472  238
26.478  238
26.484  238
26.492  238
26.497  238
26.502  238
26.507  238
26.513  245
26.52  245
26.526  238
26.533  238
26.538  238
26.546  238
26.552  245
26.559  245
26.565  238
26.57  238
26.577  238
26.582  238
26.587  238
26.601  238
26.606  238
26.612  238
26.617  238
26.625  238
26.633  238
26.639  238
26.645  245
26.651  238
26.66  238
26.669  238
26.679  238
26.687  238
26.696  245
26.703  245
26.711  238
26.719  238
26.728  238
26.735  245
26.743  238
26.751  238
26.758  238
26.764  238
26.771  238
26.779  238
26.785  245
26.792  238
26.799  238
26.804  238
26.81  238
26.815  238
26.821  245
26.829  245
26.835  238
26.843  238
26.847  238
26.853  238
26.86  238
26.867  238
26.876  245
26.882  245
26.888  238
26.896  238
26.903  245
26.911  245
26.917  238
26.924  238
26.93  238
26.936  238
26.944  238
26.951  238
26.958  245
26.967  238
26.974  238
26.98  238
26.989  238
26.997  245
27.006  238
27.014  238
27.023  238
27.029  238
27.037  238
27.045  245
27.051  245
27.056  238
27.063  238
27.071  238
27.082  238
27.087  245
27.095  238
27.104  238
27.113  238
27.118  238
27.127  238
27.133  245
27.143  245
27.155  238
27.163  238
27.171  238
27.178  245
27.184  238
27.193  238
27.201  238
27.208  238
27.214  238
27.225  238
27.231  238
27.238  245
27.246  238
27.253  238
27.26  238
27.268  238
27.278  245
27.285  238
27.295  238
27.302  238
27.31  238
27.318  238
27.329  245
27.336  238
27.344  238
27.351  238
27.36  238
27.366  245
27.377  238
27.384  238
27.392  238
27.399  238
27.407  238
27.415  238
27.424  238
27.428  245
27.436  238
27.443  238
27.448  238
27.454  238
27.459  245
27.465  245
27.47  238
27.477  238
27.483  238
27.488  238
27.494  238
27.5  238
27.508  245
27.516  238
27.526  238
27.53  238
27.536  238
27.546  238
27.554  238
27.56  245
27.566  238
27.575  238
27.58  238
27.588  238
27.596  238
27.601  238
27.606  245
27.611  238
27.617  238
27.623  238
27.628  238
27.634  238
27.64  245
27.645  245
27.65  238
27.656  238
27.662  238
27.668  238
27.677  238
27.684  238
27.69  238
27.696  238
27.701  245
27.708  245
27.715  238
27.721  238
27.727  238
27.733  238
27.74  238
27.748  245
27.757  238
27.763  238
27.77  238
27.78  238
27.787  238
27.794  238
27.801  238
27.809  245
27.815  238
27.824  238
27.828  238
27.833  238
27.839  245
27.845  245
27.851  238
27.857  238
27.866  238
27.878  238
27.885  238
27.894  238
27.901  238
27.908  245
27.915  238
27.924  238
27.947  238
27.953  238
27.959  238
27.965  238
27.972  238
27.978  238
27.983  238
27.988  238
27.994  238
28.005  238
28.013  245
28.019  238
28.025  238
28.031  238
28.036  238
28.045  238
28.054  238
28.06  238
28.066  245
28.072  238
28.078  238
28.082  238
28.087  238
28.093  238
28.098  238
28.103  238
28.109  238
28.114  245
28.119  238
28.126  238
28.132  238
28.138  238
28.145  238
28.153  238
28.161  238
28.166  245
28.174  238
28.182  238
28.191  238
28.197  238
28.202  238
28.214  238
28.22  238
28.226  245
28.233  238
28.242  238
28.248  238
28.254  238
28.26  238
28.266  238
28.275  245
28.28  245
28.285  238
28.291  238
28.296  238
28.304  238
28.31  238
28.318  238
28.327  245
28.337  238
28.343  238
28.349  238
28.356  238
28.361  245
28.368  245
28.373  238
28.378  238
28.384  238
28.39  238
28.396  238
28.402  238
28.408  238
28.415  245
28.42  245
28.429  238
28.434  238
28.44  238
28.446  238
28.45  238
28.455  238
28.462  245
28.474  245
28.48  238
28.486  238
28.496  238
28.505  238
28.512  238
28.517  245
28.523  238
28.53  238
28.536  238
28.543  238
28.548  238
28.559  245
28.565  245
28.571  238
28.578  238
28.586  238
28.593  238
28.598  238
28.603  238
28.609  245
28.616  245
28.621  238
28.628  238
28.636  238
28.643  238
28.648  238
28.653  245
28.659  238
28.664  238
28.669  238
28.676  238
28.683  238
28.687  238
28.695  238
28.702  238
28.708  245
28.714  238
28.719  238
28.725  238
28.731  238
28.737  238
28.746  245
28.751  245
28.758  238
28.764  238
28.774  238
28.781  238
28.79  238
28.796  238
28.801  245
28.809  245
28.817  238
28.825  238
28.83  238
28.838  238
28.843  245
28.848  245
28.854  238
28.86  238
28.865  238
28.87  238
28.875  238
28.88  238
28.887  238
28.893  245
28.898  245
28.907  238
28.913  238
28.918  238
28.927  238
28.938  238
28.948  245
28.959  238
28.967  238
28.976  238
28.981  238
28.99  245
28.997  238
29.008  238
29.014  238
29.022  238
29.029  245
29.038  238
29.045  238
29.053  238
29.058  238
29.064  238
29.071  245
29.078  245
29.086  238
29.094  238
29.102  238
29.108  238
29.113  245
29.12  238
29.128  238
29.135  238
29.142  238
29.148  238
29.154  238
29.16  245
29.166  245
29.173  238
29.18  238
29.186  238
29.194  245
29.201  245
29.209  238
29.216  238
29.225  238
29.231  238
29.237  238
29.244  245
29.252  245
29.258  238
29.266  238
29.274  238
29.279  238
29.29  245
29.298  238
29.305  238
29.311  238
29.316  238
29.326  238
29.331  238
29.336  245
29.344  238
29.351  238
29.357  238
29.365  238
29.373  238
29.379  245
29.388  238
29.396  238
29.401  238
29.411  238
29.417  238
29.423  245
29.43  245
29.435  238
29.442  238
29.447  238
29.452  238
29.46  238
29.465  245
29.475  238
29.481  238
29.485  238
29.492  238
29.5  238
29.509  238
29.517  245
29.525  238
29.531  238
29.536  238
29.543  245
29.55  245
29.557  238
29.564  238
29.571  238
29.579  238
29.585  238
29.591  245
29.598  245
29.606  238
29.614  238
29.621  238
29.627  245
29.634  238
29.641  238
29.647  238
29.653  238
29.66  238
29.667  238
29.674  245
29.681  245
29.686  238
29.693  238
29.7  238
29.708  238
29.713  245
29.724  238
29.73  238
29.74  238
29.746  238
29.751  245
29.757  245
29.765  238
29.775  238
29.783  238
29.791  238
29.796  238
29.805  245
29.813  245
29.818  238
29.828  238
29.838  238
29.849  238
29.86  238
29.867  238
29.877  238
29.884  238
29.892  238
29.897  245
29.905  238
29.912  238
29.917  238
29.921  238
29.93  238
29.936  238
29.944  245
29.95  245
29.956  238
29.962  238
29.971  238
29.979  238
29.987  245
29.994  238
30.005  238
30.011  238
30.019  238
30.028  238
30.04  245
30.046  238
30.054  238
30.061  238
30.069  215
30.076  148
30.083  111
30.094  111
30.099  74
30.104  52
30.113  29
30.118  29
30.126  14
30.135  14
30.143  14
30.15  0
30.161  0
30.167  0
30.177  0
30.183  0
30.189  0
30.198  0
30.208  0
30.214  0
30.22  0
30.226  0
30.232  0
30.239  0
30.249  0
30.258  0
30.264  0
30.278  0
30.287  0
30.295  0
30.3  0
30.306  0
30.314  0
30.323  0
30.333  0
30.344  0
30.351  0
30.359  0
30.366  0
30.376  0
30.386  0
30.397  0
30.405  0
30.41  0
30.416  0
30.422  0
30.432  0
30.441  0
30.447  0
30.456  0
30.466  0
30.475  0
30.479  0
30.485  0
30.494  0
30.5  0
30.507  0
30.516  0
30.525  0
30.535  0
30.544  0
30.552  0
30.561  0
30.567  0
30.578  0
30.585  0
30.592  0
30.598  0
30.607  0
30.617  0
30.626  0
30.63  0
30.638  0
30.646  0
30.651  0
30.659  0
30.667  0
30.675  0
30.681  0
30.685  0
30.694  0
30.7  0
30.709  0
30.715  0
30.721  0
30.727  0
30.735  0
30.746  0
30.754  0
30.761  0
30.766  0
30.776  0
30.784  0
30.791  0
30.796  0
30.802  0
30.809  0
30.818  0
30.825  0
30.831  0
30.836  0
30.845  0
30.851  0
30.857  0
30.865  0
