4.876  0
4.884  0
4.893  0
4.902  0
4.909  0
4.917  0
4.927  0
4.933  0
4.942  0
4.946  0
4.95  0
4.958  0
4.962  0
4.968  0
4.972  0
4.977  0
4.98  0
4.985  0
4.989  0
4.995  0
4.999  0
5.002  0
5.007  0
5.011  0
5.019  0
5.026  0
5.03  0
5.034  0
5.038  0
5.043  0
5.047  0
5.051  0
5.055  0
5.061  0
5.065  0
5.069  0
5.073  0
5.08  0
5.087  0
5.093  0
5.098  0
5.103  0
5.109  0
5.116  0
5.124  0
5.129  0
5.133  0
5.136  0
5.144  0
5.169  0
5.178  0
5.188  0
5.195  0
5.203  0
5.21  0
5.215  0
5.22  0
5.224  0
5.228  0
5.233  0
5.238  0
5.244  0
5.249  0
5.253  0
5.259  0
5.266  0
5.271  0
5.278  0
5.283  0
5.287  0
5.296  0
5.301  0
5.309  0
5.314  0
5.319  0
5.33  0
5.345  0
5.354  0
5.363  0
5.366  0
5.37  0
5.375  0
5.379  0
5.383  0
5.389  0
5.393  0
5.397  0
5.401  0
5.408  0
5.411  0
5.415  0
5.421  0
5.433  0
5.439  0
5.443  0
5.447  0
5.452  0
5.459  0
5.463  0
5.466  0
5.47  0
5.475  0
5.479  0
5.483  0
5.487  0
5.493  0
5.499  0
5.503  0
5.508  0
5.512  0
5.517  0
5.524  0
5.529  0
5.534  0
5.538  0
5.545  0
5.551  0
5.558  0
5.563  0
5.567  0
5.571  0
5.579  0
5.582  0
5.586  0
5.591  0
5.595  0
5.598  0
5.602  0
5.609  0
5.615  0
5.62  0
5.624  0
5.628  0
5.631  0
5.636  0
5.64  0
5.644  0
5.649  0
5.653  0
5.659  0
5.663  0
5.667  0
5.672  0
5.677  0
5.681  0
5.686  0
5.691  0
5.696  0
5.701  0
5.706  0
5.71  0
5.715  0
5.719  0
5.724  0
5.729  0
5.733  0
5.737  0
5.742  0
5.749  0
5.756  0
5.761  0
5.765  0
5.768  0
5.773  0
5.778  0
5.783  0
5.787  0
5.795  0
5.801  0
5.808  0
5.811  0
5.819  0
5.829  0
5.834  0
5.841  0
5.846  0
5.85  0
5.855  0
5.86  0
5.864  0
5.869  0
5.875  0
5.879  0
5.885  0
5.894  0
5.902  0
5.91  0
5.915  0
5.922  0
5.929  0
5.935  0
5.941  0
5.947  0
5.953  0
5.959  0
5.966  0
5.97  0
5.974  0
5.979  0
5.983  0
5.987  0
5.992  0
5.997  0
6.001  0
6.012  0
6.019  0
6.025  0
6.029  0
6.033  0
6.036  0
6.041  0
6.045  0
6.049  0
6.052  0
6.057  0
6.06  0
6.064  0
6.068  0
6.073  0
6.078  0
6.082  0
6.087  0
6.091  0
6.095  0
6.098  0
6.103  0
6.108  0
6.111  0
6.115  0
6.119  0
6.125  0
6.129  0
6.132  0
6.136  0
6.142  0
6.146  0
6.15  0
6.154  0
6.159  0
6.163  0
6.168  0
6.174  0
6.178  0
6.182  0
6.186  0
6.19  0
6.194  0
6.198  0
6.201  0
6.206  0
6.21  0
6.214  0
6.218  0
6.222  0
6.227  0
6.231  0
6.235  0
6.239  0
6.244  0
6.248  0
6.252  0
6.257  0
6.261  0
6.265  0
6.268  0
6.275  0
6.279  0
6.284  0
6.288  0
6.293  0
6.297  0
6.3  0
6.305  0
6.309  0
6.314  0
6.319  0
6.326  0
6.329  0
6.334  0
6.338  0
6.344  0
6.347  0
6.351  0
6.356  0
6.363  0
6.37  0
6.377  0
6.385  0
6.39  0
6.395  0
6.399  0
6.404  0
6.41  0
6.414  0
6.418  0
6.422  0
6.426  0
6.43  0
6.435  0
6.44  0
6.446  0
6.45  0
6.454  0
6.46  0
6.464  0
6.47  0
6.477  0
6.482  0
6.487  0
6.497  0
6.503  0
6.508  0
6.514  0
6.52  0
6.529  0
6.535  0
6.542  0
6.549  0
6.554  0
6.562  0
6.57  0
6.576  0
6.581  0
6.586  0
6.59  0
6.596  0
6.6  0
6.605  0
6.611  0
6.616  0
6.62  0
6.627  0
6.631  0
6.637  0
6.643  0
6.648  0
6.653  0
6.659  0
6.664  0
6.67  0
6.676  0
6.681  0
6.686  0
6.691  0
6.697  0
6.703  0
6.714  0
6.72  0
6.727  0
6.733  0
6.74  0
6.747  0
6.752  0
6.758  0
6.765  0
6.771  0
6.78  0
6.791  0
6.797  0
6.812  0
6.819  0
6.828  0
6.839  0
6.845  0
6.852  0
6.857  0
6.861  0
6.865  0
6.87  0
6.876  0
6.881  0
6.885  0
6.89  0
6.894  0
6.899  0
6.905  0
6.911  0
6.921  0
6.931  0
6.938  0
6.945  0
6.951  0
6.959  0
6.965  0
6.974  0
6.978  0
6.982  0
6.99  0
6.995  0
7.002  0
7.009  0
7.013  0
7.019  0
7.025  7
7.032  7
7.037  14
7.042  22
7.047  22
7.05  29
7.055  29
7.06  44
7.064  44
7.068  44
7.071  44
7.077  44
7.081  52
7.086  52
7.091  52
7.096  52
7.101  59
7.108  59
7.114  59
7.12  59
7.128  59
7.132  59
7.135  59
7.141  59
7.147  59
7.15  59
7.155  59
7.162  66
7.167  66
7.174  59
7.179  59
7.182  66
7.188  66
7.193  59
7.197  59
7.201  66
7.206  66
7.21  66
7.214  66
7.218  59
7.223  59
7.228  59
7.233  66
7.241  66
7.246  66
7.249  59
7.255  59
7.26  59
7.264  66
7.268  66
7.273  66
7.277  66
7.281  59
7.287  59
7.292  66
7.297  66
7.302  66
7.306  66
7.31  59
7.315  59
7.319  66
7.329  66
7.334  66
7.34  66
7.345  66
7.348  59
7.354  59
7.359  59
7.363  66
7.367  66
7.371  66
7.377  66
7.383  59
7.389  59
7.395  66
7.399  66
7.403  66
7.41  66
7.414  66
7.419  59
7.426  59
7.432  59
7.454  66
7.461  66
7.465  66
7.469  66
7.475  66
7.479  66
7.485  59
7.492  59
7.497  66
7.502  66
7.507  66
7.511  66
7.515  66
7.52  59
7.526  59
7.53  66
7.535  66
7.541  66
7.546  66
7.551  59
7.557  59
7.562  66
7.568  66
7.573  66
7.578  66
7.584  66
7.589  66
7.595  59
7.601  59
7.61  66
7.617  66
7.626  66
7.636  66
7.642  59
7.648  66
7.652  66
7.66  66
7.665  66
7.67  66
7.677  59
7.681  66
7.688  66
7.695  66
7.7  66
7.707  66
7.712  59
7.718  59
7.726  66
7.731  66
7.736  66
7.743  66
7.747  66
7.753  59
7.76  59
7.764  66
7.77  66
7.776  66
7.782  66
7.79  66
7.796  59
7.801  66
7.81  66
7.816  66
7.821  66
7.828  66
7.833  59
7.838  59
7.844  66
7.85  66
7.854  66
7.862  66
7.868  66
7.875  59
7.883  59
7.89  66
7.896  66
7.902  66
7.909  66
7.92  59
7.927  59
7.931  66
7.938  66
7.943  66
7.947  66
7.951  66
7.956  66
7.961  59
7.965  59
7.97  66
7.976  66
7.98  66
7.984  66
7.99  59
7.995  59
8  59
8.005  66
8.01  66
8.015  66
8.019  66
8.024  66
8.028  66
8.032  66
8.037  66
8.043  59
8.048  59
8.053  66
8.059  66
8.065  66
8.073  66
8.079  59
8.084  66
8.09  66
8.095  66
8.099  66
8.104  66
8.111  66
8.118  66
8.128  59
8.136  59
8.142  66
8.147  66
8.151  66
8.158  66
8.164  59
8.169  59
8.177  66
8.182  66
8.187  66
8.193  66
8.197  66
8.221  59
8.226  59
8.23  66
8.235  66
8.24  66
8.245  66
8.251  59
8.257  59
8.262  66
8.267  66
8.282  66
8.286  66
8.29  66
8.295  66
8.299  66
8.303  66
8.308  66
8.314  66
8.32  66
8.327  66
8.33  66
8.335  59
8.34  66
8.345  66
8.348  66
8.352  66
8.357  66
8.361  66
8.365  66
8.369  66
8.375  66
8.378  66
8.382  59
8.387  59
8.392  66
8.397  66
8.403  66
8.408  66
8.411  59
8.417  59
8.421  66
8.426  66
8.43  66
8.435  66
8.438  66
8.444  66
8.448  66
8.451  66
8.456  66
8.462  59
8.468  59
8.473  66
8.48  66
8.485  66
8.488  66
8.493  66
8.498  66
8.501  59
8.506  59
8.511  66
8.516  66
8.522  66
8.528  66
8.532  66
8.536  66
8.542  59
8.546  59
8.55  66
8.554  66
8.56  66
8.565  66
8.57  66
8.576  66
8.581  66
8.585  66
8.591  59
8.597  59
8.601  66
8.609  66
8.616  66
8.627  66
8.632  66
8.637  66
8.645  59
8.654  59
8.661  66
8.671  66
8.676  66
8.682  66
8.687  66
8.692  59
8.699  59
8.704  66
8.71  66
8.715  66
8.72  66
8.725  66
8.73  59
8.736  59
8.742  66
8.748  66
8.753  66
8.759  66
8.764  66
8.768  66
8.775  59
8.779  59
8.784  66
8.79  66
8.795  66
8.8  66
8.825  66
8.831  66
8.835  66
8.842  66
8.846  66
8.85  66
8.856  66
8.861  66
8.865  66
8.869  59
8.876  59
8.879  59
8.884  66
8.892  66
8.899  66
8.905  66
8.91  66
8.919  59
8.927  66
8.933  66
8.937  66
8.944  66
8.949  66
8.955  59
8.961  59
8.967  66
8.975  66
8.981  66
8.986  66
8.995  66
9.001  66
9.009  59
9.013  66
9.019  66
9.023  66
9.029  66
9.033  66
9.036  66
9.042  66
9.047  66
9.051  59
9.057  59
9.062  66
9.066  66
9.071  66
9.076  66
9.08  66
9.085  66
9.091  66
9.095  66
9.099  59
9.104  59
9.108  59
9.115  66
9.12  66
9.127  66
9.131  66
9.136  66
9.142  59
9.148  59
9.152  66
9.159  66
9.164  66
9.169  66
9.176  66
9.18  66
9.185  59
9.19  66
9.195  66
9.2  66
9.204  66
9.21  66
9.214  66
9.219  66
9.226  66
9.23  66
9.234  59
9.241  66
9.247  66
9.252  66
9.259  66
9.263  66
9.267  66
9.271  66
9.275  66
9.28  59
9.285  59
9.29  59
9.295  66
9.3  66
9.304  66
9.31  66
9.314  66
9.318  59
9.325  59
9.329  59
9.334  66
9.338  66
9.343  66
9.348  66
9.352  66
9.356  66
9.361  66
9.365  66
9.369  59
9.375  59
9.379  59
9.383  66
9.389  66
9.395  66
9.399  66
9.404  66
9.409  66
9.413  59
9.419  59
9.427  66
9.431  66
9.435  66
9.44  66
9.445  66
9.449  66
9.452  66
9.458  66
9.462  59
9.467  59
9.473  66
9.48  66
9.485  66
9.492  66
9.497  66
9.502  66
9.507  66
9.511  59
9.515  59
9.52  66
9.526  66
9.53  66
9.535  66
9.539  66
9.547  66
9.552  66
9.558  66
9.562  59
9.568  59
9.572  66
9.578  66
9.583  66
9.587  66
9.595  66
9.602  66
9.609  66
9.615  59
9.62  59
9.629  66
9.637  66
9.643  66
9.647  66
9.652  66
9.659  66
9.664  59
9.673  59
9.679  66
9.684  66
9.689  66
9.695  66
9.699  66
9.704  66
9.71  66
9.715  59
9.72  66
9.728  66
9.733  66
9.737  66
9.744  66
9.749  66
9.755  66
9.761  66
9.765  59
9.772  66
9.778  66
9.783  66
9.789  66
9.793  66
9.798  66
9.802  66
9.808  66
9.812  59
9.817  59
9.823  66
9.828  66
9.833  66
9.837  66
9.842  66
9.847  66
9.852  66
9.857  66
9.863  59
9.867  59
9.871  66
9.877  66
9.881  66
9.885  66
9.89  66
9.895  66
9.9  66
9.905  66
9.91  59
9.915  59
9.919  66
9.927  66
9.932  66
9.938  66
9.946  59
9.95  59
9.954  66
9.961  66
9.965  66
9.97  66
9.976  66
9.98  66
9.984  66
9.988  59
9.995  59
9.999  59
10.004  66
10.01  66
10.015  66
10.02  66
10.026  66
10.03  66
10.034  66
10.039  59
10.044  59
10.048  59
10.052  66
10.058  66
10.066  66
10.073  66
10.078  66
10.083  66
10.087  66
10.091  59
10.097  59
10.101  66
10.106  66
10.111  66
10.115  66
10.12  66
10.127  66
10.13  66
10.135  66
10.14  59
10.145  59
10.15  66
10.156  66
10.161  66
10.165  66
10.169  66
10.192  66
10.196  66
10.199  66
10.204  66
10.209  66
10.213  66
10.219  66
10.228  66
10.232  66
10.236  59
10.241  66
10.246  66
10.25  66
10.254  66
10.26  66
10.264  66
10.269  66
10.275  59
10.279  59
10.283  66
10.288  66
10.295  66
10.3  66
10.305  66
10.31  66
10.314  66
10.318  59
10.323  59
10.328  59
10.333  66
10.338  66
10.343  66
10.347  66
10.351  66
10.357  66
10.361  66
10.365  66
10.369  59
10.374  59
10.38  59
10.384  66
10.389  66
10.395  66
10.399  66
10.403  66
10.409  66
10.414  66
10.418  66
10.423  59
10.434  59
10.439  66
10.444  66
10.449  66
10.453  66
10.458  66
10.463  59
10.467  59
10.471  66
10.478  66
10.482  66
10.487  66
10.493  66
10.498  66
10.503  66
10.511  66
10.516  59
10.521  66
10.529  66
10.534  66
10.538  66
10.544  66
10.548  66
10.554  59
10.559  59
10.565  66
10.57  66
10.577  66
10.583  66
10.591  66
10.596  66
10.6  59
10.606  59
10.612  66
10.62  66
10.629  66
10.633  66
10.638  66
10.643  66
10.647  66
10.652  59
10.659  59
10.665  66
10.671  66
10.678  66
10.682  66
10.687  66
10.693  66
10.698  66
10.702  59
10.709  59
10.713  66
10.717  66
10.721  66
10.73  66
10.736  66
10.741  66
10.745  66
10.749  59
10.754  59
10.759  59
10.763  66
10.768  66
10.773  66
10.778  66
10.783  66
10.787  66
10.792  66
10.797  66
10.801  59
10.81  59
10.815  66
10.819  66
10.826  66
10.83  66
10.835  66
10.839  66
10.843  66
10.848  66
10.852  59
10.859  59
10.863  66
10.868  66
10.871  66
10.877  66
10.882  66
10.887  66
10.892  66
10.897  66
10.9  59
10.907  59
10.911  66
10.916  66
10.92  66
10.931  66
10.935  66
10.94  66
10.944  66
10.948  59
10.952  59
10.958  59
10.963  66
10.967  66
10.971  66
10.977  66
10.981  66
10.984  66
10.99  66
10.994  66
10.998  66
11.002  59
11.008  59
11.012  66
11.019  66
11.025  66
11.028  66
11.033  66
11.037  66
11.041  66
11.046  66
11.05  59
11.054  59
11.06  66
11.065  66
11.07  66
11.075  66
11.08  66
11.084  66
11.088  66
11.092  66
11.097  66
11.101  59
11.106  59
11.11  66
11.116  66
11.119  66
11.124  66
11.13  66
11.137  66
11.143  66
11.147  66
11.151  59
11.156  59
11.161  66
11.166  66
11.171  66
11.177  66
11.181  66
11.185  66
11.189  66
11.194  66
11.198  66
11.202  59
11.21  59
11.214  66
11.219  66
11.223  66
11.228  66
11.232  66
11.236  66
11.241  66
11.245  66
11.249  59
11.254  59
11.259  59
11.263  66
11.268  66
11.274  66
11.278  66
11.282  66
11.287  66
11.292  59
11.298  59
11.304  66
11.31  66
11.314  66
11.32  66
11.327  66
11.331  66
11.335  66
11.339  59
11.345  59
11.35  59
11.354  66
11.36  66
11.364  66
11.368  66
11.372  66
11.377  66
11.382  66
11.386  66
11.39  59
11.399  59
11.406  66
11.411  66
11.415  66
11.421  66
11.429  66
11.433  66
11.438  66
11.445  59
11.45  59
11.455  66
11.464  66
11.474  66
11.479  66
11.485  66
11.492  66
11.498  66
11.508  59
11.514  59
11.519  66
11.526  66
11.532  66
11.538  66
11.544  66
11.55  66
11.554  59
11.563  59
11.568  66
11.573  66
11.579  66
11.583  66
11.589  66
11.595  66
11.599  66
11.603  59
11.613  59
11.618  66
11.625  66
11.63  66
11.636  66
11.641  66
11.647  66
11.652  59
11.658  59
11.662  66
11.667  66
11.672  66
11.678  66
11.682  66
11.687  66
11.695  66
11.7  66
11.705  59
11.711  66
11.717  66
11.722  66
11.73  66
11.736  66
11.741  66
11.746  66
11.75  59
11.755  59
11.76  66
11.765  66
11.77  66
11.776  66
11.78  66
11.785  66
11.789  66
11.794  66
11.8  66
11.804  59
11.81  59
11.815  66
11.82  66
11.827  66
11.833  66
11.838  66
11.845  66
11.852  66
11.858  59
11.864  66
11.869  66
11.875  66
11.88  66
11.884  66
11.888  66
11.894  66
11.899  66
11.902  59
11.909  59
11.913  66
11.918  66
11.922  66
11.93  66
11.936  66
11.943  66
11.947  66
11.951  59
11.958  59
11.963  66
11.968  66
11.975  66
11.979  66
11.983  66
11.987  66
11.993  66
11.997  66
12.001  59
12.006  59
12.011  66
12.016  66
12.02  66
12.026  66
12.031  66
12.035  66
12.039  66
12.044  66
12.048  66
12.052  59
12.058  59
12.063  66
12.068  66
12.072  66
12.077  66
12.082  66
12.086  66
12.091  66
12.096  66
12.1  59
12.104  59
12.11  66
12.115  66
12.12  66
12.127  66
12.131  66
12.135  66
12.141  66
12.146  66
12.151  66
12.157  66
12.162  59
12.166  59
12.17  66
12.176  66
12.18  66
12.184  66
12.189  66
12.195  66
12.199  66
12.203  59
12.209  59
12.213  66
12.218  66
12.224  66
12.228  66
12.233  66
12.244  66
12.249  66
12.252  66
12.258  66
12.266  59
12.274  59
12.278  66
12.283  66
12.291  66
12.296  66
12.301  66
12.307  66
12.311  59
12.316  59
12.32  66
12.326  66
12.331  66
12.336  66
12.342  66
12.346  66
12.351  66
12.357  66
12.362  59
12.368  59
12.373  66
12.379  66
12.384  66
12.39  66
12.395  66
12.399  66
12.404  59
12.411  59
12.416  66
12.423  66
12.429  66
12.434  66
12.439  66
12.445  66
12.451  66
12.461  66
12.467  59
12.473  66
12.478  66
12.483  66
12.49  66
12.496  66
12.5  66
12.505  66
12.511  59
12.516  59
12.522  66
12.535  66
12.541  66
12.546  66
12.55  59
12.555  59
12.56  66
12.565  66
12.569  66
12.574  66
12.579  66
12.583  66
12.587  66
12.593  66
12.597  66
12.601  59
12.606  59
12.611  66
12.616  66
12.62  66
12.626  66
12.631  66
12.636  66
12.642  66
12.647  66
12.65  59
12.658  59
12.662  66
12.666  66
12.671  66
12.678  66
12.682  66
12.687  66
12.693  66
12.697  66
12.701  66
12.707  66
12.712  59
12.719  59
12.727  66
12.736  66
12.742  66
12.746  66
12.75  66
12.754  66
12.759  66
12.763  59
12.768  59
12.772  66
12.778  66
12.782  66
12.786  66
12.791  66
12.797  66
12.801  66
12.809  66
12.813  59
12.818  59
12.825  66
12.83  66
12.835  66
12.839  66
12.845  66
12.849  66
12.853  66
12.859  66
12.864  59
12.87  59
12.876  66
12.88  66
12.884  66
12.89  66
12.895  66
12.899  66
12.904  66
12.91  66
12.914  59
12.919  59
12.927  66
12.936  66
12.942  66
12.947  66
12.952  66
12.956  66
12.961  59
12.967  59
12.971  66
12.98  66
12.985  66
12.992  66
12.998  66
13.002  66
13.007  66
13.012  59
13.017  59
13.025  66
13.03  66
13.035  66
13.04  66
13.045  66
13.049  66
13.053  66
13.058  66
13.062  59
13.067  59
13.071  66
13.078  66
13.082  66
13.086  66
13.092  66
13.096  66
13.1  59
13.105  59
13.112  66
13.117  66
13.122  66
13.127  66
13.131  66
13.136  66
13.141  66
13.145  66
13.15  59
13.155  59
13.16  59
13.164  66
13.169  66
13.174  66
13.178  66
13.183  66
13.187  66
13.192  66
13.196  66
13.2  59
13.207  59
13.211  66
13.216  66
13.221  66
13.229  66
13.234  66
13.239  66
13.243  66
13.248  66
13.252  59
13.257  59
13.262  66
13.267  66
13.271  66
13.277  66
13.281  66
13.285  66
13.29  66
13.295  66
13.3  59
13.305  59
13.311  59
13.316  66
13.321  66
13.329  66
13.333  66
13.338  66
13.344  66
13.349  66
13.353  59
13.361  59
13.367  66
13.374  66
13.379  66
13.383  66
13.389  66
13.395  66
13.399  66
13.404  59
13.41  59
13.415  66
13.421  66
13.427  66
13.436  66
13.443  66
13.448  66
13.453  59
13.46  59
13.465  66
13.47  66
13.477  66
13.482  66
13.487  66
13.493  66
13.499  66
13.503  59
13.511  59
13.516  66
13.52  66
13.527  66
13.533  66
13.538  66
13.545  66
13.55  66
13.555  59
13.562  59
13.566  66
13.571  66
13.578  66
13.582  66
13.586  66
13.592  66
13.597  66
13.602  59
13.608  59
13.612  66
13.617  66
13.621  66
13.627  66
13.631  66
13.635  66
13.642  66
13.647  66
13.652  66
13.657  66
13.663  59
13.669  59
13.677  66
13.685  66
13.689  66
13.694  66
13.699  66
13.703  66
13.708  66
13.712  66
13.717  66
13.722  59
13.731  59
13.735  66
13.741  66
13.746  66
13.751  66
13.755  66
13.76  66
13.764  66
13.768  66
13.773  59
13.779  59
13.783  66
13.788  66
13.795  66
13.802  66
13.809  66
13.813  66
13.817  66
13.822  59
13.831  59
13.839  66
13.844  66
13.848  66
13.853  66
13.859  66
13.862  66
13.867  66
13.872  59
13.878  59
13.884  66
13.889  66
13.895  66
13.9  66
13.905  66
13.911  66
13.917  66
13.923  59
13.929  59
13.933  66
13.938  66
13.943  66
13.947  66
13.952  66
13.957  66
13.961  66
13.966  66
13.97  59
13.977  59
13.982  59
13.987  66
13.995  66
14  66
14.005  66
14.012  66
14.017  66
14.026  59
14.033  59
14.038  66
14.045  66
14.049  66
14.054  66
14.06  66
14.065  66
14.07  66
14.076  59
14.081  66
14.086  66
14.091  66
14.095  66
14.1  66
14.104  66
14.109  66
14.114  66
14.119  66
14.125  59
14.149  59
14.153  66
14.161  66
14.17  66
14.176  59
14.182  66
14.191  66
14.197  66
14.203  66
14.211  66
14.216  66
14.222  59
14.231  59
14.24  66
14.249  66
14.254  66
14.26  66
14.265  66
14.27  59
14.278  59
14.284  66
14.292  66
14.296  66
14.301  66
14.308  66
14.315  66
14.32  66
14.326  59
14.331  66
14.337  66
14.344  66
14.348  66
14.352  66
14.357  66
14.362  66
14.367  66
14.371  59
14.378  59
14.381  66
14.387  66
14.392  66
14.396  66
14.401  66
14.405  66
14.41  66
14.416  66
14.422  59
14.429  59
14.433  66
14.438  66
14.444  66
14.448  66
14.452  66
14.459  66
14.474  66
14.478  66
14.482  66
14.487  66
14.492  66
14.499  66
14.506  66
14.51  66
14.515  66
14.519  59
14.525  59
14.53  59
14.534  66
14.543  66
14.549  66
14.555  66
14.561  66
14.567  66
14.574  59
14.579  59
14.584  66
14.588  66
14.594  66
14.6  66
14.604  66
14.61  66
14.615  66
14.621  59
14.628  59
14.634  66
14.639  66
14.645  66
14.649  66
14.653  66
14.659  66
14.664  66
14.669  66
14.674  59
14.679  59
14.683  66
14.688  66
14.694  66
14.699  66
14.704  66
14.711  66
14.716  66
14.723  59
14.729  59
14.734  66
14.74  66
14.749  66
14.758  66
14.763  66
14.767  66
14.772  59
14.778  59
14.783  66
14.791  66
14.796  66
14.801  66
14.806  66
14.811  66
14.816  66
14.82  59
14.829  59
14.836  59
14.842  66
14.848  66
14.852  66
14.858  66
14.864  66
14.869  66
14.874  59
14.88  59
14.885  66
14.89  66
14.897  66
14.901  66
14.905  66
14.912  66
14.916  66
14.921  59
14.928  59
14.932  66
14.937  66
14.944  66
14.948  66
14.952  66
14.959  66
14.963  66
14.967  66
14.971  66
14.977  66
14.981  59
14.986  59
14.992  66
14.997  66
15.003  66
15.011  66
15.016  66
15.02  66
15.027  66
15.033  66
15.04  66
15.047  59
15.053  66
15.059  66
15.063  66
15.068  66
15.073  66
15.078  66
15.084  66
15.089  66
15.094  59
15.099  59
15.104  66
15.113  66
15.121  66
15.128  66
15.133  66
15.139  66
15.145  59
15.15  59
15.155  66
15.162  66
15.166  66
15.171  66
15.178  66
15.183  66
15.19  66
15.196  59
15.202  59
15.21  66
15.22  66
15.228  66
15.235  66
15.242  66
15.246  59
15.252  66
15.258  66
15.263  66
15.267  66
15.273  66
15.279  66
15.283  66
15.288  66
15.294  59
15.3  59
15.307  66
15.315  66
15.32  66
15.328  66
15.333  66
15.338  66
15.344  59
15.349  59
15.353  66
15.359  66
15.365  66
15.37  66
15.376  66
15.38  66
15.384  66
15.389  66
15.394  59
15.399  59
15.404  66
15.411  66
15.415  66
15.419  66
15.426  66
15.43  66
15.434  66
15.44  66
15.444  59
15.449  59
15.454  66
15.459  66
15.463  66
15.468  66
15.474  66
15.482  66
15.488  66
15.496  59
15.505  59
15.512  66
15.521  66
15.527  66
15.532  66
15.539  66
15.546  59
15.551  59
15.556  66
15.562  66
15.566  66
15.571  66
15.579  66
15.584  66
15.59  66
15.596  59
15.602  66
15.609  66
15.613  66
15.618  66
15.622  66
15.63  66
15.635  66
15.641  66
15.646  59
15.65  66
15.656  66
15.661  66
15.665  66
15.669  66
15.676  66
15.68  66
15.685  66
15.69  59
15.696  59
15.701  59
15.707  66
15.712  66
15.717  66
15.721  66
15.728  66
15.733  66
15.74  66
15.747  66
15.752  59
15.758  59
15.762  66
15.767  66
15.771  66
15.777  66
15.782  66
15.786  66
15.792  66
15.798  66
15.802  59
15.809  59
15.813  66
15.818  66
15.823  66
15.828  66
15.832  66
15.837  66
15.843  66
15.848  66
15.852  66
15.857  66
15.861  59
15.867  59
15.871  66
15.877  66
15.881  66
15.886  66
15.892  66
15.897  66
15.901  66
15.907  66
15.912  59
15.917  59
15.922  66
15.928  66
15.933  66
15.938  66
15.943  66
15.947  66
15.952  66
15.958  66
15.964  59
15.968  59
15.974  66
15.978  66
15.983  66
15.987  66
15.992  66
15.997  66
16.002  66
16.008  66
16.013  59
16.02  59
16.025  66
16.034  66
16.04  66
16.045  66
16.05  66
16.054  66
16.06  66
16.065  59
16.069  59
16.075  66
16.08  66
16.085  66
16.09  66
16.096  66
16.1  66
16.105  66
16.111  66
16.115  59
16.122  66
16.128  66
16.132  66
16.139  66
16.144  66
16.149  66
16.153  66
16.16  66
16.164  59
16.169  59
16.174  66
16.18  66
16.185  66
16.192  66
16.197  66
16.202  66
16.207  66
16.213  59
16.219  59
16.226  66
16.231  66
16.237  66
16.243  66
16.249  66
16.254  66
16.259  66
16.264  59
16.268  59
16.274  66
16.279  66
16.285  66
16.29  66
16.295  66
16.299  66
16.303  66
16.308  66
16.313  66
16.318  66
16.322  59
16.329  59
16.335  66
16.343  66
16.347  66
16.352  66
16.358  66
16.363  66
16.367  66
16.372  59
16.379  59
16.384  66
16.391  66
16.396  66
16.4  66
16.404  66
16.41  66
16.414  66
16.418  66
16.424  59
16.429  59
16.433  66
16.439  66
16.444  66
16.449  66
16.453  66
16.458  66
16.462  66
16.468  66
16.472  66
16.477  66
16.482  59
16.488  59
16.494  66
16.499  66
16.504  66
16.509  66
16.513  66
16.518  66
16.523  66
16.528  66
16.533  59
16.54  59
16.546  66
16.552  66
16.557  66
16.562  66
16.567  66
16.571  66
16.577  66
16.581  59
16.586  59
16.592  66
16.597  66
16.601  66
16.608  66
16.612  66
16.616  66
16.621  66
16.627  66
16.632  59
16.64  59
16.645  66
16.649  66
16.654  66
16.659  66
16.664  66
16.668  66
16.673  66
16.679  66
16.683  59
16.689  59
16.695  66
16.699  66
16.704  66
16.709  66
16.713  66
16.718  66
16.723  66
16.729  66
16.735  59
16.741  59
16.746  66
16.751  66
16.756  66
16.762  66
16.767  66
16.773  66
16.78  66
16.786  59
16.792  59
16.797  66
16.803  66
16.81  66
16.814  66
16.819  66
16.825  66
16.831  66
16.837  59
16.847  66
16.852  66
16.859  66
16.863  66
16.867  66
16.872  66
16.877  66
16.882  59
16.887  59
16.892  66
16.898  66
16.902  66
16.907  66
16.914  66
16.922  66
16.928  66
16.933  66
16.94  66
16.945  59
16.95  59
16.954  66
16.962  66
16.966  66
16.971  66
16.977  66
16.981  66
17.003  66
17.008  66
17.012  66
17.017  66
17.022  66
17.028  66
17.035  66
17.042  66
17.048  66
17.052  59
17.059  59
17.063  66
17.068  66
17.074  66
17.082  66
17.09  66
17.096  66
17.1  66
17.105  59
17.111  59
17.117  66
17.122  66
17.128  66
17.136  66
17.144  66
17.149  66
17.153  59
17.16  59
17.165  66
17.169  66
17.176  66
17.18  66
17.184  66
17.19  66
17.194  66
17.199  66
17.204  59
17.209  59
17.213  66
17.219  66
17.224  66
17.23  66
17.236  66
17.243  66
17.251  66
17.259  59
17.265  66
17.271  66
17.277  66
17.282  66
17.288  66
17.295  66
17.299  66
17.304  59
17.31  59
17.314  66
17.321  66
17.326  66
17.331  66
17.336  66
17.344  66
17.35  66
17.358  59
17.366  59
17.373  66
17.38  66
17.386  66
17.393  66
17.4  66
17.407  59
17.413  66
17.418  66
17.424  66
17.429  66
17.434  66
17.443  66
17.448  66
17.456  59
17.461  59
17.466  66
17.472  66
17.478  66
17.482  66
17.487  66
17.493  66
17.497  66
17.502  59
17.509  59
17.513  66
17.519  66
17.523  66
17.529  66
17.536  66
17.544  66
17.548  66
17.553  59
17.559  59
17.563  66
17.568  66
17.573  66
17.578  66
17.583  66
17.587  66
17.592  66
17.598  66
17.602  59
17.608  59
17.613  66
17.617  66
17.622  66
17.628  66
17.634  66
17.64  66
17.645  66
17.655  66
17.661  59
17.666  66
17.671  66
17.678  66
17.683  66
17.687  66
17.693  66
17.698  66
17.702  59
17.709  59
17.715  66
17.72  66
17.727  66
17.731  66
17.736  66
17.741  66
17.746  66
17.75  66
17.755  66
17.76  66
17.765  59
17.77  66
17.776  66
17.781  66
17.786  66
17.792  66
17.796  66
17.803  59
17.811  59
17.818  66
17.827  66
17.832  66
17.84  66
17.847  66
17.851  66
17.857  59
17.863  66
17.869  66
17.876  66
17.882  66
17.887  66
17.894  66
17.9  66
17.91  66
17.916  66
17.921  59
17.93  66
17.94  66
17.946  66
17.95  66
17.956  66
17.962  66
17.968  59
17.974  66
17.979  66
17.985  66
17.99  66
17.996  66
18.002  66
18.01  66
18.015  59
18.022  59
18.029  66
18.035  66
18.046  66
18.053  66
18.059  59
18.065  66
18.069  66
18.076  66
18.08  66
18.088  66
18.095  66
18.1  66
18.107  66
18.112  66
18.118  59
18.126  66
18.135  66
18.146  66
18.152  66
18.161  59
18.167  66
18.174  66
18.18  66
18.188  66
18.196  66
18.204  66
18.21  59
18.215  66
18.223  66
18.229  66
18.236  66
18.244  66
18.25  66
18.258  66
18.266  59
18.271  59
18.279  66
18.29  66
18.298  66
18.304  66
18.311  66
18.317  59
18.323  66
18.33  66
18.339  66
18.348  66
18.355  66
18.362  66
18.368  59
18.375  66
18.383  66
18.391  66
18.399  66
18.407  59
18.414  59
18.421  66
18.429  66
18.434  66
18.442  66
18.45  66
18.456  66
18.462  66
18.467  66
18.477  59
18.482  59
18.487  66
18.494  66
18.499  66
18.503  66
18.509  66
18.516  59
18.525  59
18.533  66
18.541  66
18.549  66
18.558  66
18.563  66
18.57  66
18.579  59
18.593  59
18.598  66
18.603  66
18.61  66
18.614  66
18.619  66
18.625  59
18.631  59
18.637  66
18.647  66
18.653  66
18.659  66
18.665  66
18.672  66
18.678  59
18.683  66
18.688  66
18.696  66
18.701  66
18.708  66
18.713  66
18.719  66
18.727  59
18.731  59
18.736  66
18.744  66
18.752  66
18.762  66
18.769  66
18.778  59
18.786  59
18.794  66
18.801  66
18.814  66
18.823  66
18.831  59
18.837  66
18.849  66
18.859  66
18.867  66
18.875  66
18.88  59
18.889  66
18.895  66
18.899  66
18.904  66
18.911  66
18.915  66
18.923  66
18.929  66
18.934  59
18.941  59
18.946  66
18.951  66
18.958  66
18.964  66
18.969  66
18.974  66
18.98  66
18.986  59
18.994  59
19.008  66
19.019  66
19.026  66
19.032  66
19.037  66
19.043  59
19.049  59
19.054  66
19.061  66
19.067  66
19.076  66
19.081  66
19.086  66
19.095  59
19.108  59
19.114  66
19.119  66
19.127  66
19.132  66
19.138  66
19.146  59
19.157  59
19.165  66
19.171  66
19.179  66
19.185  66
19.192  66
19.198  59
19.205  66
19.212  66
19.219  66
19.226  66
19.231  66
19.237  66
19.245  59
19.252  59
19.259  66
19.266  66
19.271  66
19.277  66
19.283  66
19.287  66
19.294  59
19.3  59
19.305  66
19.315  66
19.324  66
19.329  66
19.333  66
19.338  66
19.344  66
19.349  66
19.354  66
19.361  66
19.365  59
19.371  66
19.378  66
19.384  66
19.39  66
19.395  66
19.399  66
19.404  59
19.411  59
19.415  66
19.421  66
19.442  66
19.447  66
19.451  66
19.458  66
19.462  59
19.467  59
19.473  66
19.478  66
19.483  66
19.488  66
19.494  66
19.499  66
19.505  66
19.512  66
19.52  59
19.528  66
19.534  66
19.538  66
19.543  66
19.548  66
19.553  66
19.559  66
19.564  59
19.569  59
19.577  66
19.584  66
19.589  66
19.596  66
19.602  66
19.609  66
19.614  59
19.62  59
19.628  66
19.635  66
19.642  66
19.647  66
19.652  66
19.658  66
19.662  66
19.667  66
19.671  59
19.678  59
19.682  66
19.688  66
19.693  66
19.698  66
19.706  66
19.711  66
19.715  66
19.721  59
19.727  59
19.731  66
19.738  66
19.747  66
19.752  66
19.759  66
19.764  66
19.77  66
19.776  59
19.781  59
19.786  66
19.792  66
19.797  66
19.801  66
19.807  66
19.812  66
19.818  66
19.823  59
19.829  59
19.834  66
19.841  66
19.847  66
19.852  66
19.857  66
19.862  66
19.867  66
19.871  59
19.878  59
19.882  66
19.888  66
19.895  66
19.901  66
19.907  66
19.912  66
19.917  66
19.923  59
19.932  59
19.94  66
19.946  66
19.955  66
19.96  66
19.965  66
19.97  66
19.976  59
19.981  59
19.986  66
19.991  66
19.997  66
20.001  66
20.009  66
20.014  66
20.019  66
20.026  66
20.031  66
20.037  59
20.044  66
20.05  66
20.056  66
20.064  66
20.165  66
20.172  66
20.182  66
20.192  59
20.217  66
20.226  66
20.232  66
20.245  59
20.252  66
20.259  66
20.265  66
20.271  66
20.278  66
20.284  59
20.289  59
20.296  66
20.302  66
20.307  66
20.313  66
20.317  66
20.323  66
20.328  66
20.332  59
20.338  59
20.344  66
20.35  66
20.356  66
20.361  66
20.366  66
20.371  66
20.378  66
20.382  59
20.387  59
20.394  66
20.403  66
20.411  66
20.416  66
20.422  66
20.43  66
20.437  59
20.444  66
20.451  66
20.458  66
20.467  66
20.472  66
20.48  66
20.486  59
20.492  59
20.499  66
20.505  66
20.512  66
20.519  66
20.527  66
20.533  66
20.539  59
20.549  66
20.556  66
20.562  66
20.567  66
20.571  66
20.578  66
20.585  66
20.594  66
20.601  59
20.61  66
20.619  66
20.628  66
20.634  66
20.64  59
20.646  66
20.653  66
20.663  66
20.669  66
20.676  66
20.682  66
20.689  59
20.695  66
20.701  66
20.708  66
20.714  66
20.72  66
20.726  66
20.732  66
20.74  66
20.748  59
20.758  59
20.766  66
20.771  66
20.778  66
20.783  66
20.789  66
20.794  59
20.8  59
20.804  66
20.811  66
20.816  66
20.822  66
20.829  66
20.833  66
20.838  66
20.844  59
20.85  59
20.855  66
20.861  66
20.865  66
20.87  66
20.877  66
20.882  66
20.888  59
20.895  66
20.902  66
20.908  66
20.914  66
20.92  66
20.925  66
20.932  66
20.94  66
20.946  66
20.951  66
20.958  59
20.964  66
20.971  66
20.979  66
20.984  66
20.99  66
20.996  66
21.001  66
21.009  59
21.014  66
21.02  66
21.027  66
21.033  66
21.038  66
21.045  66
21.052  66
21.061  59
21.067  66
21.091  66
21.096  66
21.101  59
21.11  59
21.115  66
21.12  66
21.128  66
21.133  66
21.138  66
21.145  66
21.152  66
21.159  66
21.165  59
21.171  59
21.178  66
21.186  66
21.193  66
21.199  66
21.205  59
21.212  59
21.218  66
21.225  66
21.235  66
21.241  66
21.248  66
21.256  66
21.262  66
21.267  59
21.273  66
21.281  66
21.288  66
21.295  66
21.301  66
21.308  59
21.316  66
21.325  66
21.329  66
21.334  66
21.341  66
21.347  66
21.353  66
21.36  66
21.365  59
21.37  59
21.379  66
21.386  66
21.393  66
21.4  66
21.408  59
21.413  59
21.418  66
21.424  66
21.429  66
21.436  66
21.442  66
21.448  66
21.456  66
21.461  66
21.466  59
21.471  66
21.479  66
21.483  66
21.488  66
21.496  66
21.503  66
21.511  66
21.518  59
21.528  66
21.534  66
21.543  66
21.551  66
21.559  66
21.565  59
21.571  59
21.577  66
21.584  66
21.59  66
21.596  66
21.601  66
21.608  66
21.614  59
21.62  59
21.628  66
21.637  66
21.643  66
21.648  66
21.66  66
21.666  66
21.671  59
21.679  66
21.685  66
21.693  66
21.701  66
21.708  66
21.712  59
21.718  59
21.723  66
21.73  66
21.736  66
21.744  66
21.754  66
21.76  66
21.764  59
21.77  59
21.776  66
21.782  66
21.787  66
21.793  66
21.798  66
21.803  66
21.808  66
21.813  66
21.818  66
21.825  59
21.832  59
21.837  66
21.843  66
21.849  66
21.857  66
21.862  66
21.87  66
21.875  59
21.881  59
21.887  66
21.894  66
21.9  66
21.909  66
21.914  66
21.92  66
21.927  59
21.932  59
21.937  66
21.947  66
21.952  66
21.958  66
21.963  66
21.968  66
21.973  59
21.982  59
21.989  66
21.995  66
22  66
22.01  66
22.018  66
22.025  66
22.031  59
22.038  66
22.048  66
22.058  66
22.064  66
22.069  66
22.074  59
22.081  59
22.086  66
22.094  66
22.098  66
22.103  66
22.11  66
22.114  66
22.119  66
22.127  59
22.133  59
22.143  66
22.152  66
22.158  66
22.165  66
22.17  66
22.177  66
22.183  66
22.189  66
22.196  59
22.203  59
22.212  66
22.221  66
22.228  66
22.235  66
22.242  66
22.25  59
22.261  66
22.269  66
22.277  66
22.284  66
22.292  66
22.299  59
22.307  66
22.317  66
22.326  66
22.333  66
22.34  66
22.347  59
22.355  59
22.362  66
22.37  66
22.379  66
22.386  66
22.396  66
22.403  59
22.411  66
22.417  66
22.423  66
22.429  66
22.435  66
22.442  66
22.447  59
22.453  66
22.461  66
22.466  66
22.471  66
22.477  66
22.482  66
22.487  66
22.494  59
22.5  59
22.507  66
22.513  66
22.518  66
22.523  66
22.53  66
22.537  66
22.549  66
22.556  59
22.562  66
22.568  66
22.573  66
22.579  66
22.584  66
22.59  66
22.596  59
22.601  59
22.607  66
22.614  66
22.621  66
22.628  66
22.633  66
22.639  66
22.646  59
22.659  59
22.664  66
22.67  66
22.676  66
22.682  66
22.687  66
22.693  59
22.699  59
22.705  66
22.711  66
22.719  66
22.727  66
22.733  66
22.74  66
22.746  59
22.751  59
22.757  66
22.762  66
22.767  66
22.772  66
22.778  66
22.783  66
22.787  66
22.794  59
22.799  59
22.804  66
22.811  66
22.817  66
22.821  66
22.828  66
22.832  66
22.84  66
22.846  59
22.853  59
22.859  66
22.864  66
22.869  66
22.874  66
22.88  66
22.886  66
22.893  66
22.898  59
22.903  66
22.912  66
22.917  66
22.921  66
22.929  66
22.935  66
22.944  66
22.95  59
22.956  66
22.963  66
22.971  66
22.978  66
22.983  66
22.989  66
22.994  59
22.999  59
23.005  66
23.012  66
23.017  66
23.021  66
23.028  66
23.033  66
23.037  66
23.043  59
23.048  59
23.054  66
23.065  66
23.069  66
23.076  66
23.082  66
23.088  66
23.096  66
23.1  66
23.107  59
23.113  59
23.12  66
23.127  66
23.132  66
23.138  66
23.145  66
23.15  66
23.155  66
23.161  66
23.167  59
23.173  66
23.18  66
23.185  66
23.192  66
23.199  66
23.207  66
23.213  66
23.219  59
23.228  66
23.234  66
23.242  66
23.249  66
23.255  66
23.262  66
23.268  59
23.273  66
23.28  66
23.285  66
23.292  66
23.298  66
23.302  66
23.309  66
23.313  59
23.319  59
23.326  66
23.33  66
23.335  66
23.342  66
23.347  66
23.352  66
23.36  66
23.367  59
23.376  59
23.381  66
23.386  66
23.391  66
23.396  66
23.402  66
23.407  66
23.413  66
23.419  66
23.427  66
23.432  66
23.437  59
23.442  66
23.448  66
23.452  66
23.459  66
23.463  66
23.469  66
23.476  59
23.481  59
23.486  66
23.494  66
23.498  66
23.503  66
23.509  66
23.514  66
23.521  66
23.528  59
23.535  66
23.542  66
23.548  66
23.554  66
23.56  66
23.565  66
23.57  66
23.577  66
23.582  66
23.587  59
23.594  66
23.6  66
23.605  66
23.611  66
23.615  66
23.62  66
23.625  66
23.63  66
23.635  59
23.64  59
23.646  66
23.655  66
23.662  66
23.667  66
23.674  66
23.681  66
23.687  59
23.693  66
23.7  66
23.707  66
23.712  66
23.72  66
23.728  66
23.734  66
23.739  59
23.746  66
23.75  66
23.756  66
23.761  66
23.766  66
23.771  66
23.778  66
23.786  59
23.793  59
23.798  66
23.803  66
23.809  66
23.815  66
23.82  66
23.826  66
23.831  66
23.838  59
23.844  66
23.851  66
23.862  66
23.867  66
23.871  66
23.879  66
23.887  59
23.895  59
23.9  66
23.906  66
23.913  66
23.919  66
23.925  66
23.931  66
23.936  66
23.943  59
23.95  59
23.955  66
23.963  66
23.97  66
23.978  66
23.982  66
23.987  66
23.994  59
24  59
24.009  66
24.015  66
24.023  66
24.029  66
24.033  66
24.039  66
24.047  66
24.053  66
24.059  59
24.063  66
24.07  66
24.078  66
24.084  66
24.091  66
24.096  66
24.103  66
24.111  59
24.121  66
24.129  66
24.134  66
24.143  66
24.149  66
24.155  59
24.162  59
24.167  66
24.172  66
24.18  66
24.188  66
24.195  66
24.201  66
24.209  59
24.217  66
24.225  66
24.231  66
24.236  66
24.242  66
24.247  66
24.253  59
24.262  59
24.27  66
24.279  66
24.288  66
24.296  66
24.305  66
24.312  59
24.322  66
24.331  66
24.341  66
24.35  66
24.358  59
24.365  59
24.37  66
24.377  66
24.384  66
24.391  66
24.398  66
24.405  59
24.413  59
24.42  66
24.429  66
24.434  66
24.445  66
24.45  66
24.455  59
24.464  59
24.469  66
24.476  66
24.482  66
24.488  66
24.494  66
24.499  66
24.504  59
24.511  59
24.52  66
24.528  66
24.533  66
24.538  66
24.543  66
24.55  66
24.56  59
24.568  59
24.576  66
24.581  66
24.586  66
24.595  66
24.6  66
24.605  59
24.612  59
24.617  66
24.622  66
24.628  66
24.633  66
24.637  66
24.646  66
24.652  66
24.66  66
24.665  59
24.67  59
24.677  66
24.682  66
24.686  66
24.693  66
24.698  66
24.703  59
24.712  59
24.717  66
24.723  66
24.729  66
24.733  66
24.738  66
24.744  66
24.749  66
24.754  59
24.761  59
24.766  66
24.772  66
24.778  66
24.783  66
24.791  66
24.799  66
24.806  66
24.812  66
24.82  59
24.828  66
24.834  66
24.843  66
24.849  66
24.857  66
24.862  66
24.867  59
24.872  66
24.879  66
24.885  66
24.893  66
24.898  66
24.902  66
24.909  66
24.914  66
24.919  66
24.927  59
24.934  59
24.942  66
24.947  66
24.952  66
24.958  66
24.963  66
24.967  66
24.976  59
24.981  59
24.985  66
24.992  66
24.997  66
25.001  66
25.007  66
25.013  66
25.019  66
25.026  59
25.03  59
25.036  66
25.041  66
25.046  66
25.052  66
25.059  66
25.064  66
25.071  66
25.078  59
25.085  59
25.09  66
25.097  66
25.102  66
25.107  66
25.117  66
25.124  66
25.13  59
25.137  66
25.145  66
25.151  66
25.16  66
25.165  66
25.169  66
25.176  59
25.187  59
25.195  66
25.2  66
25.206  66
25.212  66
25.217  66
25.222  59
25.229  59
25.234  66
25.24  66
25.247  66
25.253  66
25.259  66
25.266  66
25.272  66
25.278  59
25.285  66
25.294  66
25.301  66
25.307  66
25.313  66
25.319  66
25.326  59
25.332  59
25.337  66
25.346  66
25.351  66
25.358  66
25.366  66
25.372  66
25.378  59
25.384  66
25.391  66
25.396  66
25.401  66
25.409  66
25.415  66
25.421  66
25.43  59
25.438  59
25.445  66
25.451  66
25.458  66
25.464  66
25.47  66
25.479  59
25.485  59
25.491  66
25.503  66
25.511  66
25.515  66
25.522  66
25.529  66
25.534  59
25.54  59
25.546  66
25.552  66
25.558  66
25.563  66
25.567  66
25.572  66
25.578  66
25.584  59
25.593  59
25.601  66
25.609  66
25.614  66
25.622  66
25.628  66
25.633  59
25.638  59
25.644  66
25.651  66
25.66  66
25.666  66
25.672  66
25.679  66
25.685  66
25.693  66
25.699  59
25.707  66
25.713  66
25.719  66
25.726  66
25.732  66
25.736  66
25.742  59
25.749  59
25.755  66
25.762  66
25.769  66
25.776  66
25.78  66
25.788  66
25.794  66
25.799  59
25.81  66
25.818  66
25.825  66
25.833  66
25.84  66
25.845  59
25.851  59
25.855  66
25.862  66
25.867  66
25.871  66
25.878  66
25.884  66
25.892  66
25.899  59
25.907  66
25.913  66
25.919  66
25.926  66
25.93  66
25.935  66
25.941  66
25.947  59
25.956  66
25.963  66
25.968  66
25.977  66
25.981  66
25.987  66
25.993  59
25.999  59
26.005  66
26.013  66
26.02  66
26.028  66
26.033  66
26.038  66
26.044  59
26.051  59
26.058  66
26.066  66
26.073  66
26.08  66
26.09  66
26.096  66
26.102  59
26.111  66
26.117  66
26.123  66
26.129  66
26.133  66
26.138  66
26.144  59
26.15  59
26.163  66
26.169  66
26.174  66
26.181  66
26.188  66
26.195  66
26.2  59
26.207  66
26.213  66
26.219  66
26.227  66
26.233  66
26.244  66
26.25  59
26.257  66
26.265  66
26.269  66
26.276  66
26.282  66
26.287  66
26.293  59
26.299  59
26.305  66
26.314  66
26.32  66
26.326  66
26.331  66
26.337  66
26.342  59
26.35  59
26.359  66
26.364  66
26.369  66
26.376  66
26.381  66
26.385  66
26.391  66
26.396  59
26.4  59
26.406  66
26.412  66
26.417  66
26.422  66
26.428  66
26.433  66
26.437  66
26.443  59
26.448  59
26.453  66
26.461  66
26.465  66
26.47  66
26.476  66
26.481  66
26.486  66
26.493  59
26.499  59
26.507  66
26.512  66
26.517  66
26.523  66
26.531  66
26.536  66
26.542  66
26.548  59
26.553  66
26.56  66
26.565  66
26.57  66
26.578  66
26.582  66
26.587  66
26.594  59
26.6  59
26.607  66
26.613  66
26.618  66
26.626  66
26.632  66
26.638  66
26.645  59
26.653  59
26.666  66
26.673  66
26.68  66
26.685  66
26.689  66
26.696  59
26.703  59
26.71  66
26.717  66
26.722  66
26.729  66
26.734  66
26.739  66
26.748  59
26.757  59
26.763  66
26.769  66
26.776  66
26.782  66
26.787  66
26.793  59
26.801  59
26.809  66
26.816  66
26.825  66
26.83  66
26.834  66
26.84  66
26.846  59
26.85  59
26.857  66
26.866  66
26.87  66
26.877  66
26.881  66
26.887  66
26.896  59
26.905  59
26.911  66
26.917  66
26.926  66
26.931  66
26.937  66
26.943  59
26.95  59
26.956  66
26.963  66
26.969  66
26.976  66
26.983  66
26.991  66
27  59
27.012  66
27.017  66
27.022  66
27.031  66
27.038  66
27.047  59
27.056  59
27.064  66
27.069  66
27.076  66
27.082  66
27.088  66
27.095  59
27.101  59
27.109  66
27.116  66
27.122  66
27.128  66
27.133  66
27.138  66
27.145  59
27.151  59
27.16  66
27.169  66
27.178  66
27.187  66
27.195  66
27.205  59
27.214  66
27.22  66
27.227  66
27.232  66
27.237  59
27.246  37
27.252  37
27.258  22
27.265  7
27.276  7
27.282  0
27.29  0
27.298  0
27.304  0
27.312  0
27.318  0
27.323  0
27.329  0
27.336  0
27.343  0
27.35  0
27.357  0
27.363  0
27.368  0
27.373  0
27.38  0
27.386  0
27.392  0
27.397  0
27.402  0
27.41  0
27.417  0
27.422  0
27.429  0
27.436  0
27.443  0
27.449  0
27.459  0
27.465  0
27.474  0
27.479  0
27.484  0
27.489  0
27.495  0
27.499  0
27.504  0
27.511  0
27.518  0
27.526  0
27.531  0
27.535  0
27.544  0
27.551  0
27.559  0
27.565  0
27.571  0
27.578  0
27.583  0
27.594  0
27.696  0
27.704  0
27.711  0
27.716  0
27.721  0
27.731  0
27.753  0
27.761  0
27.768  0
27.779  0
27.789  0
27.796  0
27.802  0
27.808  0
27.816  0
27.821  0
27.83  0
27.836  0
27.843  0
27.848  0
27.854  0
27.864  0
27.869  0
27.875  0
27.881  0
27.902  0
27.909  0
27.916  0
27.922  0
27.929  0
27.934  0
27.941  0
27.947  0
27.953  0
27.959  0
27.968  0
27.974  0
27.983  0
27.99  0
27.998  0
28.006  0
28.016  0
28.022  0
28.028  0
28.033  0
28.038  0
28.046  0
28.054  0
28.061  0
28.066  0
28.071  0
28.078  0
28.084  0
28.092  0
28.097  0
28.101  0
28.107  0
28.112  0
28.117  0
28.123  0
28.129  0
28.134  0
28.143  0
28.149  0
28.153  0
28.16  0
28.167  0
28.174  0
28.181  0
28.189  0
28.196  0
28.205  0
28.213  0
28.219  0
28.225  0
28.231  0
28.241  0
28.246  0
28.253  0
28.265  0
28.273  0
28.281  0
28.289  0
28.295  0
28.301  0
28.306  0
28.312  0
28.318  0
28.325  0
28.33  0
28.335  0
28.342  0
28.347  0
28.352  0
28.36  0
28.365  0
28.371  0
28.378  0
28.386  0
28.394  0
28.401  0
28.409  0
28.413  0
28.418  0
28.424  0
28.429  0
28.434  0
28.441  0
28.446  0
28.451  0
28.458  0
28.465  0
28.472  0
28.479  0
28.484  0
28.491  0
28.496  0
28.502  0
28.507  0
28.512  0
28.517  0
28.521  0
28.529  0
28.533  0
28.538  0
28.545  0
28.55  0
28.557  0
28.563  0
28.571  0
28.578  0
28.584  0
28.588  0
28.595  0
28.6  0
28.605  0
28.612  0
28.62  0
28.628  0
28.634  0
28.64  0
28.647  0
28.656  0
28.665  0
28.671  0
28.68  0
28.687  0
28.694  0
28.7  0
28.707  0
28.714  0
28.722  0
28.73  0
28.738  0
28.748  0
28.755  0
28.764  0
28.771  0
28.779  0
28.786  0
28.793  0
28.799  0
28.806  0
28.812  0
28.819  0
28.826  0
28.831  0
28.84  0
28.848  0
28.855  0
28.862  0
28.868  0
28.874  0
28.881  0
28.888  0
28.895  0
28.902  0
28.909  0
28.916  0
28.923  0
28.93  0
28.94  0
28.947  0
28.955  0
28.967  0
28.977  0
28.986  0
28.994  0
29  0
29.011  0
29.016  0
29.021  0
29.03  0
29.04  0
29.047  0
29.055  0
29.061  0
29.067  0
29.071  0
29.079  0
29.084  0
29.091  0
29.097  0
29.104  0
29.111  0
29.12  0
29.128  0
29.135  0
29.144  0
29.154  0
29.161  0
29.17  0
29.177  0
29.184  0
29.193  0
29.2  0
29.208  0
29.214  0
29.219  0
29.226  0
29.232  0
29.238  0
29.247  0
29.282  0
29.289  0
29.294  0
29.299  0
29.304  0
29.31  0
29.315  0
29.321  0
29.327  0
29.331  0
29.337  0
29.343  0
29.353  0
29.36  0
29.368  0
29.376  0
29.381  0
29.386  0
29.392  0
