5.631  0
5.639  0
5.643  0
5.649  0
5.655  0
5.661  0
5.673  0
5.677  0
5.682  0
5.687  0
5.692  0
5.696  0
5.701  0
5.705  0
5.709  0
5.712  0
5.716  0
5.721  0
5.727  0
5.731  0
5.736  0
5.74  0
5.745  0
5.749  0
5.754  0
5.759  0
5.763  0
5.768  0
5.773  0
5.778  0
5.785  0
5.79  0
5.796  0
5.806  0
5.811  0
5.815  0
5.821  0
5.826  0
5.832  0
5.837  0
5.842  0
5.846  0
5.852  0
5.857  0
5.862  0
5.867  0
5.873  0
5.877  0
5.883  0
5.889  0
5.897  0
5.903  0
5.907  0
5.912  0
5.919  0
5.924  0
5.928  0
5.932  0
5.936  0
5.943  0
5.95  0
5.954  0
5.959  0
5.963  0
5.966  0
5.971  0
5.975  0
5.979  0
5.983  0
5.989  0
5.995  0
6.003  0
6.011  0
6.015  0
6.02  0
6.026  0
6.035  0
6.039  0
6.05  0
6.054  0
6.058  0
6.066  0
6.072  0
6.076  0
6.082  0
6.087  0
6.092  0
6.097  0
6.105  0
6.11  0
6.115  0
6.12  0
6.124  0
6.131  0
6.136  0
6.141  0
6.146  0
6.155  0
6.16  0
6.166  0
6.172  0
6.178  0
6.182  0
6.191  0
6.198  0
6.203  0
6.207  0
6.213  0
6.219  0
6.223  0
6.227  0
6.23  0
6.236  0
6.24  0
6.245  0
6.252  0
6.258  0
6.264  0
6.269  0
6.274  0
6.28  0
6.285  0
6.289  0
6.293  0
6.297  0
6.302  0
6.307  0
6.312  0
6.316  0
6.322  0
6.326  0
6.331  0
6.336  0
6.34  0
6.345  0
6.351  0
6.354  0
6.359  0
6.364  0
6.37  0
6.374  0
6.379  0
6.384  0
6.389  0
6.395  0
6.4  0
6.405  0
6.41  0
6.413  0
6.419  0
6.423  0
6.427  0
6.433  0
6.439  0
6.444  0
6.448  0
6.454  0
6.459  0
6.462  0
6.468  0
6.473  0
6.477  0
6.482  0
6.489  0
6.494  0
6.5  0
6.506  0
6.511  0
6.516  0
6.522  0
6.529  0
6.54  0
6.546  0
6.553  0
6.559  0
6.564  0
6.57  0
6.574  0
6.579  0
6.587  0
6.591  0
6.598  0
6.603  0
6.608  0
6.613  0
6.619  0
6.625  0
6.631  0
6.636  0
6.644  0
6.653  0
6.66  0
6.664  0
6.672  0
6.678  0
6.684  0
6.688  0
6.694  0
6.7  0
6.705  0
6.71  0
6.717  0
6.722  0
6.727  0
6.731  0
6.737  0
6.742  0
6.75  0
6.761  0
6.765  0
6.77  0
6.776  0
6.78  0
6.785  0
6.79  0
6.794  0
6.798  0
6.803  0
6.809  0
6.813  0
6.817  0
6.823  0
6.827  0
6.831  0
6.835  0
6.839  0
6.843  0
6.847  0
6.851  0
6.855  0
6.859  0
6.863  0
6.868  0
6.873  0
6.877  0
6.882  0
6.889  0
6.893  0
6.9  0
6.905  0
6.911  0
6.919  0
6.924  0
6.929  0
6.934  0
6.939  0
6.944  0
6.949  0
6.955  0
6.962  0
6.969  0
6.972  0
6.976  0
6.981  0
6.987  0
6.991  0
6.995  0
7.002  0
7.007  0
7.012  0
7.017  0
7.023  0
7.03  0
7.036  0
7.04  0
7.045  0
7.052  0
7.057  0
7.062  0
7.068  0
7.073  0
7.077  0
7.082  0
7.089  0
7.095  0
7.103  0
7.108  0
7.112  0
7.117  0
7.123  0
7.129  0
7.136  0
7.14  0
7.144  0
7.151  0
7.156  0
7.175  0
7.186  0
7.193  0
7.197  0
7.203  0
7.209  0
7.214  0
7.219  0
7.223  0
7.228  0
7.238  0
7.249  0
7.255  0
7.262  0
7.27  0
7.275  0
7.281  0
7.29  0
7.296  0
7.303  0
7.308  0
7.312  0
7.319  0
7.323  0
7.329  0
7.336  0
7.342  0
7.348  0
7.353  0
7.359  0
7.365  0
7.374  0
7.381  0
7.386  0
7.39  0
7.394  0
7.402  0
7.407  0
7.414  0
7.419  0
7.425  0
7.434  0
7.438  0
7.443  0
7.45  0
7.454  0
7.458  0
7.463  0
7.467  0
7.472  0
7.478  0
7.485  0
7.493  0
7.501  0
7.508  0
7.512  0
7.517  0
7.523  0
7.528  0
7.531  0
7.538  0
7.543  0
7.548  0
7.553  0
7.557  0
7.56  0
7.566  0
7.572  0
7.577  0
7.582  0
7.59  0
7.595  0
7.603  0
7.607  0
7.611  0
7.616  0
7.622  0
7.626  0
7.632  0
7.638  0
7.642  0
7.647  0
7.652  0
7.656  0
7.661  0
7.666  0
7.673  0
7.679  0
7.685  0
7.689  0
7.693  0
7.697  0
7.701  0
7.706  0
7.71  0
7.714  0
7.721  0
7.725  0
7.729  0
7.733  0
7.739  0
7.743  0
7.747  0
7.752  0
7.757  0
7.762  0
7.769  0
7.773  0
7.776  0
7.78  0
7.789  0
7.794  0
7.799  0
7.804  0
7.807  0
7.811  0
7.815  0
7.82  0
7.824  0
7.828  0
7.833  0
7.838  0
7.842  0
7.846  0
7.851  0
7.856  0
7.861  0
7.866  0
7.874  0
7.881  0
7.89  0
7.895  0
7.899  0
7.904  0
7.908  0
7.912  0
7.917  0
7.922  0
7.925  0
7.929  0
7.935  0
7.939  0
7.944  0
7.947  0
7.952  0
7.956  0
7.961  0
7.964  0
7.969  0
7.973  0
7.977  0
7.981  0
7.986  0
7.991  0
7.995  0
8  0
8.006  0
8.01  0
8.014  0
8.02  0
8.024  0
8.028  0
8.032  0
8.038  0
8.042  0
8.045  0
8.05  0
8.055  0
8.059  0
8.063  0
8.069  0
8.073  0
8.077  0
8.082  0
8.087  0
8.091  0
8.095  0
8.099  0
8.104  0
8.108  0
8.112  0
8.117  0
8.121  0
8.125  0
8.131  0
8.138  0
8.146  0
8.15  0
8.154  0
8.16  0
8.164  0
8.169  0
8.173  0
8.177  0
8.18  0
8.185  0
8.189  0
8.193  0
8.197  0
8.201  0
8.206  0
8.21  0
8.213  0
8.218  0
8.223  0
8.227  0
8.232  0
8.238  0
8.244  0
8.249  0
8.256  0
8.261  0
8.265  0
8.271  0
8.275  0
8.279  0
8.285  0
8.29  0
8.295  0
8.304  0
8.309  0
8.314  0
8.32  0
8.326  0
8.33  0
8.335  0
8.34  0
8.346  0
8.352  0
8.356  0
8.361  0
8.365  0
8.37  0
8.374  0
8.378  0
8.383  0
8.388  0
8.393  0
8.397  0
8.403  0
8.408  0
8.412  0
8.415  0
8.421  0
8.426  0
8.43  0
8.435  0
8.439  0
8.443  0
8.447  0
8.452  0
8.456  0
8.46  0
8.464  0
8.469  0
8.473  0
8.477  0
8.481  0
8.488  0
8.492  0
8.496  0
8.502  0
8.506  0
8.51  0
8.515  0
8.521  0
8.528  0
8.539  0
8.545  0
8.553  0
8.56  0
8.573  0
8.578  0
8.584  0
8.592  0
8.598  0
8.603  0
8.613  0
8.619  0
8.623  0
8.628  0
8.635  0
8.644  0
8.653  0
8.662  0
8.669  0
8.674  0
8.682  0
8.688  0
8.693  0
8.7  0
8.706  0
8.713  0
8.722  0
8.727  0
8.735  0
8.739  0
8.744  0
8.749  0
8.755  0
8.76  0
8.768  0
8.774  0
8.781  0
8.787  0
8.791  0
8.797  0
8.804  0
8.809  0
8.815  0
8.821  0
8.825  0
8.83  0
8.836  0
8.84  0
8.847  0
8.854  0
8.86  0
8.864  0
8.869  0
8.874  0
8.88  0
8.884  0
8.888  0
8.893  0
8.899  0
8.904  0
8.909  0
8.913  0
8.918  0
8.922  0
8.926  0
8.93  0
8.938  0
8.945  0
8.951  0
8.955  0
8.96  0
8.972  0
8.979  0
8.986  0
8.99  0
8.994  0
9  0
9.005  0
9.014  0
9.024  0
9.029  0
9.034  0
9.039  0
9.046  0
9.054  0
9.061  0
9.066  0
9.07  0
9.076  0
9.085  0
9.089  0
9.093  0
9.097  0
9.103  0
9.11  0
9.115  81
9.122  81
9.127  163
9.135  163
9.14  230
9.146  282
9.152  282
9.156  327
9.163  357
9.168  357
9.173  387
9.178  387
9.182  409
9.19  409
9.195  409
9.202  424
9.208  439
9.214  454
9.222  454
9.227  461
9.234  461
9.24  468
9.244  476
9.249  476
9.255  476
9.261  476
9.27  483
9.281  483
9.286  483
9.291  491
9.299  491
9.305  491
9.309  491
9.315  491
9.321  491
9.326  491
9.335  491
9.341  498
9.35  498
9.354  498
9.358  491
9.364  498
9.37  498
9.374  498
9.379  498
9.384  498
9.388  498
9.394  498
9.4  498
9.404  491
9.409  491
9.413  506
9.42  506
9.424  491
9.431  491
9.437  498
9.442  498
9.445  498
9.45  498
9.455  506
9.461  506
9.469  491
9.475  491
9.481  506
9.49  491
9.494  491
9.501  506
9.507  498
9.511  498
9.516  498
9.52  498
9.524  498
9.53  498
9.535  498
9.539  498
9.544  498
9.55  498
9.554  498
9.56  498
9.565  498
9.571  498
9.576  498
9.581  498
9.586  498
9.591  498
9.596  498
9.602  498
9.607  498
9.612  498
9.616  498
9.622  498
9.627  498
9.632  498
9.638  498
9.643  498
9.648  498
9.671  498
9.676  498
9.68  498
9.686  498
9.69  498
9.695  498
9.699  498
9.704  498
9.708  498
9.712  498
9.717  498
9.722  498
9.726  498
9.729  498
9.734  498
9.738  498
9.743  498
9.747  498
9.753  498
9.757  498
9.761  498
9.765  498
9.77  498
9.774  498
9.778  498
9.784  498
9.789  498
9.793  498
9.797  498
9.802  498
9.807  498
9.812  498
9.819  498
9.823  498
9.828  498
9.834  498
9.838  498
9.842  498
9.846  498
9.851  498
9.858  498
9.863  498
9.869  498
9.873  498
9.878  498
9.883  491
9.889  491
9.893  498
9.897  498
9.903  498
9.908  498
9.911  498
9.915  498
9.921  498
9.925  498
9.929  498
9.933  498
9.94  498
9.946  498
9.952  498
9.957  498
9.961  498
9.965  498
9.97  498
9.974  498
9.978  498
9.983  498
9.987  498
9.992  491
9.997  491
10.003  491
10.009  498
10.015  498
10.021  498
10.029  498
10.034  498
10.04  498
10.045  498
10.049  498
10.053  498
10.057  498
10.062  498
10.066  498
10.071  498
10.076  498
10.08  498
10.087  491
10.093  491
10.097  498
10.103  498
10.108  498
10.112  498
10.119  498
10.124  498
10.128  498
10.132  498
10.138  498
10.143  498
10.152  498
10.159  491
10.164  498
10.17  498
10.175  498
10.181  498
10.187  498
10.193  498
10.198  498
10.204  498
10.208  498
10.213  498
10.22  498
10.224  498
10.23  498
10.236  498
10.241  498
10.246  491
10.252  491
10.256  498
10.261  498
10.266  498
10.271  498
10.276  498
10.281  498
10.287  498
10.292  498
10.296  498
10.3  498
10.305  498
10.309  498
10.313  491
10.32  491
10.325  498
10.33  498
10.336  498
10.342  498
10.348  498
10.354  491
10.359  491
10.363  498
10.37  498
10.375  498
10.379  498
10.383  498
10.388  498
10.394  498
10.401  498
10.406  491
10.414  491
10.42  498
10.425  498
10.431  498
10.437  498
10.443  498
10.45  498
10.455  491
10.463  491
10.47  498
10.475  498
10.48  498
10.486  498
10.492  498
10.5  498
10.505  491
10.513  491
10.519  498
10.524  498
10.53  498
10.536  498
10.543  498
10.551  498
10.555  491
10.562  491
10.566  498
10.571  498
10.576  498
10.58  498
10.585  498
10.59  498
10.594  491
10.598  491
10.606  498
10.611  498
10.614  498
10.622  498
10.627  498
10.631  498
10.637  491
10.642  491
10.645  498
10.65  498
10.656  498
10.66  498
10.664  498
10.67  498
10.675  491
10.682  491
10.689  498
10.694  498
10.699  498
10.704  498
10.707  498
10.711  491
10.716  491
10.722  491
10.727  498
10.732  498
10.737  498
10.741  498
10.746  498
10.75  498
10.754  498
10.758  498
10.763  498
10.768  498
10.772  491
10.777  491
10.782  491
10.787  498
10.792  498
10.797  498
10.802  498
10.806  498
10.811  498
10.815  498
10.821  498
10.825  491
10.829  491
10.834  498
10.839  498
10.844  498
10.847  498
10.854  498
10.858  498
10.862  498
10.865  498
10.872  498
10.875  498
10.88  498
10.887  498
10.893  498
10.897  498
10.902  498
10.905  498
10.909  498
10.914  498
10.919  498
10.923  498
10.927  498
10.932  498
10.939  498
10.943  498
10.948  491
10.954  498
10.96  498
10.965  498
10.97  498
10.976  498
10.981  498
11.001  498
11.005  498
11.009  498
11.014  498
11.019  498
11.023  491
11.028  491
11.032  498
11.038  498
11.043  498
11.048  498
11.053  498
11.057  498
11.061  498
11.065  498
11.071  498
11.076  491
11.08  491
11.086  498
11.091  498
11.095  498
11.099  498
11.105  498
11.109  498
11.114  498
11.121  498
11.125  491
11.13  491
11.143  498
11.152  498
11.157  498
11.161  498
11.166  498
11.171  498
11.175  498
11.18  498
11.186  491
11.191  491
11.196  498
11.202  498
11.209  498
11.216  498
11.222  498
11.226  498
11.231  498
11.236  498
11.24  498
11.246  491
11.251  491
11.255  498
11.26  498
11.265  498
11.271  498
11.275  498
11.279  498
11.285  498
11.29  498
11.294  498
11.298  498
11.304  498
11.309  498
11.313  491
11.321  491
11.325  498
11.33  498
11.336  498
11.34  498
11.344  498
11.35  498
11.36  498
11.364  498
11.369  491
11.375  498
11.38  498
11.386  498
11.39  498
11.395  498
11.399  498
11.404  498
11.41  498
11.415  498
11.42  498
11.424  498
11.43  498
11.436  491
11.44  491
11.445  498
11.45  498
11.455  498
11.461  498
11.467  498
11.473  498
11.479  498
11.484  491
11.491  491
11.497  498
11.505  498
11.511  498
11.515  498
11.523  498
11.527  498
11.531  491
11.538  491
11.544  491
11.549  498
11.555  498
11.56  498
11.565  491
11.572  491
11.576  498
11.581  498
11.588  498
11.592  498
11.596  498
11.601  498
11.605  491
11.61  491
11.614  498
11.62  498
11.624  498
11.628  498
11.633  498
11.638  498
11.642  491
11.646  491
11.651  491
11.655  498
11.66  498
11.664  498
11.67  498
11.674  491
11.68  491
11.684  498
11.69  498
11.695  498
11.699  498
11.704  498
11.708  498
11.713  498
11.716  498
11.722  491
11.727  491
11.731  491
11.736  498
11.74  498
11.745  498
11.748  498
11.756  491
11.761  491
11.764  498
11.77  498
11.775  498
11.779  498
11.783  498
11.788  498
11.792  498
11.796  498
11.8  498
11.805  491
11.811  491
11.82  498
11.825  498
11.829  498
11.834  491
11.839  491
11.843  498
11.848  498
11.854  498
11.859  498
11.864  498
11.871  498
11.875  498
11.879  498
11.886  491
11.89  491
11.894  498
11.9  498
11.905  498
11.909  498
11.914  498
11.919  498
11.923  491
11.927  491
11.932  498
11.937  498
11.943  498
11.947  498
11.953  498
11.957  498
11.962  491
11.967  491
11.972  498
11.977  498
11.981  498
11.986  498
11.991  498
11.995  498
11.999  498
12.004  498
12.01  498
12.015  491
12.023  491
12.029  498
12.035  498
12.039  498
12.044  498
12.048  498
12.055  498
12.06  498
12.064  491
12.072  491
12.076  498
12.081  498
12.087  498
12.092  498
12.096  498
12.101  498
12.106  491
12.11  491
12.115  498
12.121  498
12.125  498
12.13  498
12.136  498
12.141  498
12.147  491
12.156  491
12.162  498
12.169  498
12.173  498
12.179  498
12.185  498
12.189  498
12.194  491
12.2  491
12.207  498
12.216  498
12.221  498
12.226  498
12.23  498
12.235  498
12.239  498
12.243  491
12.248  491
12.253  498
12.259  498
12.263  498
12.269  498
12.274  498
12.279  498
12.285  498
12.29  498
12.294  498
12.3  498
12.306  491
12.31  491
12.314  498
12.321  498
12.325  498
12.33  498
12.335  498
12.339  498
12.343  498
12.348  498
12.354  491
12.358  491
12.363  498
12.369  498
12.373  498
12.378  498
12.398  498
12.403  498
12.408  491
12.413  498
12.419  498
12.424  498
12.429  498
12.434  498
12.438  498
12.443  498
12.447  498
12.452  491
12.457  491
12.462  491
12.468  498
12.473  498
12.478  498
12.49  498
12.496  498
12.502  498
12.507  491
12.513  491
12.519  498
12.524  498
12.529  498
12.533  498
12.54  498
12.545  491
12.55  491
12.555  498
12.562  498
12.57  498
12.574  498
12.578  498
12.583  498
12.589  498
12.593  491
12.6  491
12.609  498
12.615  498
12.621  498
12.626  498
12.631  498
12.637  491
12.642  491
12.647  498
12.655  498
12.664  498
12.67  498
12.675  491
12.682  491
12.693  498
12.698  498
12.704  498
12.709  498
12.713  498
12.718  498
12.725  498
12.73  498
12.734  491
12.74  491
12.744  498
12.749  498
12.756  498
12.762  498
12.766  498
12.772  498
12.776  498
12.78  498
12.788  491
12.793  491
12.798  498
12.804  498
12.808  498
12.814  498
12.822  498
12.826  498
12.831  498
12.836  498
12.84  498
12.847  491
12.854  491
12.858  498
12.866  498
12.871  498
12.875  491
12.88  491
12.886  498
12.89  498
12.895  498
12.9  498
12.904  498
12.909  498
12.914  498
12.919  498
12.923  491
12.928  491
12.932  498
12.939  498
12.943  498
12.948  498
12.957  498
12.961  498
12.965  498
12.974  498
12.979  491
12.986  498
12.991  498
12.996  498
13.004  498
13.011  498
13.017  498
13.023  498
13.027  498
13.032  498
13.037  498
13.042  498
13.046  491
13.053  491
13.059  498
13.064  498
13.071  498
13.076  498
13.082  498
13.088  498
13.094  498
13.099  498
13.105  498
13.11  498
13.115  498
13.121  498
13.127  498
13.132  498
13.14  491
13.146  491
13.153  498
13.163  498
13.171  498
13.176  498
13.181  498
13.188  498
13.193  498
13.197  498
13.203  491
13.208  491
13.212  498
13.218  498
13.224  498
13.229  498
13.234  498
13.239  498
13.243  498
13.248  498
13.255  498
13.259  498
13.266  498
13.272  498
13.277  498
13.284  498
13.29  498
13.295  491
13.302  491
13.307  498
13.317  498
13.323  498
13.33  498
13.336  498
13.341  498
13.346  498
13.351  498
13.357  498
13.362  498
13.369  491
13.377  498
13.386  498
13.393  498
13.4  498
13.405  498
13.411  498
13.419  491
13.427  491
13.435  498
13.441  498
13.446  498
13.453  498
13.459  498
13.466  498
13.473  498
13.48  498
13.487  491
13.493  491
13.498  498
13.505  498
13.511  498
13.515  498
13.521  498
13.526  498
13.534  498
13.54  491
13.545  498
13.554  498
13.559  498
13.565  498
13.574  498
13.58  498
13.587  491
13.594  491
13.6  498
13.605  498
13.61  498
13.615  498
13.626  498
13.631  491
13.638  498
13.644  498
13.651  498
13.656  498
13.663  498
13.668  491
13.674  498
13.679  498
13.684  498
13.69  498
13.695  498
13.699  498
13.705  498
13.71  498
13.719  491
13.725  491
13.729  498
13.736  498
13.742  498
13.752  498
13.759  498
13.769  491
13.777  498
13.786  498
13.791  498
13.796  491
13.803  491
13.807  498
13.814  498
13.823  498
13.828  498
13.833  498
13.838  498
13.843  491
13.85  491
13.856  498
13.865  498
13.871  498
13.877  498
13.885  498
13.892  491
13.899  498
13.906  498
13.91  498
13.919  498
13.924  498
13.929  491
13.937  498
13.944  498
13.951  498
13.956  498
13.961  498
13.967  491
13.973  491
13.979  498
13.987  498
13.992  498
13.999  498
14.006  498
14.013  491
14.023  498
14.028  498
14.035  498
14.04  498
14.049  498
14.055  498
14.06  491
14.066  498
14.073  498
14.078  498
14.087  491
14.096  491
14.102  498
14.11  498
14.115  498
14.121  491
14.126  498
14.134  498
14.141  498
14.148  498
14.155  498
14.16  491
14.167  498
14.175  498
14.182  498
14.193  491
14.201  491
14.207  498
14.213  498
14.219  498
14.224  491
14.229  491
14.235  498
14.241  498
14.245  498
14.25  498
14.255  491
14.26  491
14.264  498
14.272  498
14.28  498
14.29  498
14.297  498
14.304  491
14.31  498
14.319  498
14.324  498
14.329  498
14.336  491
14.341  491
14.347  498
14.354  498
14.36  498
14.364  491
14.371  491
14.376  498
14.382  498
14.389  498
14.394  498
14.402  491
14.408  498
14.415  498
14.423  498
14.427  491
14.436  498
14.442  498
14.45  498
14.456  498
14.461  491
14.47  498
14.476  498
14.484  498
14.49  491
14.497  498
14.503  498
14.508  498
14.513  491
14.522  491
14.528  498
14.534  498
14.539  498
14.544  491
14.554  491
14.56  498
14.568  498
14.574  498
14.579  491
14.586  498
14.597  498
14.603  498
14.609  491
14.615  498
14.624  498
14.629  498
14.636  491
14.642  491
14.648  498
14.657  498
14.667  498
14.672  491
14.676  498
14.681  498
14.688  498
14.693  498
14.699  491
14.705  498
14.712  498
14.717  498
14.723  498
14.73  491
14.737  498
14.742  498
14.75  498
14.756  498
14.762  491
14.767  498
14.772  498
14.777  498
14.781  498
14.787  491
14.792  491
14.797  498
14.804  498
14.812  498
14.823  491
14.831  491
14.838  498
14.845  498
14.85  491
14.856  498
14.862  498
14.867  498
14.873  498
14.881  491
14.89  498
14.895  498
14.9  498
14.906  491
14.911  491
14.92  498
14.925  498
14.934  498
14.94  491
14.946  498
14.954  498
14.959  498
14.965  491
14.974  491
14.983  498
14.989  498
14.996  498
15.003  491
15.011  498
15.021  498
15.028  498
15.038  491
15.045  498
15.052  498
15.058  491
15.064  491
15.073  498
15.081  498
15.091  491
15.097  491
15.104  498
15.11  498
15.118  498
15.124  498
15.13  491
15.139  498
15.151  498
15.157  498
15.162  491
15.169  498
15.175  498
15.181  498
15.187  491
15.195  491
15.205  498
15.214  498
15.231  491
15.241  498
15.249  498
15.256  491
15.263  498
15.271  498
15.276  491
15.285  491
15.294  498
15.306  498
15.311  491
15.317  498
15.326  498
15.334  498
15.339  491
15.344  498
15.352  498
15.357  498
15.364  498
15.372  498
15.377  491
15.384  491
15.389  498
15.393  498
15.402  498
15.406  491
15.411  491
15.416  498
15.423  498
15.43  498
15.438  498
15.446  498
15.453  491
15.46  498
15.469  498
15.474  498
15.479  491
15.485  498
15.492  498
15.497  498
15.505  498
15.509  498
15.514  491
15.523  491
15.53  498
15.537  498
15.542  498
15.546  491
15.554  491
15.559  498
15.565  498
15.573  498
15.577  491
15.586  498
15.594  498
15.601  498
15.606  491
15.628  491
15.636  498
15.659  491
15.667  498
15.673  491
15.68  498
15.689  498
15.696  498
15.702  491
15.71  498
15.721  498
15.726  498
15.736  491
15.861  498
15.897  498
15.914  498
15.924  491
15.933  498
15.94  491
15.946  491
15.954  498
15.972  498
15.978  491
15.986  498
15.994  498
16.003  498
16.009  491
16.015  498
16.024  498
16.03  498
16.035  498
16.041  498
16.046  491
16.054  491
16.06  498
16.07  498
16.075  498
16.079  491
16.087  498
16.094  498
16.103  498
16.107  491
16.113  498
16.12  498
16.124  498
16.133  498
16.139  491
16.145  498
16.151  498
16.157  498
16.164  498
16.181  498
16.19  498
16.195  491
16.203  498
16.21  498
16.216  491
16.225  491
16.232  498
16.24  498
16.246  498
16.254  498
16.259  498
16.264  491
16.271  491
16.276  498
16.282  498
16.288  498
16.293  498
16.301  491
16.306  498
16.312  498
16.32  498
16.325  498
16.331  498
16.337  491
16.343  491
16.347  498
16.354  498
16.36  498
16.364  498
16.371  498
16.376  491
16.381  491
16.387  498
16.393  498
16.399  498
16.406  491
16.412  491
16.421  498
16.429  498
16.437  498
16.442  491
16.447  498
16.455  498
16.461  498
16.469  491
16.474  491
16.479  498
16.501  498
16.507  498
16.512  498
16.518  498
16.524  498
16.532  491
16.54  498
16.547  498
16.553  498
16.561  491
16.57  498
16.575  498
16.579  498
16.584  491
16.592  491
16.597  498
16.603  498
16.608  498
16.613  491
16.625  491
16.631  498
16.641  498
16.647  498
16.656  491
16.662  498
16.67  498
16.675  498
16.68  491
16.688  498
16.693  498
16.699  498
16.706  491
16.712  491
16.72  498
16.725  498
16.73  498
16.736  491
16.741  491
16.747  498
16.757  498
16.763  498
16.772  491
16.777  498
16.785  498
16.789  498
16.794  491
16.801  491
16.805  498
16.813  498
16.82  491
16.826  498
16.833  498
16.838  491
16.844  491
16.848  498
16.855  498
16.86  498
16.864  491
16.871  491
16.877  498
16.881  498
16.889  498
16.894  498
16.898  491
16.906  498
16.912  498
16.916  498
16.923  498
16.928  491
16.934  498
16.942  498
16.952  498
16.958  498
16.963  491
16.972  498
16.978  498
16.985  498
16.991  491
16.997  498
17.004  498
17.008  498
17.015  491
17.021  491
17.027  498
17.036  498
17.042  491
17.049  498
17.054  498
17.061  498
17.066  491
17.072  491
17.079  498
17.087  498
17.094  491
17.103  498
17.108  498
17.113  491
17.12  491
17.125  498
17.13  498
17.138  498
17.143  498
17.148  491
17.158  498
17.166  498
17.174  491
17.181  498
17.188  491
17.193  491
17.198  498
17.205  498
17.21  498
17.215  491
17.223  491
17.229  498
17.236  498
17.241  498
17.246  491
17.254  491
17.259  498
17.265  491
17.27  491
17.275  498
17.284  498
17.29  498
17.296  491
17.305  491
17.311  498
17.316  491
17.322  491
17.328  498
17.334  498
17.338  498
17.343  491
17.349  491
17.354  498
17.359  498
17.365  498
17.372  498
17.377  491
17.382  491
17.388  498
17.397  498
17.404  498
17.411  491
17.416  498
17.423  498
17.43  498
17.435  491
17.442  491
17.448  498
17.454  498
17.46  498
17.465  491
17.471  491
17.478  498
17.485  498
17.49  498
17.496  491
17.504  491
17.511  498
17.519  498
17.526  498
17.532  491
17.537  498
17.543  498
17.551  498
17.559  491
17.566  491
17.572  498
17.577  498
17.585  498
17.59  491
17.601  498
17.607  498
17.613  498
17.622  491
17.627  498
17.637  498
17.643  498
17.647  491
17.654  498
17.659  498
17.664  498
17.671  498
17.677  491
17.683  491
17.689  498
17.694  498
17.702  498
17.707  491
17.714  491
17.72  498
17.726  498
17.733  498
17.738  491
17.744  498
17.751  498
17.757  498
17.763  498
17.773  491
17.779  498
17.787  498
17.798  498
17.804  491
17.811  498
17.82  498
17.826  498
17.835  491
17.841  498
17.851  498
17.856  498
17.863  491
17.871  498
17.88  498
17.885  498
17.89  491
17.898  498
17.904  498
17.913  498
17.92  491
17.925  491
17.931  498
17.939  498
17.947  498
17.954  491
17.964  498
17.971  498
17.977  491
17.983  491
17.988  498
17.995  498
18.001  491
18.007  498
18.014  498
18.02  498
18.025  491
18.03  491
18.037  498
18.044  498
18.052  491
18.057  498
18.063  498
18.069  491
18.074  498
18.082  498
18.089  491
18.096  491
18.104  498
18.109  498
18.116  491
18.122  491
18.127  491
18.133  491
18.14  498
18.145  498
18.152  498
18.156  491
18.162  491
18.168  498
18.173  498
18.18  491
18.187  498
18.195  498
18.204  491
18.214  498
18.222  491
18.229  498
18.24  498
18.245  491
18.25  498
18.256  498
18.262  498
18.268  491
18.274  491
18.279  491
18.284  498
18.293  498
18.298  498
18.304  498
18.309  491
18.313  498
18.32  498
18.324  491
18.329  491
18.335  498
18.342  498
18.346  491
18.352  491
18.357  498
18.362  498
18.369  498
18.373  498
18.377  491
18.384  498
18.389  498
18.394  491
18.4  491
18.405  498
18.411  498
18.415  491
18.421  491
18.426  498
18.432  498
18.44  491
18.446  491
18.453  498
18.458  491
18.465  498
18.472  498
18.477  498
18.482  498
18.488  491
18.494  491
18.5  498
18.509  491
18.515  491
18.521  498
18.527  491
18.533  491
18.54  498
18.545  498
18.551  491
18.558  498
18.564  498
18.571  491
18.576  498
18.581  498
18.588  498
18.593  498
18.597  491
18.605  491
18.612  491
18.618  498
18.623  498
18.633  498
18.639  491
18.644  491
18.65  491
18.655  498
18.661  498
18.669  491
18.675  491
18.684  498
18.69  491
18.704  498
18.71  498
18.715  498
18.721  498
18.728  491
18.735  491
18.741  498
18.749  491
18.758  491
18.765  498
18.772  491
18.779  498
18.785  498
18.792  491
18.8  498
18.807  498
18.813  491
18.823  498
18.832  491
18.839  498
18.844  498
18.848  491
18.856  498
18.861  498
18.868  491
18.873  491
18.88  498
18.887  491
18.892  491
18.899  498
18.906  498
18.911  491
18.918  498
18.924  498
18.931  491
18.937  498
18.943  498
18.951  491
18.957  491
18.965  498
18.975  491
18.982  498
18.99  491
18.997  491
19.005  498
19.014  491
19.021  498
19.027  491
19.037  491
19.044  498
19.053  491
19.059  498
19.066  491
19.073  491
19.077  498
19.085  498
19.091  491
19.098  498
19.106  498
19.114  491
19.121  498
19.128  491
19.136  491
19.141  498
19.146  498
19.152  498
19.157  491
19.176  491
19.19  498
19.198  498
19.209  491
19.216  498
19.224  498
19.229  491
19.238  498
19.244  498
19.25  491
19.256  498
19.262  498
19.267  498
19.273  498
19.297  491
19.308  491
19.327  491
19.335  498
19.341  498
19.349  498
19.354  498
19.36  491
19.366  498
19.372  498
19.377  498
19.383  498
19.39  491
19.396  491
19.403  498
19.409  498
19.413  491
19.424  491
19.432  498
19.442  491
19.447  491
19.452  498
19.458  498
19.462  498
19.467  498
19.473  498
19.478  491
19.484  498
19.49  498
19.496  498
19.503  498
19.509  491
19.514  498
19.521  498
19.526  498
19.536  498
19.541  491
19.546  498
19.554  498
19.558  498
19.566  491
19.573  491
19.578  498
19.585  498
19.59  498
19.595  491
19.603  491
19.611  498
19.62  498
19.625  498
19.629  491
19.639  498
19.65  498
19.657  491
19.667  498
19.68  498
19.687  491
19.693  498
19.704  491
19.711  498
19.722  498
19.729  498
19.737  491
19.746  498
19.757  498
19.762  491
19.771  498
19.777  498
19.784  491
19.791  498
19.797  491
19.804  491
19.809  498
19.816  498
19.822  498
19.827  491
19.838  491
19.847  498
19.854  491
19.86  498
19.866  498
19.876  498
19.882  491
19.888  498
19.897  498
19.905  491
19.916  498
19.924  498
19.929  491
19.938  498
19.945  498
19.952  498
19.957  491
19.963  491
19.974  498
19.981  498
19.989  491
19.994  491
20.002  498
20.012  498
20.022  498
20.027  491
20.039  498
20.046  498
20.053  491
20.07  498
20.078  491
20.09  498
20.105  498
20.112  491
20.119  491
20.129  491
20.134  498
20.141  498
20.146  491
20.153  491
20.161  498
20.167  491
20.176  491
20.196  498
20.207  498
20.213  498
20.224  491
20.231  498
20.241  498
20.248  498
20.255  491
20.264  498
20.273  491
20.28  498
20.289  491
20.297  491
20.307  498
20.322  491
20.331  498
20.342  491
20.351  498
20.357  498
20.362  491
20.367  498
20.377  498
20.385  498
20.39  491
20.401  498
20.408  498
20.414  491
20.422  498
20.432  491
20.44  491
20.449  498
20.456  498
20.461  491
20.469  498
20.478  498
20.487  498
20.492  491
20.499  498
20.506  498
20.514  498
20.522  491
20.531  498
20.538  498
20.544  498
20.553  491
20.558  498
20.565  498
20.575  498
20.58  491
20.588  498
20.594  498
20.6  498
20.606  491
20.614  491
20.621  498
20.626  498
20.634  498
20.641  491
20.649  498
20.656  498
20.663  498
20.671  491
20.676  498
20.684  498
20.689  498
20.693  498
20.699  491
20.706  498
20.713  498
20.718  498
20.723  498
20.728  491
20.734  491
20.739  498
20.746  498
20.752  498
20.757  491
20.765  491
20.773  498
20.781  498
20.787  498
20.792  491
20.797  498
20.805  498
20.81  498
20.817  491
20.823  491
20.83  498
20.84  498
20.845  498
20.851  491
20.857  498
20.863  498
20.87  498
20.875  498
20.882  491
20.889  498
20.896  498
20.903  498
20.908  491
20.914  498
20.92  498
20.928  498
20.936  498
20.941  491
20.946  498
20.955  498
20.962  498
20.97  491
20.977  491
20.983  498
20.992  498
20.998  498
21.006  491
21.011  498
21.019  498
21.025  498
21.03  498
21.039  491
21.044  491
21.05  498
21.058  498
21.068  498
21.074  491
21.086  498
21.093  498
21.101  498
21.107  491
21.114  491
21.121  498
21.128  498
21.135  498
21.141  491
21.147  498
21.153  498
21.159  498
21.166  491
21.173  491
21.178  498
21.184  498
21.189  498
21.194  491
21.2  491
21.206  498
21.214  498
21.22  498
21.226  498
21.237  498
21.248  498
21.255  491
21.26  498
21.266  498
21.272  498
21.278  491
21.285  491
21.291  498
21.299  498
21.307  498
21.315  498
21.323  491
21.332  498
21.338  498
21.343  498
21.352  498
21.358  491
21.365  491
21.372  498
21.381  498
21.388  498
21.393  491
21.402  498
21.41  498
21.416  498
21.421  491
21.427  498
21.437  498
21.444  498
21.453  498
21.46  491
21.465  498
21.473  498
21.48  498
21.487  498
21.493  498
21.498  491
21.508  491
21.515  498
21.524  498
21.531  491
21.541  498
21.552  498
21.558  498
21.567  491
21.574  498
21.585  491
21.592  498
21.602  498
21.608  498
21.616  491
21.624  498
21.635  491
21.642  498
21.65  498
21.656  498
21.664  491
21.672  498
21.682  491
21.689  491
21.695  498
21.705  498
21.717  491
21.723  498
21.728  498
21.737  491
21.743  491
21.748  498
21.755  498
21.762  498
21.768  491
21.774  491
21.784  498
21.793  498
21.8  491
21.807  491
21.813  498
21.821  498
21.826  498
21.831  491
21.837  498
21.843  498
21.852  498
21.86  491
21.868  491
21.874  498
21.879  498
21.888  491
21.896  491
21.905  498
21.923  498
21.947  491
21.957  498
21.969  498
21.976  498
21.981  491
21.988  498
21.995  498
22.004  498
22.01  491
22.017  498
22.025  498
22.032  498
22.041  498
22.046  498
22.053  491
22.059  498
22.067  498
22.073  498
22.081  491
22.089  491
22.094  498
22.106  498
22.117  491
22.129  498
22.138  498
22.145  491
22.154  498
22.161  498
22.166  491
22.173  491
22.18  498
22.187  498
22.193  498
22.197  498
22.203  498
22.208  491
22.214  498
22.222  498
22.226  498
22.232  498
22.238  491
22.244  491
22.252  498
22.262  498
22.269  498
22.274  498
22.281  491
22.289  498
22.296  498
22.303  498
22.308  491
22.315  491
22.322  498
22.327  498
22.333  498
22.338  491
22.345  491
22.351  498
22.358  498
22.363  498
22.369  491
22.378  491
22.385  498
22.39  498
22.395  498
22.399  498
22.406  491
22.411  491
22.418  498
22.424  498
22.428  498
22.434  491
22.441  491
22.446  498
22.454  498
22.46  498
22.466  491
22.471  491
22.477  498
22.484  498
22.49  498
22.494  491
22.502  491
22.507  498
22.512  498
22.52  498
22.524  498
22.53  491
22.536  498
22.541  498
22.547  498
22.554  498
22.56  491
22.569  498
22.574  498
22.579  498
22.586  491
22.595  491
22.603  498
22.611  498
22.619  491
22.625  491
22.63  498
22.64  498
22.647  498
22.654  491
22.659  498
22.665  498
22.672  498
22.678  491
22.685  491
22.69  498
22.695  491
22.702  491
22.707  498
22.713  498
22.72  498
22.726  498
22.731  491
22.738  498
22.743  498
22.749  498
22.754  491
22.759  491
22.764  498
22.771  498
22.777  498
22.783  498
22.789  491
22.795  491
22.801  498
22.808  498
22.813  498
22.821  491
22.827  498
22.833  498
22.842  498
22.848  491
22.855  491
22.86  498
22.865  491
22.872  491
22.877  498
22.882  498
22.888  498
22.892  498
22.897  491
22.903  491
22.907  498
22.912  498
22.92  498
22.924  498
22.929  491
22.935  498
22.941  498
22.946  498
22.955  498
22.96  491
22.965  498
22.972  498
22.976  498
22.982  498
22.988  491
22.993  491
23.002  498
23.006  498
23.012  491
23.017  498
23.023  498
23.028  498
23.035  498
23.041  491
23.046  498
23.053  498
23.057  498
23.062  498
23.067  491
23.076  491
23.083  498
23.089  498
23.095  491
23.101  491
23.107  498
23.115  498
23.124  498
23.129  491
23.136  498
23.143  498
23.148  498
23.155  498
23.16  491
23.165  498
23.173  498
23.178  498
23.185  498
23.19  491
23.197  498
23.204  498
23.209  498
23.213  491
23.221  491
23.225  498
23.231  498
23.237  498
23.242  498
23.247  491
23.254  491
23.259  498
23.264  498
23.272  498
23.278  491
23.305  491
23.311  498
23.32  498
23.331  498
23.337  498
23.343  491
23.353  498
23.362  498
23.371  498
23.379  491
23.388  498
23.397  498
23.405  491
23.413  498
23.421  498
23.428  498
23.436  491
23.444  498
23.454  498
23.459  491
23.465  498
23.474  498
23.481  498
23.489  491
23.497  491
23.504  498
23.51  498
23.516  491
23.525  491
23.533  498
23.54  498
23.545  498
23.551  491
23.556  498
23.562  498
23.572  498
23.579  498
23.587  498
23.593  491
23.599  498
23.605  498
23.611  498
23.617  498
23.622  498
23.627  498
23.632  498
23.638  491
23.645  491
23.654  498
23.664  498
23.672  498
23.677  498
23.682  498
23.688  498
23.693  498
23.698  498
23.705  498
23.71  498
23.715  491
23.723  491
23.728  498
23.734  498
23.742  498
23.75  498
23.756  498
23.761  498
23.766  498
23.774  498
23.782  498
23.794  498
23.798  498
23.804  491
23.81  491
23.814  498
23.822  498
23.829  498
23.837  498
23.842  498
23.849  498
23.855  498
23.863  498
23.872  498
23.878  498
23.883  498
23.89  498
23.897  498
23.904  491
23.909  498
23.914  498
23.921  498
23.927  498
23.933  498
23.94  498
23.945  498
23.953  498
23.958  498
23.963  498
23.969  491
23.976  498
23.987  498
23.992  498
23.998  498
24.005  498
24.011  498
24.016  498
24.022  498
24.026  491
24.032  491
24.038  498
24.045  498
24.052  498
24.058  498
24.063  498
24.07  498
24.075  498
24.081  491
24.088  498
24.097  498
24.104  498
24.113  498
24.122  498
24.128  491
24.137  491
24.147  498
24.156  498
24.162  498
24.167  491
24.174  491
24.181  498
24.188  498
24.194  498
24.202  498
24.209  498
24.216  498
24.226  491
24.233  498
24.241  498
24.247  498
24.258  491
24.267  498
24.274  498
24.281  498
24.287  491
24.293  491
24.298  498
24.307  498
24.316  498
24.326  498
24.333  491
24.341  498
24.347  498
24.354  498
24.36  491
24.367  498
24.376  498
24.384  498
24.39  498
24.396  498
24.404  498
24.409  491
24.414  498
24.421  498
24.426  498
24.431  498
24.439  498
24.443  498
24.449  491
24.457  498
24.465  498
24.472  498
24.477  498
24.482  498
24.488  491
24.495  491
24.504  498
24.513  498
24.521  498
24.526  498
24.531  491
24.538  498
24.544  498
24.551  498
24.556  498
24.566  498
24.572  491
24.577  498
24.583  498
24.589  498
24.594  498
24.599  491
24.607  498
24.617  498
24.623  498
24.627  498
24.637  498
24.643  491
24.651  498
24.671  498
24.676  498
24.68  498
24.687  498
24.693  498
24.701  498
24.709  498
24.716  491
24.723  498
24.728  498
24.734  498
24.741  491
24.747  498
24.755  498
24.764  498
24.771  498
24.777  498
24.784  498
24.789  491
24.796  498
24.803  498
24.808  498
24.814  498
24.822  498
24.835  491
24.841  491
24.848  498
24.855  498
24.863  498
24.87  491
24.877  491
24.882  498
24.889  498
24.896  498
24.902  491
24.909  498
24.922  498
24.928  498
24.935  498
24.94  498
24.945  491
24.952  491
24.956  498
24.965  498
24.971  498
24.976  498
24.982  498
24.988  498
24.993  498
25.001  491
25.007  491
25.012  498
25.017  498
25.023  498
25.031  498
25.036  498
25.041  498
25.047  491
25.054  491
25.063  498
25.071  498
25.08  498
25.087  498
25.092  498
25.097  491
25.104  491
25.11  498
25.119  498
25.125  498
25.133  498
25.139  491
25.146  491
25.154  498
25.159  498
25.165  498
25.172  498
25.178  491
25.185  491
25.193  498
25.198  498
25.206  498
25.214  498
25.223  491
25.232  498
25.239  498
25.244  498
25.253  498
25.262  491
25.27  491
25.276  498
25.284  498
25.29  498
25.297  498
25.303  498
25.308  491
25.315  491
25.323  498
25.328  498
25.335  498
25.34  498
25.346  491
25.352  491
25.358  498
25.365  498
25.371  498
25.376  498
25.384  498
25.392  491
25.401  498
25.407  498
25.412  498
25.416  491
25.423  491
25.428  498
25.434  498
25.44  498
25.445  491
25.451  491
25.459  498
25.464  498
25.471  498
25.475  498
25.48  498
25.487  491
25.492  491
25.497  498
25.506  498
25.516  498
25.522  498
25.528  491
25.534  491
25.54  498
25.549  498
25.559  498
25.569  491
25.576  498
25.588  498
25.596  491
25.604  498
25.612  498
25.62  491
25.625  491
25.63  498
25.637  498
25.641  498
25.646  491
25.655  491
25.66  498
25.668  498
25.673  498
25.678  491
25.686  498
25.692  498
25.697  498
25.704  498
25.709  491
25.714  498
25.722  498
25.727  498
25.732  498
25.738  498
25.743  498
25.751  491
25.758  491
25.764  498
25.772  498
25.776  498
25.783  498
25.789  491
25.795  491
25.803  498
25.808  498
25.816  498
25.822  498
25.831  498
25.838  498
25.845  491
25.856  498
25.863  498
25.869  491
25.875  491
25.881  498
25.888  498
25.892  498
25.898  498
25.906  498
25.914  498
25.922  491
25.927  498
25.932  498
25.939  498
25.945  498
25.953  491
25.959  498
25.965  498
25.973  498
25.981  491
25.989  491
25.994  498
26  498
26.005  491
26.03  491
26.036  498
26.041  491
26.047  498
26.054  498
26.061  498
26.066  491
26.073  491
26.078  498
26.084  498
26.09  498
26.096  498
26.101  498
26.108  491
26.115  491
26.123  498
26.129  498
26.136  498
26.142  498
26.151  491
26.157  491
26.163  498
26.171  498
26.179  491
26.188  491
26.198  498
26.206  498
26.214  491
26.221  498
26.227  498
26.232  498
26.238  498
26.244  498
26.254  491
26.263  498
26.271  498
26.277  498
26.283  491
26.289  498
26.295  498
26.301  498
26.307  491
26.313  491
26.321  498
26.326  498
26.332  498
26.337  491
26.343  491
26.351  498
26.357  498
26.362  498
26.37  491
26.376  491
26.385  498
26.391  498
26.399  491
26.405  491
26.413  498
26.423  498
26.428  498
26.433  491
26.439  498
26.445  498
26.454  498
26.46  491
26.466  498
26.474  498
26.478  498
26.487  491
26.492  491
26.502  498
26.509  498
26.516  498
26.526  491
26.533  498
26.541  498
26.546  498
26.554  491
26.559  498
26.565  498
26.57  498
26.575  491
26.583  491
26.589  498
26.595  498
26.6  498
26.605  491
26.611  491
26.619  498
26.625  498
26.63  498
26.637  491
26.644  491
26.649  498
26.655  498
26.662  498
26.67  498
26.676  498
26.683  491
26.69  498
26.695  498
26.701  498
26.706  491
26.711  491
26.717  498
26.724  498
26.731  498
26.738  498
26.746  498
26.752  491
26.757  498
26.763  498
26.769  498
26.774  498
26.78  498
26.79  491
26.802  491
26.806  498
26.815  498
26.822  498
26.83  491
26.838  491
26.844  498
26.85  498
26.856  498
26.861  498
26.87  491
26.875  491
26.881  498
26.888  498
26.896  498
26.906  491
26.914  498
26.925  498
26.932  498
26.943  491
26.952  491
26.958  498
26.963  498
26.969  491
26.974  491
26.981  498
26.992  498
26.996  498
27.002  491
27.008  498
27.017  498
27.023  498
27.028  498
27.035  498
27.042  491
27.052  498
27.06  498
27.068  498
27.074  491
27.08  498
27.087  498
27.092  498
27.1  491
27.106  491
27.111  498
27.116  498
27.123  498
27.128  491
27.134  491
27.14  498
27.146  498
27.152  498
27.157  491
27.163  491
27.17  498
27.177  498
27.185  498
27.191  491
27.197  498
27.207  498
27.215  491
27.223  401
27.228  297
27.235  297
27.241  223
27.249  156
27.262  156
27.269  119
27.276  74
27.286  59
27.294  29
27.306  22
27.313  14
27.322  0
27.328  0
27.335  0
27.34  0
27.345  0
27.35  0
27.356  0
27.364  0
27.371  0
27.378  0
27.384  0
27.39  0
27.397  0
27.404  0
27.408  0
27.414  0
27.419  0
27.426  0
27.436  0
27.443  0
27.455  0
27.465  0
27.475  0
27.484  0
27.491  0
27.499  0
27.506  0
27.513  0
27.52  0
27.527  0
27.534  0
27.542  0
27.551  0
27.556  0
27.562  0
27.569  0
27.575  0
27.581  0
27.589  0
27.596  0
27.605  0
27.61  0
27.615  0
27.622  0
27.627  0
27.637  0
27.642  0
27.647  0
27.656  0
27.663  0
27.673  0
27.677  0
27.683  0
27.689  0
27.699  0
27.705  0
27.71  0
27.715  0
27.726  0
27.732  0
27.738  0
27.746  0
27.755  0
27.764  0
27.771  0
27.775  0
27.781  0
27.789  0
27.799  0
27.809  0
27.817  0
27.823  0
27.828  0
27.834  0
27.839  0
27.844  0
27.853  0
27.859  0
27.864  0
27.87  0
27.877  0
27.883  0
27.895  0
27.905  0
27.91  0
27.916  0
27.926  0
27.934  0
27.94  0
27.947  0
27.954  0
27.96  0
27.966  0
27.972  0
27.98  0
27.987  0
27.994  0
28.003  0
28.01  0
28.015  0
28.022  0
28.029  0
28.037  0
28.045  0
28.054  0
28.062  0
28.071  0
28.076  0
28.082  0
28.089  0
28.095  0
28.1  0
28.106  0
28.115  0
