15.005  0
15.012  0
15.017  0
15.024  0
15.028  0
15.034  0
15.04  0
15.046  0
15.054  0
15.063  0
15.073  0
15.077  0
15.084  0
15.088  0
15.093  0
15.097  0
15.1  0
15.105  0
15.109  0
15.112  0
15.116  0
15.12  0
15.124  0
15.128  0
15.132  0
15.135  0
15.14  0
15.145  0
15.149  0
15.155  0
15.16  0
15.165  0
15.17  0
15.177  0
15.181  0
15.186  0
15.191  0
15.196  0
15.203  0
15.208  0
15.212  0
15.217  0
15.223  0
15.227  0
15.232  0
15.237  0
15.242  0
15.246  0
15.252  0
15.257  0
15.262  0
15.273  0
15.28  0
15.284  0
15.289  0
15.311  0
15.318  0
15.329  0
15.338  0
15.342  0
15.346  0
15.35  0
15.356  0
15.361  0
15.367  0
15.374  0
15.379  0
15.384  0
15.392  0
15.398  0
15.407  0
15.416  0
15.424  0
15.428  0
15.432  0
15.436  0
15.44  0
15.444  0
15.447  0
15.453  0
15.459  0
15.464  0
15.468  0
15.473  0
15.477  0
15.482  0
15.486  0
15.491  0
15.495  0
15.499  0
15.505  0
15.508  0
15.514  0
15.517  0
15.522  0
15.527  0
15.531  0
15.535  0
15.54  0
15.545  0
15.548  0
15.552  0
15.558  0
15.566  0
15.573  0
15.578  0
15.582  0
15.586  0
15.591  0
15.596  0
15.6  37
15.605  37
15.611  66
15.617  66
15.624  81
15.63  96
15.639  96
15.645  111
15.651  126
15.658  126
15.664  126
15.673  133
15.678  133
15.682  141
15.687  141
15.69  141
15.694  141
15.698  141
15.704  141
15.708  148
15.712  148
15.717  148
15.722  148
15.727  148
15.733  148
15.739  148
15.742  148
15.747  148
15.75  148
15.755  148
15.759  148
15.764  148
15.768  156
15.773  156
15.777  148
15.782  148
15.786  156
15.791  156
15.795  156
15.798  148
15.803  148
15.807  148
15.811  148
15.815  156
15.82  156
15.825  156
15.83  156
15.834  156
15.841  148
15.846  148
15.851  156
15.857  156
15.862  148
15.867  156
15.873  156
15.878  148
15.884  148
15.891  156
15.896  156
15.9  148
15.906  148
15.91  156
15.915  156
15.92  156
15.926  156
15.932  148
15.939  148
15.943  156
15.949  148
15.955  148
15.959  156
15.964  156
15.969  156
15.975  156
15.98  148
15.986  148
15.991  156
15.997  156
16.001  148
16.008  148
16.013  156
16.018  156
16.026  156
16.033  148
16.038  148
16.043  156
16.048  148
16.053  148
16.058  156
16.063  156
16.067  156
16.074  156
16.079  156
16.083  148
16.089  156
16.094  156
16.097  156
16.104  156
16.108  148
16.113  148
16.117  156
16.123  156
16.127  148
16.131  148
16.136  148
16.14  156
16.145  156
16.148  148
16.156  148
16.16  156
16.165  156
16.169  156
16.174  156
16.178  148
16.183  148
16.188  156
16.192  156
16.197  156
16.201  156
16.205  156
16.208  148
16.213  148
16.217  156
16.225  156
16.229  156
16.233  156
16.238  148
16.242  148
16.246  156
16.25  156
16.256  156
16.26  148
16.263  148
16.267  156
16.272  156
16.277  156
16.281  156
16.285  148
16.291  148
16.294  148
16.298  156
16.302  156
16.307  148
16.311  148
16.314  148
16.318  156
16.325  156
16.329  156
16.332  156
16.336  148
16.343  148
16.349  148
16.357  156
16.361  156
16.364  156
16.369  148
16.377  148
16.382  156
16.388  148
16.392  148
16.397  156
16.402  156
16.406  156
16.41  156
16.414  156
16.418  148
16.423  148
16.426  156
16.431  156
16.436  156
16.44  148
16.444  148
16.448  156
16.455  156
16.458  156
16.462  156
16.466  148
16.472  148
16.476  148
16.48  156
16.484  156
16.489  156
16.493  156
16.497  148
16.5  148
16.506  148
16.514  156
16.521  156
16.528  148
16.536  156
16.543  148
16.55  148
16.556  156
16.56  156
16.564  156
16.567  148
16.574  148
16.577  156
16.582  156
16.59  156
16.594  156
16.598  148
16.602  148
16.607  156
16.611  156
16.615  148
16.638  148
16.642  148
16.647  148
16.651  148
16.656  148
16.66  156
16.664  156
16.669  148
16.674  148
16.678  156
16.683  156
16.689  156
16.694  156
16.698  148
16.702  148
16.706  156
16.711  156
16.715  156
16.718  148
16.724  148
16.727  156
16.732  156
16.736  148
16.741  148
16.745  148
16.749  156
16.754  156
16.759  156
16.762  156
16.766  148
16.773  148
16.778  148
16.782  156
16.788  148
16.792  148
16.796  156
16.801  156
16.806  156
16.809  148
16.813  148
16.818  156
16.823  156
16.826  156
16.832  156
16.837  156
16.843  148
16.851  148
16.857  156
16.863  148
16.869  156
16.878  156
16.883  156
16.888  148
16.894  148
16.898  156
16.902  156
16.907  148
16.911  148
16.916  148
16.92  156
16.925  156
16.929  156
16.933  156
16.938  148
16.943  148
16.947  156
16.951  156
16.959  156
16.966  148
16.974  156
16.979  156
16.984  148
16.991  156
16.997  156
17.002  148
17.007  148
17.011  156
17.015  156
17.019  156
17.023  156
17.027  148
17.032  148
17.037  156
17.041  156
17.046  148
17.052  148
17.057  148
17.064  156
17.167  156
17.179  156
17.192  156
17.197  148
17.201  156
17.216  156
17.224  156
17.228  148
17.232  156
17.237  148
17.241  148
17.245  156
17.25  156
17.256  156
17.26  148
17.264  148
17.268  156
17.275  156
17.279  156
17.284  156
17.29  148
17.294  148
17.298  156
17.304  156
17.309  148
17.314  148
17.318  156
17.324  156
17.328  148
17.333  148
17.337  156
17.343  156
17.347  156
17.351  148
17.36  156
17.367  156
17.374  148
17.378  148
17.383  156
17.391  156
17.396  156
17.399  148
17.405  148
17.41  156
17.415  156
17.418  148
17.425  148
17.429  156
17.434  156
17.44  148
17.445  148
17.45  156
17.457  156
17.461  156
17.465  148
17.474  148
17.478  148
17.483  156
17.491  148
17.501  148
17.506  156
17.51  148
17.517  148
17.523  156
17.527  156
17.532  156
17.538  156
17.542  148
17.547  156
17.553  156
17.557  156
17.561  148
17.566  156
17.572  156
17.576  156
17.581  148
17.588  148
17.594  156
17.599  156
17.604  156
17.609  148
17.614  148
17.619  156
17.624  156
17.629  148
17.634  148
17.639  156
17.644  156
17.648  148
17.652  148
17.657  156
17.661  156
17.665  156
17.669  156
17.675  156
17.679  148
17.685  148
17.693  156
17.698  156
17.702  148
17.707  156
17.711  156
17.714  156
17.718  148
17.724  148
17.727  156
17.731  156
17.737  156
17.74  156
17.744  156
17.748  148
17.754  148
17.758  148
17.761  156
17.766  148
17.771  148
17.775  148
17.779  156
17.784  156
17.789  148
17.793  148
17.798  156
17.803  156
17.807  156
17.811  156
17.816  148
17.822  148
17.826  148
17.83  156
17.835  156
17.841  148
17.846  148
17.85  156
17.855  156
17.86  148
17.864  148
17.868  156
17.875  156
17.88  156
17.884  156
17.891  148
17.895  148
17.899  156
17.906  156
17.91  148
17.915  148
17.92  156
17.926  156
17.93  148
17.936  148
17.941  156
17.945  156
17.949  156
17.955  156
17.959  148
17.963  148
17.968  156
17.976  156
17.982  148
17.988  148
17.992  156
17.996  148
18.004  148
18.008  148
18.013  156
18.02  156
18.026  156
18.032  148
18.038  148
18.042  156
18.048  148
18.052  148
18.057  156
18.061  156
18.065  156
18.069  148
18.075  148
18.079  156
18.084  156
18.089  156
18.095  156
18.101  148
18.108  148
18.113  156
18.117  148
18.124  148
18.128  148
18.132  156
18.138  148
18.143  148
18.147  156
18.15  156
18.157  156
18.162  156
18.166  148
18.172  148
18.176  148
18.18  156
18.188  156
18.194  148
18.198  156
18.204  156
18.208  148
18.213  148
18.219  156
18.224  156
18.229  148
18.234  148
18.239  156
18.243  156
18.247  156
18.251  156
18.256  148
18.261  148
18.266  148
18.271  156
18.277  156
18.281  148
18.287  148
18.291  156
18.296  156
18.3  148
18.306  148
18.31  156
18.315  156
18.318  148
18.325  148
18.33  156
18.335  156
18.341  156
18.345  156
18.349  148
18.354  148
18.359  156
18.364  156
18.371  148
18.379  148
18.384  156
18.392  148
18.398  148
18.406  156
18.41  156
18.414  156
18.417  148
18.423  148
18.427  156
18.431  156
18.437  156
18.442  148
18.446  148
18.45  156
18.457  156
18.465  148
18.472  148
18.476  156
18.482  156
18.486  156
18.491  148
18.495  148
18.499  156
18.505  156
18.508  148
18.513  148
18.518  156
18.523  156
18.526  148
18.531  148
18.535  148
18.54  156
18.545  156
18.549  156
18.554  156
18.558  148
18.563  148
18.567  156
18.574  156
18.578  148
18.582  148
18.589  156
18.593  156
18.597  148
18.601  148
18.607  148
18.612  156
18.617  156
18.624  156
18.628  156
18.632  148
18.639  156
18.643  156
18.647  148
18.652  148
18.657  148
18.661  156
18.665  156
18.669  148
18.675  148
18.681  156
18.688  156
18.692  156
18.695  148
18.7  148
18.705  148
18.708  156
18.713  156
18.717  148
18.723  148
18.727  156
18.731  156
18.736  156
18.74  148
18.745  148
18.749  156
18.755  156
18.759  156
18.763  156
18.767  148
18.773  148
18.778  148
18.782  156
18.787  148
18.793  148
18.798  148
18.804  156
18.81  148
18.815  148
18.821  156
18.828  156
18.834  156
18.84  148
18.845  148
18.849  156
18.855  156
18.86  148
18.866  148
18.872  156
18.876  156
18.881  148
18.888  148
18.897  156
18.901  156
18.906  156
18.91  148
18.915  148
18.921  156
18.926  156
18.93  156
18.934  156
18.939  148
18.944  148
18.949  156
18.955  156
18.959  148
18.964  148
18.968  156
18.974  156
18.981  148
18.989  148
18.996  156
19.003  156
19.01  156
19.017  148
19.025  156
19.03  156
19.034  148
19.041  156
19.045  156
19.048  148
19.054  148
19.06  156
19.066  156
19.073  156
19.077  156
19.081  148
19.087  148
19.092  156
19.098  156
19.105  156
19.109  148
19.114  148
19.118  156
19.125  156
19.133  148
19.139  148
19.143  156
19.148  148
19.153  148
19.158  156
19.163  156
19.167  156
19.174  156
19.18  148
19.185  148
19.189  156
19.195  156
19.199  148
19.203  148
19.208  156
19.214  156
19.218  156
19.223  156
19.227  148
19.231  148
19.236  148
19.24  156
19.245  156
19.248  148
19.253  148
19.257  156
19.262  156
19.266  156
19.27  156
19.275  156
19.279  148
19.284  148
19.292  156
19.296  156
19.3  148
19.306  148
19.309  156
19.314  156
19.318  148
19.325  148
19.329  156
19.334  156
19.34  156
19.345  156
19.35  148
19.356  148
19.36  156
19.364  156
19.37  156
19.375  156
19.379  148
19.383  148
19.389  156
19.394  156
19.398  148
19.402  148
19.407  156
19.413  156
19.418  156
19.423  148
19.427  156
19.432  156
19.437  156
19.442  156
19.446  156
19.45  148
19.456  148
19.46  156
19.466  156
19.472  148
19.478  148
19.485  156
19.494  156
19.498  156
19.502  148
19.508  156
19.512  156
19.517  148
19.523  148
19.527  148
19.531  156
19.535  156
19.541  156
19.545  156
19.549  148
19.555  148
19.56  156
19.564  156
19.568  148
19.574  148
19.578  156
19.582  156
19.589  148
19.594  148
19.598  156
19.604  156
19.608  156
19.613  156
19.617  148
19.623  148
19.627  156
19.632  156
19.637  156
19.641  148
19.646  148
19.65  156
19.656  156
19.66  148
19.681  148
19.687  156
19.693  148
19.699  148
19.705  156
19.714  156
19.72  156
19.725  148
19.73  156
19.736  156
19.741  148
19.747  148
19.751  156
19.757  156
19.762  148
19.769  148
19.776  156
19.781  156
19.788  156
19.792  148
19.796  156
19.8  156
19.806  156
19.81  156
19.814  156
19.819  148
19.825  148
19.829  156
19.833  156
19.839  148
19.843  148
19.847  156
19.851  156
19.859  156
19.865  148
19.87  156
19.876  156
19.883  156
19.888  156
19.893  148
19.898  156
19.903  156
19.907  156
19.911  156
19.916  148
19.921  148
19.925  148
19.929  156
19.934  156
19.939  148
19.943  148
19.947  156
19.952  156
19.957  156
19.962  156
19.967  156
19.972  148
19.977  148
19.981  156
19.987  148
19.994  148
19.999  148
20.004  156
20.008  156
20.013  156
20.018  148
20.023  148
20.027  156
20.032  156
20.036  156
20.041  148
20.045  148
20.049  156
20.055  156
20.06  148
20.065  148
20.069  156
20.076  156
20.081  156
20.086  156
20.091  148
20.095  148
20.099  156
20.106  156
20.109  156
20.113  156
20.117  148
20.122  148
20.127  148
20.132  156
20.138  156
20.142  156
20.146  148
20.151  148
20.156  148
20.159  156
20.165  156
20.169  148
20.174  148
20.178  156
20.184  156
20.19  148
20.194  148
20.199  156
20.206  156
20.209  156
20.215  156
20.22  148
20.225  148
20.23  156
20.234  156
20.239  156
20.244  156
20.25  148
20.257  148
20.262  156
20.266  156
20.272  148
20.277  148
20.283  156
20.289  156
20.293  156
20.297  148
20.301  148
20.307  148
20.311  156
20.316  148
20.322  148
20.326  148
20.33  156
20.335  156
20.342  156
20.347  156
20.351  148
20.357  148
20.361  156
20.366  156
20.372  156
20.376  156
20.38  148
20.387  148
20.391  156
20.395  156
20.4  156
20.406  156
20.41  148
20.419  148
20.424  156
20.428  148
20.433  148
20.438  156
20.444  156
20.45  148
20.459  148
20.469  156
20.474  156
20.478  148
20.483  148
20.49  156
20.497  156
20.5  156
20.506  156
20.511  148
20.516  148
20.522  156
20.527  156
20.532  156
20.537  156
20.542  148
20.548  156
20.556  156
20.56  148
20.565  148
20.57  156
20.578  156
20.585  156
20.59  148
20.595  148
20.599  156
20.605  156
20.61  156
20.616  156
20.62  148
20.625  148
20.63  156
20.638  156
20.642  148
20.647  156
20.652  156
20.659  156
20.664  156
20.667  148
20.674  148
20.681  156
20.688  156
20.693  156
20.697  148
20.702  148
20.708  148
20.712  156
20.717  156
20.722  156
20.727  156
20.731  148
20.737  148
20.742  156
20.748  156
20.754  148
20.759  156
20.764  156
20.768  156
20.773  156
20.778  148
20.784  148
20.79  156
20.795  156
20.8  156
20.806  156
20.81  148
20.816  148
20.821  156
20.825  156
20.829  148
20.833  148
20.839  156
20.844  156
20.848  156
20.852  156
20.857  148
20.862  148
20.867  148
20.872  156
20.876  156
20.88  156
20.885  156
20.889  148
20.894  148
20.899  156
20.904  156
20.909  156
20.914  156
20.918  148
20.925  148
20.929  156
20.933  156
20.94  148
20.944  148
20.948  156
20.954  156
20.959  156
20.964  156
20.969  148
20.975  148
20.98  156
20.987  156
20.993  148
20.997  148
21.002  156
21.007  156
21.011  156
21.016  148
21.022  148
21.026  148
21.03  156
21.036  156
21.041  156
21.046  156
21.05  148
21.056  148
21.06  156
21.065  156
21.07  156
21.075  156
21.08  148
21.085  148
21.09  156
21.094  156
21.099  148
21.104  148
21.108  156
21.113  156
21.117  156
21.122  156
21.126  156
21.129  148
21.134  148
21.138  156
21.144  156
21.148  148
21.153  148
21.158  156
21.162  156
21.166  156
21.17  156
21.175  156
21.179  148
21.184  148
21.193  156
21.198  156
21.203  156
21.207  148
21.212  148
21.216  148
21.221  156
21.229  156
21.237  156
21.241  148
21.245  148
21.249  156
21.255  156
21.259  148
21.264  148
21.268  156
21.273  156
21.277  148
21.282  148
21.287  156
21.292  156
21.296  156
21.301  156
21.305  156
21.309  148
21.315  148
21.32  156
21.325  156
21.331  156
21.335  156
21.34  148
21.346  148
21.35  156
21.357  156
21.362  156
21.366  156
21.373  148
21.379  148
21.384  156
21.392  156
21.398  156
21.402  148
21.409  156
21.414  156
21.42  148
21.426  148
21.43  156
21.435  156
21.44  148
21.445  148
21.449  156
21.456  156
21.46  156
21.464  156
21.47  148
21.476  148
21.482  156
21.492  156
21.496  156
21.5  148
21.507  148
21.512  156
21.518  156
21.523  156
21.527  148
21.533  148
21.538  148
21.542  156
21.549  148
21.557  148
21.564  156
21.572  156
21.577  156
21.581  148
21.586  148
21.591  156
21.598  156
21.605  148
21.611  156
21.617  156
21.622  156
21.627  156
21.632  148
21.639  148
21.643  156
21.647  156
21.651  156
21.658  156
21.663  148
21.667  156
21.674  156
21.679  156
21.684  156
21.69  148
21.694  148
21.698  156
21.705  156
21.709  148
21.713  148
21.718  156
21.723  156
21.728  156
21.732  156
21.736  148
21.741  148
21.746  148
21.75  156
21.756  156
21.761  156
21.765  156
21.77  148
21.774  148
21.78  156
21.79  156
21.795  148
21.799  156
21.805  156
21.81  156
21.816  156
21.821  148
21.827  148
21.832  156
21.837  156
21.843  156
21.846  156
21.85  148
21.856  148
21.861  156
21.865  156
21.87  148
21.876  148
21.88  156
21.884  156
21.891  156
21.895  156
21.899  148
21.905  148
21.91  156
21.915  156
21.92  156
21.924  156
21.928  148
21.934  148
21.939  156
21.943  156
21.948  148
21.953  148
21.958  156
21.964  156
21.97  156
21.975  156
21.979  148
21.984  148
21.99  156
21.997  156
22.002  156
22.007  156
22.012  148
22.016  148
22.02  156
22.025  156
22.03  156
22.034  156
22.039  148
22.044  148
22.048  156
22.053  156
22.058  148
22.064  148
22.069  156
22.075  156
22.079  156
22.083  156
22.089  148
22.095  148
22.099  156
22.107  156
22.111  148
22.116  148
22.121  156
22.125  156
22.129  156
22.134  156
22.139  148
22.145  148
22.151  156
22.157  156
22.161  156
22.166  156
22.172  148
22.177  148
22.183  156
22.189  156
22.193  156
22.198  148
22.204  148
22.209  156
22.215  156
22.22  156
22.225  156
22.229  148
22.234  148
22.239  156
22.244  156
22.248  156
22.252  156
22.257  148
22.263  148
22.268  148
22.273  156
22.278  148
22.283  148
22.288  156
22.295  156
22.3  156
22.307  156
22.311  148
22.317  148
22.324  156
22.328  156
22.332  156
22.338  148
22.343  148
22.348  156
22.355  156
22.36  148
22.366  148
22.371  156
22.378  156
22.383  156
22.389  148
22.394  148
22.4  156
22.406  156
22.41  156
22.417  156
22.423  148
22.429  148
22.435  156
22.442  156
22.448  156
22.452  148
22.458  156
22.463  156
22.468  156
22.473  156
22.477  148
22.482  148
22.49  148
22.496  156
22.501  148
22.508  148
22.513  156
22.519  156
22.525  156
22.53  148
22.534  148
22.54  156
22.546  156
22.55  148
22.557  148
22.561  156
22.565  156
22.57  156
22.575  156
22.58  148
22.589  148
22.596  156
22.601  156
22.608  156
22.612  148
22.619  156
22.624  156
22.628  156
22.633  156
22.638  148
22.642  148
22.646  156
22.652  156
22.657  156
22.661  156
22.665  156
22.67  148
22.675  148
22.679  156
22.684  156
22.69  148
22.696  148
22.7  156
22.706  156
22.711  156
22.715  156
22.719  148
22.728  148
22.734  156
22.74  148
22.745  148
22.749  156
22.756  156
22.76  156
22.764  156
22.768  148
22.775  148
22.779  156
22.784  156
22.791  156
22.797  156
22.802  148
22.808  148
22.812  156
22.817  148
22.823  148
22.827  148
22.831  156
22.836  156
22.842  156
22.847  156
22.851  148
22.856  148
22.86  156
22.865  156
22.87  148
22.875  148
22.879  156
22.884  156
22.89  156
22.895  156
22.899  148
22.905  148
22.929  156
22.933  156
22.938  156
22.944  156
22.947  156
22.951  156
22.957  156
22.961  148
22.966  148
22.97  156
22.976  156
22.98  148
22.986  148
22.993  156
22.998  156
23.004  156
23.008  148
23.013  148
23.016  156
23.023  156
23.027  156
23.031  148
23.036  148
23.042  156
23.047  156
23.054  156
23.058  156
23.062  148
23.067  156
23.074  156
23.079  156
23.084  156
23.089  148
23.096  148
23.104  156
23.108  156
23.113  156
23.117  148
23.123  148
23.127  156
23.132  156
23.136  156
23.141  148
23.146  148
23.15  156
23.157  156
23.164  156
23.172  156
23.176  148
23.182  156
23.188  156
23.196  148
23.2  156
23.206  156
23.212  156
23.216  156
23.221  148
23.228  148
23.232  156
23.238  156
23.243  156
23.247  148
23.251  148
23.258  148
23.262  156
23.267  156
23.273  156
23.278  156
23.283  148
23.293  156
23.302  156
23.308  148
23.312  156
23.317  156
23.324  156
23.328  156
23.332  148
23.338  156
23.344  156
23.348  156
23.353  156
23.358  148
23.363  148
23.368  156
23.374  156
23.381  148
23.388  148
23.392  156
23.397  156
23.403  156
23.409  156
23.414  148
23.419  156
23.424  156
23.43  156
23.435  156
23.44  148
23.446  148
23.452  156
23.457  156
23.462  148
23.466  148
23.472  156
23.477  156
23.481  156
23.484  156
23.492  148
23.5  148
23.507  156
23.512  148
23.516  148
23.523  156
23.528  156
23.532  156
23.537  148
23.545  148
23.553  148
23.558  156
23.564  156
23.57  148
23.575  148
23.579  156
23.584  156
23.589  156
23.594  156
23.598  148
23.605  148
23.609  156
23.614  156
23.618  156
23.623  156
23.627  148
23.633  148
23.638  148
23.643  156
23.648  148
23.654  148
23.658  156
23.664  156
23.668  156
23.673  156
23.678  148
23.683  148
23.689  156
23.695  156
23.699  148
23.704  148
23.709  156
23.714  156
23.718  156
23.725  156
23.729  148
23.733  148
23.74  156
23.746  156
23.751  156
23.757  156
23.761  148
23.766  148
23.773  156
23.777  156
23.781  148
23.791  148
23.797  156
23.801  156
23.806  156
23.81  148
23.816  148
23.822  156
23.826  156
23.833  148
23.839  148
23.843  156
23.847  156
23.852  156
23.857  156
23.862  148
23.866  148
23.871  156
23.876  156
23.88  156
23.884  156
23.889  148
23.896  148
23.904  156
23.909  156
23.913  156
23.917  148
23.924  148
23.929  148
23.933  156
23.939  148
23.944  148
23.948  156
23.953  156
23.959  156
23.964  156
23.97  148
23.977  148
23.983  156
23.991  156
23.997  148
24.004  156
24.011  156
24.015  156
24.02  148
24.025  148
24.029  156
24.035  156
24.04  156
24.044  156
24.049  148
24.055  148
24.061  156
24.067  156
24.072  148
24.076  148
24.081  156
24.088  156
24.094  156
24.099  148
24.105  148
24.109  156
24.114  156
24.119  148
24.125  148
24.129  156
24.134  156
24.139  156
24.144  156
24.149  148
24.157  148
24.161  156
24.165  156
24.17  156
24.175  156
24.179  148
24.184  148
24.19  156
24.196  156
24.2  148
24.207  148
24.212  156
24.217  156
24.225  156
24.229  156
24.233  148
24.24  156
24.245  156
24.249  156
24.257  156
24.261  148
24.266  148
24.272  156
24.277  156
24.282  148
24.289  148
24.295  156
24.302  156
24.307  156
24.312  148
24.317  148
24.323  156
24.329  156
24.334  156
24.341  148
24.347  148
24.351  156
24.359  156
24.365  148
24.371  156
24.377  156
24.382  156
24.387  156
24.393  148
24.398  148
24.402  156
24.408  148
24.413  148
24.417  156
24.423  156
24.428  156
24.432  156
24.442  148
24.447  148
24.452  156
24.459  156
24.464  156
24.472  148
24.477  148
24.482  156
24.488  156
24.494  148
24.5  156
24.506  156
24.511  156
24.517  156
24.522  148
24.527  148
24.531  156
24.537  156
24.541  148
24.547  148
24.552  156
24.557  156
24.562  156
24.567  156
24.572  148
24.578  148
24.583  156
24.59  156
24.597  156
24.606  148
24.612  148
24.616  156
24.622  156
24.626  156
24.63  148
24.635  148
24.64  156
24.645  156
24.65  148
24.656  148
24.66  156
24.665  156
24.67  156
24.676  156
24.679  148
24.685  148
24.691  156
24.696  156
24.7  156
24.707  156
24.711  148
24.716  148
24.721  156
24.726  156
24.73  148
24.735  148
24.741  156
24.745  156
24.749  156
24.755  156
24.759  148
24.764  148
24.768  156
24.774  156
24.778  156
24.782  156
24.787  148
24.794  148
24.798  148
24.802  156
24.809  156
24.814  156
24.819  148
24.825  148
24.829  156
24.834  156
24.841  148
24.846  148
24.85  156
24.856  156
24.86  148
24.865  148
24.871  156
24.876  156
24.88  156
24.885  156
24.894  148
24.898  148
24.904  156
24.909  156
24.915  156
24.921  148
24.926  148
24.931  156
24.937  156
24.942  156
24.947  156
24.951  148
24.957  148
24.962  156
24.968  156
24.974  156
24.979  148
24.984  148
24.989  156
24.995  156
25  148
25.006  148
25.011  156
25.016  156
25.021  156
25.025  156
25.03  148
25.034  148
25.04  156
25.046  156
25.05  148
25.057  148
25.062  156
25.067  156
25.073  156
25.078  156
25.082  148
25.09  148
25.099  156
25.106  156
25.111  148
25.116  148
25.122  156
25.127  156
25.131  156
25.138  156
25.142  148
25.147  148
25.153  156
25.162  156
25.172  156
25.177  148
25.184  156
25.192  156
25.198  148
25.205  156
25.211  156
25.218  156
25.224  148
25.231  156
25.238  156
25.243  148
25.249  156
25.256  156
25.263  156
25.268  156
25.274  148
25.28  156
25.293  156
25.299  148
25.305  156
25.311  156
25.316  156
25.322  148
25.328  148
25.332  156
25.339  148
25.345  148
25.351  156
25.358  156
25.362  156
25.367  148
25.373  148
25.377  148
25.381  156
25.387  156
25.395  156
25.4  156
25.407  148
25.411  156
25.417  156
25.423  148
25.434  148
25.44  156
25.446  156
25.452  148
25.458  148
25.464  156
25.468  148
25.475  148
25.481  156
25.487  156
25.494  156
25.499  156
25.505  148
25.511  156
25.516  156
25.52  156
25.526  156
25.53  148
25.535  148
25.542  156
25.547  156
25.551  148
25.559  148
25.563  156
25.568  148
25.574  148
25.578  156
25.585  156
25.593  156
25.598  156
25.604  148
25.61  156
25.616  156
25.622  156
25.628  156
25.634  148
25.64  156
25.645  156
25.666  148
25.673  148
25.68  148
25.687  156
25.693  156
25.698  156
25.703  148
25.71  156
25.717  156
25.725  156
25.73  156
25.735  148
25.742  156
25.746  156
25.751  148
25.758  148
25.765  156
25.774  156
25.778  156
25.783  148
25.79  156
25.797  156
25.808  148
25.815  148
25.822  156
25.828  156
25.836  148
25.841  156
25.846  156
25.851  148
25.857  148
25.861  156
25.866  156
25.872  148
25.876  148
25.881  156
25.885  156
25.891  156
25.896  156
25.901  148
25.907  148
25.912  156
25.917  156
25.923  156
25.927  156
25.932  148
25.937  148
25.943  156
25.949  156
25.955  148
25.961  156
25.967  156
25.973  148
25.978  148
25.983  156
25.989  156
25.995  156
26  148
26.008  148
26.013  156
26.018  156
26.025  148
26.029  156
26.035  156
26.042  156
26.046  156
26.053  148
26.059  148
26.064  156
26.068  148
26.075  148
26.079  156
26.089  156
26.096  156
26.103  148
26.109  148
26.114  156
26.122  148
26.129  148
26.135  156
26.141  148
26.151  148
26.157  156
26.164  156
26.172  156
26.178  148
26.184  156
26.191  156
26.197  156
26.202  148
26.209  148
26.214  156
26.222  148
26.228  148
26.233  156
26.24  148
26.246  148
26.251  156
26.26  156
26.267  156
26.273  148
26.278  148
26.282  156
26.289  148
26.294  148
26.3  156
26.307  156
26.312  148
26.318  148
26.323  156
26.328  156
26.332  156
26.337  156
26.343  148
26.349  148
26.355  156
26.36  156
26.365  156
26.369  148
26.375  148
26.381  156
26.387  156
26.396  148
26.401  148
26.407  156
26.413  148
26.418  148
26.424  156
26.429  156
26.434  156
26.439  148
26.446  148
26.451  156
26.458  156
26.462  148
26.467  148
26.472  156
26.478  156
26.484  156
26.491  148
26.497  148
26.504  156
26.509  156
26.513  148
26.52  156
26.526  156
26.53  156
26.535  156
26.54  148
26.545  148
26.549  156
26.555  156
26.56  148
26.565  148
26.571  156
26.576  156
26.58  148
26.585  148
26.59  156
26.598  156
26.607  156
26.613  156
26.619  148
26.627  156
26.633  148
26.638  148
26.644  156
26.649  148
26.656  148
26.66  156
26.665  156
26.67  156
26.676  156
26.68  148
26.685  148
26.69  156
26.696  156
26.702  156
26.708  156
26.712  148
26.717  156
26.724  156
26.728  156
26.732  148
26.74  156
26.745  156
26.749  148
26.754  148
26.759  156
26.763  156
26.768  156
26.773  156
26.778  148
26.783  148
26.789  148
26.794  156
26.799  148
26.805  148
26.809  156
26.816  156
26.821  156
26.827  156
26.831  148
26.837  148
26.842  156
26.847  156
26.851  148
26.858  148
26.863  156
26.868  148
26.874  148
26.879  148
26.883  156
26.89  156
26.894  156
26.899  148
26.908  148
26.914  156
26.918  148
26.925  148
26.929  156
26.934  156
26.942  156
26.947  156
26.952  148
26.958  148
26.962  156
26.967  148
26.973  148
26.977  148
26.981  156
26.987  156
26.993  148
27.018  148
27.024  156
27.028  156
27.033  156
27.038  156
27.043  156
27.047  148
27.052  148
27.057  148
27.062  156
27.067  156
27.072  148
27.077  148
27.083  156
27.089  156
27.094  148
27.1  156
27.106  156
27.111  156
27.116  156
27.121  148
27.127  148
27.131  156
27.137  156
27.142  148
27.147  148
27.152  156
27.159  156
27.163  156
27.167  148
27.175  148
27.179  148
27.184  156
27.192  148
27.199  148
27.207  156
27.212  156
27.217  156
27.224  148
27.23  148
27.235  156
27.241  148
27.248  148
27.256  156
27.26  156
27.266  148
27.271  156
27.277  156
27.283  156
27.29  156
27.295  148
27.3  156
27.307  156
27.311  148
27.316  148
27.323  156
27.327  156
27.332  148
27.34  148
27.348  156
27.356  156
27.36  156
27.365  148
27.371  156
27.38  156
27.385  156
27.39  148
27.396  148
27.404  156
27.41  156
27.416  148
27.423  156
27.429  156
27.435  148
27.44  156
27.446  156
27.451  156
27.457  156
27.463  148
27.564  148
27.572  156
27.579  156
27.585  148
27.605  156
27.615  156
27.62  156
27.625  156
27.629  148
27.634  148
27.642  156
27.649  156
27.655  148
27.66  156
27.665  156
27.669  156
27.674  156
27.679  148
27.684  148
27.689  156
27.694  156
27.698  148
27.705  148
27.71  156
27.716  156
27.722  156
27.726  156
27.73  148
27.737  148
27.742  156
27.747  156
27.752  148
27.758  148
27.762  156
27.767  156
27.773  156
27.777  156
27.783  148
27.788  148
27.793  156
27.8  148
27.806  148
27.811  156
27.816  156
27.822  156
27.827  156
27.832  148
27.838  148
27.843  156
27.848  156
27.853  156
27.859  148
27.863  148
27.868  156
27.875  156
27.879  156
27.883  148
27.892  156
27.899  156
27.906  148
27.91  156
27.915  156
27.92  156
27.925  156
27.93  148
27.935  148
27.941  156
27.946  156
27.951  156
27.956  156
27.961  148
27.966  148
27.972  156
27.976  156
27.981  148
27.987  148
27.991  156
27.997  156
28.002  148
28.008  148
28.014  156
28.019  156
28.024  156
28.029  148
28.034  148
28.041  156
28.047  156
28.053  156
28.059  156
28.064  148
28.07  156
28.077  156
28.082  148
28.088  148
28.093  156
28.098  156
28.105  156
28.114  148
28.119  148
28.125  156
28.132  148
28.139  148
28.144  156
28.151  156
28.158  156
28.162  148
28.167  148
28.172  156
28.177  156
28.182  148
28.188  148
28.194  156
28.2  148
28.208  148
28.212  156
28.217  156
28.224  156
28.23  156
28.235  148
28.241  156
28.247  156
28.251  156
28.256  156
28.261  148
28.266  148
28.271  156
28.276  156
28.281  148
28.286  148
28.292  156
28.298  156
28.304  156
28.31  156
28.315  148
28.321  156
28.327  156
28.333  148
28.339  148
28.344  156
28.348  156
28.354  156
28.359  148
28.365  148
28.372  156
28.377  156
28.381  148
28.392  148
28.399  156
28.405  148
28.41  156
28.416  156
28.423  156
28.429  156
28.434  148
28.44  156
28.445  156
28.45  156
28.455  156
28.46  148
28.466  148
28.472  156
28.478  156
28.483  148
28.49  148
28.495  156
28.499  148
28.507  148
28.514  156
28.524  156
28.529  156
28.533  148
28.54  156
28.544  156
28.549  148
28.556  148
28.56  156
28.565  156
28.571  148
28.576  148
28.58  156
28.587  156
28.592  156
28.597  156
28.603  148
28.609  148
28.616  156
28.623  148
28.629  148
28.636  156
28.642  156
28.646  156
28.652  148
28.659  148
28.665  156
28.672  148
28.677  148
28.681  156
28.687  156
28.692  156
28.699  156
28.706  148
28.714  156
28.722  156
28.727  148
28.732  156
28.737  156
28.743  148
28.748  148
28.752  156
28.759  156
28.764  156
28.768  148
28.776  148
28.78  156
28.786  156
28.792  148
28.797  148
28.802  156
28.811  156
28.82  156
28.825  148
28.829  156
28.835  156
28.84  148
28.845  148
28.851  156
28.857  156
28.861  156
28.866  156
28.872  148
28.876  148
28.882  156
28.887  156
28.892  148
28.898  148
28.906  156
28.912  156
28.917  156
28.922  148
28.928  148
28.932  156
28.939  156
28.944  148
28.949  156
28.957  156
28.961  156
28.965  156
28.971  148
28.977  148
28.982  156
28.988  156
28.994  148
29.004  148
29.01  156
29.016  148
29.024  156
29.03  156
29.036  156
29.043  148
29.049  148
29.06  156
29.066  148
29.073  156
29.078  156
29.084  148
29.091  156
29.098  156
29.103  156
29.109  156
29.115  148
29.122  156
29.128  156
29.134  156
29.14  148
29.147  148
29.151  156
29.158  156
29.164  148
29.17  156
29.177  156
29.181  148
29.186  148
29.192  156
29.197  156
29.202  156
29.212  156
29.218  148
29.227  156
29.234  156
29.24  148
29.245  156
29.25  148
29.258  148
29.262  156
29.267  156
29.273  156
29.277  156
29.282  148
29.288  148
29.294  156
29.299  148
29.307  148
29.311  156
29.316  156
29.322  156
29.326  156
29.331  148
29.337  148
29.342  156
29.348  156
29.353  148
29.359  156
29.365  156
29.37  156
29.375  156
29.38  148
29.385  148
29.39  156
29.396  156
29.401  148
29.407  148
29.413  156
29.419  156
29.426  148
29.432  156
29.439  156
29.445  156
29.45  148
29.458  148
29.462  156
29.467  156
29.473  156
29.478  156
29.482  148
29.49  148
29.498  156
29.504  148
29.51  148
29.515  156
29.522  148
29.528  148
29.532  156
29.539  156
29.544  156
29.548  148
29.555  148
29.56  156
29.565  156
29.57  148
29.575  148
29.58  156
29.585  156
29.593  156
29.601  156
29.609  148
29.62  156
29.626  148
29.633  156
29.641  156
29.648  156
29.655  148
29.663  148
29.67  156
29.675  148
29.68  156
29.685  156
29.691  148
29.696  148
29.702  156
29.712  156
29.716  156
29.722  148
29.727  148
29.731  156
29.737  156
29.757  156
29.762  156
29.766  156
29.772  148
29.78  148
29.79  156
29.796  148
29.803  156
29.808  156
29.813  156
29.818  148
29.824  148
29.828  148
29.833  156
29.839  148
29.845  148
29.851  156
29.857  156
29.863  156
29.867  156
29.873  148
29.879  148
29.883  156
29.889  148
29.897  148
29.906  156
29.911  156
29.915  156
29.922  148
29.929  148
29.935  156
29.942  148
29.946  148
29.951  156
29.958  156
29.962  148
29.967  148
29.973  156
29.979  156
29.985  156
29.991  148
29.995  148
30  156
30.01  156
30.018  148
30.025  156
30.03  148
30.037  148
30.042  156
30.047  156
30.054  156
30.06  156
30.068  148
30.075  156
30.08  156
30.086  156
30.092  148
30.099  148
30.106  156
30.114  148
30.122  148
30.129  156
30.138  148
30.147  156
30.157  156
30.162  156
30.167  148
30.175  156
30.182  156
30.189  156
30.194  148
30.201  156
30.21  156
30.215  148
30.223  156
30.229  156
30.235  148
30.24  156
30.246  156
30.251  156
30.257  156
30.262  148
30.268  148
30.273  156
30.278  156
30.282  156
30.287  156
30.293  148
30.299  148
30.306  156
30.31  148
30.316  148
30.322  156
30.328  156
30.332  148
30.339  148
30.343  156
30.348  156
30.354  156
30.36  148
30.365  148
30.37  156
30.376  156
30.381  156
30.385  156
30.392  148
30.396  148
30.401  156
30.412  156
30.417  148
30.424  156
30.428  156
30.433  148
30.439  156
30.446  156
30.452  156
30.459  156
30.464  148
30.469  156
30.477  156
30.483  148
30.489  148
30.494  156
30.499  156
30.507  156
30.514  148
30.522  148
30.527  156
30.533  148
30.539  148
30.544  156
30.55  156
30.556  156
30.561  148
30.568  148
30.573  156
30.578  156
30.583  148
30.588  148
30.593  156
30.602  156
30.607  156
30.612  148
30.617  148
30.623  156
30.629  156
30.635  148
30.641  156
30.648  156
30.654  156
30.66  156
30.664  148
30.67  156
30.677  156
30.681  148
30.687  148
30.693  156
30.7  156
30.707  148
30.712  156
30.718  156
30.724  156
30.729  156
30.734  148
30.74  156
30.744  156
30.75  148
30.756  148
30.761  156
30.766  156
30.773  156
30.782  156
30.787  148
30.792  156
30.798  156
30.803  148
30.813  156
30.819  156
30.825  156
30.83  148
30.835  148
30.841  156
30.848  156
30.854  148
30.86  148
30.866  156
30.872  156
30.877  156
30.881  148
30.886  148
30.895  156
30.905  156
30.911  148
30.916  156
30.923  156
30.928  156
30.932  148
30.938  148
30.943  156
30.948  148
30.954  148
30.959  148
30.963  156
30.968  156
30.974  156
30.978  148
30.983  148
30.989  156
30.994  156
31.002  148
31.009  148
31.014  156
31.019  156
31.025  156
31.03  148
31.036  148
31.042  156
31.048  156
31.054  148
31.059  156
31.065  156
31.071  156
31.076  156
31.081  148
31.086  148
31.101  156
31.108  156
31.113  156
31.117  156
31.123  156
31.128  156
31.132  148
31.139  148
31.144  156
31.149  148
31.156  148
31.161  156
31.166  156
31.174  148
31.181  148
31.19  156
31.197  156
31.206  148
31.222  148
31.227  156
31.237  148
31.244  148
31.25  156
31.258  148
31.265  156
31.272  148
31.279  148
31.284  156
31.291  156
31.298  156
31.304  148
31.313  156
31.319  156
31.326  156
31.331  148
31.338  148
31.344  156
31.35  156
31.356  148
31.362  156
31.368  156
31.375  148
31.381  156
31.388  156
31.395  156
31.405  156
31.414  148
31.421  156
31.427  156
31.433  148
31.441  148
31.446  156
31.452  148
31.459  148
31.466  156
31.475  148
31.484  148
31.495  156
31.506  156
31.516  148
31.526  156
31.534  156
31.542  148
31.547  156
31.553  148
31.56  148
31.565  156
31.573  148
31.58  148
31.592  156
31.6  156
31.609  148
31.616  156
31.624  156
31.628  156
31.634  148
31.643  156
31.652  156
31.661  148
31.671  156
31.677  156
31.683  148
31.69  148
31.695  156
31.707  148
31.719  148
31.73  156
31.735  148
31.742  156
31.749  156
31.755  148
31.76  156
31.766  156
31.771  148
31.777  148
31.782  156
31.789  156
31.795  156
31.801  148
31.81  148
31.816  156
31.824  156
31.831  156
31.839  148
31.848  156
31.859  148
31.864  156
31.87  156
31.875  156
31.881  148
31.889  148
31.894  156
31.9  148
31.906  148
31.911  156
31.917  156
31.923  156
31.928  156
31.934  148
31.941  156
31.947  156
31.952  148
31.958  148
31.963  156
31.967  156
31.973  156
31.979  156
31.984  148
31.991  156
31.996  156
32.001  148
32.012  148
32.021  156
32.026  156
32.031  148
32.038  148
32.043  156
32.048  156
32.055  148
32.061  156
32.066  156
32.074  156
32.081  156
32.09  148
32.095  156
32.101  148
32.107  148
32.111  156
32.118  156
32.125  156
32.134  156
32.141  148
32.148  156
32.154  148
32.159  148
32.164  156
32.169  148
32.175  148
32.181  156
32.186  156
32.191  156
32.198  156
32.207  148
32.213  148
32.221  156
32.229  148
32.235  156
32.242  156
32.249  156
32.258  148
32.268  156
32.275  156
32.28  148
32.284  156
32.291  156
32.297  156
32.302  148
32.308  148
32.313  156
32.319  148
32.327  148
32.331  156
32.339  156
32.345  148
32.351  156
32.358  156
32.365  156
32.373  156
32.379  148
32.385  156
32.391  148
32.399  148
32.406  156
32.412  148
32.418  148
32.424  156
32.431  156
32.439  156
32.445  148
32.454  156
32.461  156
32.468  148
32.477  156
32.485  156
32.492  148
32.497  156
32.505  156
32.512  156
32.516  148
32.523  156
32.528  156
32.532  156
32.539  148
32.545  148
32.549  156
32.556  156
32.562  148
32.568  148
32.574  156
32.578  156
32.584  148
32.59  156
32.595  156
32.6  156
32.607  156
32.613  148
32.619  148
32.624  156
32.629  148
32.635  148
32.64  156
32.645  156
32.65  148
32.656  148
32.661  156
32.667  156
32.675  156
32.68  156
32.685  148
32.692  156
32.698  156
32.702  148
32.71  148
32.716  156
32.723  148
32.728  148
32.733  156
32.739  156
32.744  156
32.749  148
32.754  148
32.76  156
32.767  156
32.775  148
32.78  148
32.786  156
32.793  148
32.804  148
32.809  156
32.815  156
32.823  148
32.83  148
32.837  156
32.845  156
32.852  156
32.86  148
32.87  156
32.877  148
32.885  156
32.892  156
32.9  148
32.908  156
32.915  156
32.923  156
32.928  148
32.934  156
32.944  156
32.95  156
32.958  148
32.966  156
32.975  156
32.98  148
32.991  156
33.008  148
33.013  156
33.021  156
33.027  148
33.038  156
33.044  156
33.05  148
33.058  156
33.065  148
33.073  148
33.078  156
33.09  156
33.098  156
33.104  156
33.11  156
33.116  156
33.124  148
33.133  148
33.141  156
33.149  148
33.157  156
33.165  148
33.173  148
33.178  156
33.185  156
33.191  156
33.196  148
33.202  156
33.21  156
33.216  148
33.224  156
33.23  156
33.235  156
33.241  148
33.247  148
33.254  156
33.26  156
33.268  148
33.275  156
33.28  156
33.287  156
33.293  148
33.307  148
33.312  156
33.318  148
33.324  156
33.33  156
33.338  148
33.346  156
33.354  156
33.359  156
33.363  148
33.368  156
33.375  156
33.38  156
33.39  148
33.396  156
33.405  148
33.41  148
33.415  156
33.421  156
33.433  156
33.439  148
33.445  156
33.45  148
33.457  148
33.462  156
33.468  156
33.475  148
33.484  148
33.492  156
33.5  148
33.508  156
33.516  156
33.523  156
33.527  148
33.533  156
33.54  156
33.545  148
33.553  156
33.559  156
33.566  148
33.571  156
33.578  156
33.585  148
33.592  148
33.597  156
33.604  156
33.61  156
33.615  148
33.62  156
33.629  156
33.64  148
33.648  156
33.654  148
33.661  148
33.667  156
33.675  156
33.68  156
33.686  148
33.692  156
33.697  156
33.704  148
33.711  148
33.718  156
33.725  148
33.731  148
33.737  156
33.744  156
33.754  156
33.759  148
33.765  156
33.772  148
33.779  148
33.785  133
33.791  96
33.799  96
33.806  66
33.813  37
33.823  37
33.845  29
33.85  14
33.859  -7
33.868  0
33.878  0
33.883  0
33.89  0
33.896  0
33.902  0
33.911  0
33.921  0
33.928  0
33.94  0
33.949  0
33.957  0
33.963  0
33.972  0
33.978  0
33.984  0
33.991  0
33.998  0
34.007  0
34.013  0
34.021  0
34.027  0
34.032  0
34.041  0
34.047  0
34.055  0
34.061  0
34.068  0
34.076  0
34.084  0
34.093  0
34.098  0
34.108  0
34.118  0
34.128  0
34.137  0
34.144  0
34.149  0
34.157  0
34.163  0
34.168  0
34.175  0
34.18  0
34.187  0
34.194  0
34.199  0
34.207  0
34.217  0
34.226  0
34.232  0
34.238  0
34.243  0
34.249  0
34.254  0
34.26  0
34.266  0
34.272  0
34.278  0
34.283  0
34.29  0
34.297  0
34.301  0
34.31  0
34.321  0
34.33  0
34.337  0
34.342  0
34.347  0
34.354  0
34.36  0
34.366  0
34.372  0
34.378  0
34.384  0
34.391  0
34.397  0
34.405  0
34.413  0
34.421  0
34.427  0
34.432  0
34.439  0
34.447  0
34.456  0
34.461  0
34.466  0
34.473  0
34.478  0
34.484  0
34.49  0
34.497  0
34.502  0
34.511  0
34.517  0
34.523  0
34.528  0
34.535  0
34.541  0
34.547  0
34.552  0
34.558  0
34.563  0
34.568  0
34.573  0
34.578  0
34.584  0
34.591  0
34.596  0
34.6  0
34.607  0
34.613  0
34.618  0
34.624  0
34.628  0
34.633  0
34.639  0
34.646  0
34.654  0
34.66  0
34.668  0
34.674  0
34.679  0
34.683  0
34.69  0
34.696  0
34.701  0
34.707  0
34.713  0
34.721  0
34.727  0
34.732  0
34.738  0
34.744  0
34.75  0
34.758  0
34.765  0
34.773  0
34.778  0
34.783  0
34.788  0
34.795  0
34.805  0
34.815  0
34.822  0
34.828  0
34.835  0
34.841  0
34.846  0
34.851  0
34.858  0
34.866  0
34.873  0
34.878  0
34.882  0
34.889  0
34.896  0
34.903  0
34.909  0
34.918  0
34.926  0
34.935  0
34.942  0
34.949  0
34.956  0
34.961  0
34.967  0
34.973  0
34.979  0
34.985  0
34.992  0
35  0
35.007  0
35.014  0
35.022  0
35.029  0
35.035  0
35.043  0
35.05  0
35.059  0
35.064  0
35.068  0
35.075  0
35.08  0
35.088  0
35.093  0
35.098  0
35.104  0
35.11  0
35.117  0
35.123  0
35.129  0
35.135  0
35.142  0
35.148  0
35.152  0
35.159  0
35.165  0
35.17  0
35.181  0
35.186  0
35.191  0
35.199  0
