6.357  0
6.364  0
6.368  0
6.375  0
6.381  0
6.385  0
6.392  0
6.397  0
6.401  0
6.409  0
6.413  0
6.418  0
6.425  0
6.434  0
6.442  0
6.446  0
6.45  0
6.455  0
6.461  0
6.465  0
6.47  0
6.476  0
6.48  0
6.484  0
6.491  0
6.494  0
6.498  0
6.502  0
6.508  0
6.513  0
6.517  0
6.525  0
6.53  0
6.536  0
6.542  0
6.545  0
6.552  0
6.575  0
6.579  0
6.583  0
6.588  0
6.592  0
6.596  0
6.601  0
6.608  0
6.615  0
6.619  0
6.623  0
6.627  0
6.632  0
6.638  0
6.646  0
6.652  0
6.659  0
6.662  0
6.666  0
6.671  0
6.678  0
6.685  0
6.691  0
6.714  0
6.718  0
6.724  0
6.73  0
6.739  0
6.746  0
6.75  0
6.755  0
6.759  0
6.763  0
6.767  0
6.772  0
6.776  0
6.78  0
6.784  0
6.79  0
6.794  0
6.799  0
6.805  0
6.811  0
6.819  0
6.828  0
6.839  0
6.843  0
6.847  0
6.851  0
6.858  0
6.865  0
6.872  0
6.876  0
6.881  0
6.884  0
6.891  0
6.898  0
6.903  0
6.909  0
6.914  0
6.919  0
6.925  0
6.933  0
6.938  0
6.943  0
6.949  0
6.955  0
6.96  0
6.964  0
6.968  0
6.972  0
6.979  0
6.985  0
6.992  0
6.996  0
7  0
7.007  0
7.012  0
7.018  0
7.025  0
7.029  0
7.033  0
7.04  0
7.045  0
7.051  0
7.056  0
7.062  0
7.066  0
7.071  0
7.076  0
7.081  0
7.086  0
7.091  0
7.096  0
7.101  0
7.109  0
7.118  0
7.124  0
7.13  0
7.136  0
7.142  0
7.149  0
7.156  0
7.161  0
7.168  0
7.174  0
7.178  0
7.184  0
7.192  0
7.197  0
7.204  0
7.21  0
7.215  0
7.223  0
7.227  0
7.231  0
7.238  0
7.242  0
7.248  0
7.253  0
7.259  0
7.264  0
7.271  0
7.276  0
7.281  0
7.285  0
7.291  0
7.295  0
7.299  0
7.302  0
7.311  0
7.32  0
7.326  0
7.33  0
7.334  0
7.339  0
7.344  0
7.348  0
7.351  0
7.357  0
7.361  0
7.366  0
7.373  0
7.378  0
7.384  0
7.39  0
7.395  0
7.4  0
7.405  0
7.411  0
7.415  0
7.42  0
7.425  0
7.429  0
7.432  0
7.438  0
7.444  0
7.449  0
7.453  0
7.458  0
7.462  0
7.466  0
7.471  0
7.478  0
7.482  0
7.485  0
7.491  0
7.494  0
7.499  0
7.505  0
7.51  0
7.514  0
7.518  0
7.524  0
7.533  0
7.538  0
7.543  0
7.546  0
7.551  0
7.557  0
7.564  0
7.569  0
7.577  0
7.581  0
7.584  0
7.589  0
7.593  0
7.605  0
7.609  0
7.612  0
7.616  0
7.621  0
7.626  0
7.629  0
7.633  0
7.638  0
7.642  0
7.646  0
7.651  0
7.655  0
7.66  0
7.663  0
7.683  0
7.688  0
7.692  0
7.695  0
7.701  0
7.706  0
7.713  0
7.717  0
7.722  0
7.727  0
7.731  0
7.735  0
7.74  0
7.744  0
7.748  0
7.751  0
7.757  0
7.761  0
7.765  0
7.77  0
7.776  0
7.784  0
7.789  0
7.793  0
7.797  0
7.802  0
7.809  0
7.813  0
7.817  0
7.823  0
7.827  0
7.83  0
7.834  0
7.84  0
7.844  0
7.848  0
7.851  0
7.856  0
7.86  0
7.864  0
7.869  0
7.874  0
7.878  0
7.881  0
7.885  0
7.89  0
7.895  0
7.901  0
7.908  0
7.912  0
7.916  0
7.923  0
7.929  0
7.933  0
7.937  0
7.942  0
7.946  0
7.95  0
7.954  0
7.959  0
7.97  0
7.977  0
7.98  0
7.984  0
7.99  0
7.994  0
7.998  0
8.002  0
8.007  0
8.011  0
8.015  0
8.018  0
8.023  0
8.027  0
8.031  0
8.034  0
8.04  0
8.044  0
8.048  0
8.052  0
8.058  0
8.061  0
8.065  0
8.069  0
8.076  0
8.08  0
8.084  0
8.089  0
8.093  0
8.097  0
8.101  0
8.106  0
8.111  0
8.114  0
8.119  0
8.124  0
8.127  0
8.131  0
8.135  0
8.139  0
8.143  0
8.147  0
8.151  0
8.156  0
8.163  0
8.17  0
8.175  0
8.179  0
8.183  0
8.187  0
8.193  0
8.197  0
8.2  0
8.205  0
8.209  0
8.213  0
8.217  0
8.221  0
8.225  0
8.229  0
8.233  0
8.243  0
8.25  0
8.257  0
8.261  0
8.265  0
8.269  0
8.276  0
8.281  0
8.285  0
8.29  0
8.294  0
8.3  0
8.304  0
8.311  0
8.315  0
8.319  0
8.324  0
8.328  0
8.333  0
8.338  0
8.343  0
8.348  0
8.354  0
8.36  0
8.364  0
8.371  0
8.382  0
8.388  0
8.394  0
8.4  0
8.407  0
8.411  0
8.415  0
8.423  0
8.428  0
8.433  0
8.441  0
8.449  0
8.455  0
8.461  0
8.467  0
8.474  0
8.478  0
8.487  0
8.492  0
8.497  0
8.503  0
8.509  0
8.515  0
8.522  0
8.527  0
8.531  0
8.535  0
8.541  0
8.545  0
8.551  0
8.557  0
8.561  0
8.564  0
8.569  0
8.575  0
8.582  0
8.588  0
8.594  0
8.601  0
8.607  0
8.613  0
8.618  0
8.623  0
8.627  0
8.63  0
8.634  0
8.641  0
8.646  0
8.651  0
8.655  0
8.66  0
8.665  0
8.67  0
8.679  0
8.684  0
8.689  0
8.694  0
8.698  0
8.704  0
8.713  0
8.717  0
8.723  0
8.728  0
8.732  0
8.739  0
8.744  0
8.748  0
8.752  0
8.758  0
8.762  0
8.766  0
8.771  0
8.777  0
8.785  0
8.791  0
8.797  0
8.803  0
8.809  14
8.814  81
8.821  81
8.826  126
8.831  126
8.838  171
8.843  171
8.847  200
8.852  230
8.858  230
8.862  245
8.868  245
8.875  260
8.88  260
8.888  267
8.894  267
8.899  290
8.907  290
8.911  290
8.918  297
8.924  297
8.929  305
8.933  305
8.939  305
8.945  312
8.952  312
8.959  312
8.965  312
8.972  312
8.98  320
8.99  312
8.998  312
9.005  327
9.012  320
9.021  320
9.026  320
9.031  320
9.037  320
9.043  320
9.049  327
9.058  320
9.066  320
9.074  327
9.08  320
9.088  327
9.094  327
9.1  320
9.109  327
9.119  327
9.124  320
9.131  327
9.141  327
9.146  327
9.15  320
9.155  327
9.162  327
9.166  327
9.17  327
9.175  320
9.181  320
9.19  327
9.196  327
9.204  327
9.21  320
9.214  327
9.22  327
9.226  327
9.233  327
9.24  320
9.249  327
9.258  327
9.263  327
9.269  320
9.279  327
9.289  327
9.295  327
9.302  320
9.312  327
9.319  327
9.325  327
9.331  327
9.338  320
9.344  320
9.35  327
9.357  327
9.362  327
9.366  320
9.371  327
9.377  327
9.383  327
9.389  327
9.394  327
9.398  327
9.402  320
9.41  320
9.415  327
9.42  327
9.426  327
9.43  327
9.434  320
9.445  320
9.452  327
9.46  327
9.465  327
9.47  327
9.48  320
9.485  320
9.62  327
9.627  320
9.636  327
9.646  320
9.664  327
9.67  327
9.679  320
9.684  320
9.69  327
9.699  320
9.706  320
9.717  327
9.724  327
9.754  327
9.759  320
9.769  320
9.776  320
9.78  327
9.789  327
9.796  327
9.803  320
9.809  327
9.814  327
9.822  327
9.828  320
9.832  320
9.84  327
9.856  327
9.862  327
9.866  320
9.872  320
9.878  327
9.882  320
9.888  320
9.894  327
9.899  327
9.907  327
9.911  327
9.915  327
9.92  327
9.925  320
9.93  320
9.935  327
9.942  327
9.946  327
9.953  320
9.96  320
9.968  327
9.975  327
9.979  327
9.984  320
9.991  320
9.997  327
10.001  327
10.008  327
10.013  327
10.018  320
10.025  327
10.031  327
10.035  327
10.042  327
10.049  320
10.057  327
10.061  327
10.065  327
10.069  327
10.076  320
10.081  320
10.087  327
10.093  327
10.097  327
10.101  320
10.107  320
10.112  320
10.118  327
10.125  327
10.129  320
10.137  327
10.144  327
10.15  327
10.157  327
10.162  327
10.166  320
10.172  327
10.178  327
10.182  327
10.189  320
10.195  327
10.206  327
10.211  327
10.218  320
10.225  320
10.23  327
10.24  327
10.245  327
10.249  320
10.257  327
10.265  327
10.271  327
10.276  320
10.281  320
10.291  327
10.298  327
10.305  327
10.312  320
10.321  327
10.331  327
10.338  327
10.342  320
10.346  327
10.351  327
10.355  327
10.36  327
10.364  320
10.371  320
10.377  327
10.382  327
10.386  327
10.391  327
10.396  320
10.401  320
10.408  327
10.413  327
10.417  327
10.422  320
10.429  320
10.435  320
10.442  327
10.447  327
10.454  320
10.459  320
10.464  327
10.471  327
10.476  320
10.48  320
10.484  327
10.49  327
10.495  327
10.5  327
10.51  327
10.517  327
10.524  320
10.532  327
10.54  320
10.548  320
10.558  327
10.566  327
10.579  327
10.585  320
10.593  327
10.6  320
10.604  327
10.613  327
10.618  327
10.623  320
10.628  320
10.639  327
10.645  327
10.649  327
10.658  320
10.664  320
10.671  327
10.679  327
10.688  327
10.697  320
10.703  327
10.711  320
10.72  327
10.727  327
10.734  327
10.74  327
10.749  320
10.755  320
10.763  327
10.768  320
10.776  327
10.783  327
10.794  327
10.8  320
10.804  327
10.813  327
10.818  327
10.826  320
10.831  320
10.835  327
10.843  327
10.849  327
10.854  320
10.862  320
10.868  327
10.875  327
10.884  320
10.893  327
10.901  327
10.907  320
10.914  320
10.919  327
10.925  327
10.931  327
10.941  320
10.946  320
10.958  327
10.962  327
10.97  320
10.98  327
10.991  327
10.997  327
11.004  320
11.01  327
11.016  327
11.021  327
11.026  320
11.031  320
11.035  327
11.042  327
11.047  320
11.052  320
11.06  327
11.065  327
11.072  327
11.077  320
11.083  327
11.091  327
11.096  327
11.101  327
11.109  320
11.116  320
11.121  327
11.127  327
11.131  327
11.135  320
11.143  320
11.149  327
11.156  320
11.162  320
11.167  327
11.175  327
11.179  327
11.186  320
11.193  320
11.212  327
11.22  327
11.228  327
11.233  327
11.244  327
11.256  320
11.263  327
11.273  320
11.278  327
11.29  327
11.295  327
11.301  320
11.31  327
11.315  327
11.321  327
11.328  320
11.336  320
11.344  327
11.353  320
11.36  327
11.364  327
11.371  327
11.378  320
11.384  320
11.391  327
11.397  327
11.403  327
11.408  320
11.416  327
11.425  327
11.431  327
11.44  320
11.446  320
11.452  327
11.464  327
11.469  327
11.477  327
11.484  327
11.49  320
11.496  327
11.502  327
11.508  327
11.513  327
11.519  320
11.526  327
11.532  327
11.536  327
11.542  327
11.562  320
11.569  327
11.575  320
11.58  320
11.585  327
11.594  327
11.599  320
11.605  327
11.611  327
11.616  327
11.623  327
11.628  327
11.633  320
11.641  320
11.646  327
11.652  327
11.659  320
11.665  320
11.67  327
11.678  327
11.683  327
11.689  320
11.694  327
11.701  327
11.708  320
11.715  320
11.721  327
11.727  327
11.733  327
11.74  320
11.746  327
11.752  327
11.757  327
11.762  320
11.767  320
11.771  327
11.776  327
11.78  327
11.784  327
11.792  327
11.796  320
11.801  320
11.808  327
11.813  327
11.817  320
11.824  327
11.829  327
11.833  327
11.838  327
11.843  320
11.848  320
11.851  327
11.858  327
11.862  327
11.866  327
11.871  320
11.877  320
11.881  320
11.885  327
11.891  327
11.896  320
11.902  320
11.907  327
11.917  327
11.926  327
11.931  320
11.936  327
11.944  327
11.948  327
11.952  320
11.958  320
11.962  320
11.966  327
11.971  320
11.977  320
11.982  320
11.986  327
11.992  327
11.996  327
12.001  327
12.006  320
12.011  320
12.015  327
12.02  327
12.026  320
12.03  320
12.034  327
12.04  327
12.045  327
12.049  327
12.054  320
12.061  320
12.065  327
12.07  327
12.075  320
12.08  320
12.084  327
12.091  327
12.096  327
12.101  327
12.108  320
12.114  320
12.121  327
12.126  320
12.131  320
12.135  327
12.141  327
12.145  327
12.149  327
12.153  320
12.159  320
12.163  327
12.168  327
12.173  320
12.177  320
12.182  327
12.188  327
12.192  327
12.197  327
12.202  320
12.208  320
12.212  320
12.217  327
12.223  320
12.228  320
12.232  327
12.239  327
12.243  320
12.248  320
12.254  327
12.26  327
12.265  327
12.27  327
12.275  320
12.28  320
12.284  327
12.292  327
12.301  320
12.309  320
12.313  327
12.318  320
12.325  327
12.33  327
12.334  327
12.341  327
12.345  320
12.35  320
12.356  327
12.364  327
12.373  320
12.379  327
12.385  327
12.392  327
12.397  320
12.402  320
12.407  327
12.412  327
12.416  320
12.423  320
12.428  327
12.433  327
12.438  327
12.443  320
12.448  320
12.452  327
12.459  327
12.463  327
12.467  320
12.473  327
12.478  327
12.482  327
12.487  327
12.492  327
12.495  320
12.501  320
12.506  327
12.512  327
12.517  320
12.522  320
12.526  327
12.531  327
12.534  327
12.54  327
12.544  320
12.549  320
12.553  327
12.559  327
12.563  320
12.569  320
12.574  327
12.578  327
12.582  327
12.59  327
12.595  320
12.601  320
12.606  320
12.612  320
12.617  327
12.623  327
12.627  327
12.632  320
12.637  320
12.642  320
12.646  327
12.651  320
12.658  320
12.662  320
12.668  327
12.673  327
12.677  327
12.682  320
12.686  320
12.694  320
12.698  327
12.702  320
12.71  320
12.714  327
12.719  327
12.726  327
12.731  327
12.735  320
12.742  320
12.746  327
12.75  327
12.755  320
12.76  320
12.764  327
12.769  327
12.775  320
12.78  320
12.785  327
12.79  327
12.796  327
12.801  327
12.806  320
12.812  320
12.818  327
12.824  320
12.828  320
12.833  327
12.838  327
12.843  327
12.849  327
12.856  320
12.862  320
12.866  327
12.871  327
12.876  320
12.882  320
12.886  327
12.892  327
12.896  320
12.901  320
12.906  327
12.93  327
12.934  327
12.94  327
12.944  327
12.948  327
12.952  320
12.958  320
12.962  320
12.966  327
12.971  320
12.977  320
12.981  320
12.985  327
12.992  327
12.996  320
13.001  320
13.006  327
13.011  327
13.015  327
13.02  327
13.025  320
13.03  320
13.034  327
13.04  327
13.044  320
13.049  320
13.057  327
13.065  327
13.069  327
13.074  320
13.08  320
13.085  327
13.091  327
13.095  327
13.099  327
13.104  320
13.11  320
13.114  327
13.12  327
13.125  327
13.129  327
13.133  320
13.139  320
13.144  327
13.15  327
13.154  320
13.16  320
13.165  327
13.17  327
13.177  327
13.181  327
13.186  327
13.193  327
13.198  320
13.204  327
13.21  327
13.214  320
13.22  320
13.226  327
13.232  327
13.237  327
13.243  327
13.249  320
13.256  327
13.262  327
13.266  327
13.272  327
13.277  320
13.281  320
13.286  327
13.293  327
13.298  327
13.303  320
13.309  320
13.313  327
13.319  327
13.325  320
13.33  320
13.334  327
13.341  327
13.345  327
13.35  327
13.355  320
13.361  320
13.365  327
13.37  327
13.376  327
13.381  327
13.385  320
13.391  320
13.396  327
13.401  327
13.405  327
13.411  327
13.415  320
13.42  320
13.426  327
13.432  327
13.437  320
13.443  327
13.448  327
13.452  327
13.458  327
13.462  320
13.467  320
13.471  320
13.476  327
13.481  327
13.485  327
13.493  327
13.5  320
13.508  327
13.514  327
13.52  327
13.528  320
13.533  320
13.539  327
13.544  327
13.548  327
13.553  320
13.561  320
13.566  327
13.573  327
13.578  327
13.584  320
13.59  320
13.594  327
13.599  327
13.604  320
13.61  320
13.615  327
13.62  327
13.626  327
13.631  327
13.636  320
13.645  320
13.653  327
13.659  327
13.663  320
13.669  320
13.673  327
13.678  327
13.683  327
13.687  327
13.692  320
13.697  320
13.701  320
13.707  327
13.714  327
13.722  327
13.729  320
13.734  320
13.74  327
13.745  327
13.749  327
13.756  320
13.765  320
13.769  327
13.775  320
13.78  320
13.785  327
13.791  327
13.795  327
13.8  327
13.805  320
13.811  320
13.816  327
13.821  327
13.826  327
13.83  327
13.835  320
13.841  320
13.845  327
13.85  327
13.855  327
13.861  327
13.865  320
13.87  320
13.875  327
13.88  327
13.884  327
13.89  327
13.894  320
13.899  320
13.903  327
13.911  327
13.916  327
13.921  327
13.927  320
13.933  320
13.938  327
13.944  327
13.948  327
13.952  320
13.96  320
13.965  327
13.969  327
13.975  320
13.981  320
13.986  327
13.995  327
13.999  327
14.004  320
14.01  320
14.014  327
14.019  327
14.025  327
14.03  327
14.034  320
14.04  320
14.044  327
14.05  327
14.054  327
14.06  327
14.065  320
14.07  320
14.076  327
14.082  327
14.087  327
14.092  327
14.097  320
14.103  320
14.108  327
14.114  320
14.118  320
14.124  327
14.131  327
14.136  327
14.142  327
14.146  320
14.151  320
14.157  327
14.162  327
14.167  327
14.173  320
14.179  320
14.183  327
14.19  327
14.196  327
14.201  327
14.207  320
14.213  320
14.218  327
14.224  320
14.23  320
14.236  327
14.243  327
14.247  327
14.253  320
14.263  320
14.267  327
14.274  320
14.279  320
14.283  327
14.289  327
14.295  327
14.299  327
14.303  320
14.31  320
14.314  327
14.319  327
14.325  320
14.33  320
14.334  327
14.342  327
14.346  327
14.352  327
14.36  327
14.364  327
14.368  320
14.374  327
14.38  327
14.384  320
14.391  320
14.395  327
14.401  327
14.407  327
14.411  327
14.415  320
14.42  320
14.425  327
14.431  327
14.436  320
14.442  320
14.448  327
14.454  327
14.46  327
14.466  320
14.472  320
14.477  327
14.482  327
14.486  327
14.493  327
14.497  320
14.502  327
14.509  327
14.513  320
14.518  320
14.524  327
14.529  327
14.533  327
14.538  327
14.543  320
14.548  320
14.552  327
14.558  327
14.562  327
14.566  327
14.571  327
14.576  320
14.58  320
14.584  327
14.592  327
14.596  320
14.603  327
14.61  327
14.615  327
14.621  327
14.625  320
14.63  320
14.635  327
14.641  327
14.645  327
14.65  327
14.655  320
14.662  320
14.667  327
14.673  327
14.677  327
14.682  320
14.687  320
14.692  320
14.697  327
14.702  327
14.707  327
14.711  327
14.718  320
14.727  320
14.732  327
14.738  327
14.744  327
14.748  320
14.753  327
14.761  327
14.766  320
14.772  320
14.778  327
14.784  327
14.789  327
14.796  320
14.802  320
14.809  327
14.813  327
14.819  327
14.826  320
14.832  320
14.837  327
14.844  327
14.849  327
14.854  320
14.862  320
14.868  327
14.875  327
14.88  327
14.89  320
14.895  320
14.903  327
14.91  327
14.916  320
14.925  320
14.932  327
14.942  320
14.949  320
14.954  327
14.962  327
14.969  320
14.98  320
14.987  327
14.993  320
14.998  327
15.003  327
15.01  327
15.015  320
15.02  320
15.029  327
15.037  327
15.043  327
15.05  320
15.06  327
15.066  327
15.073  327
15.079  320
15.084  327
15.091  327
15.096  320
15.102  320
15.109  327
15.114  327
15.12  327
15.128  327
15.134  327
15.14  320
15.146  327
15.155  327
15.163  320
15.17  327
15.176  327
15.18  327
15.186  320
15.192  320
15.198  327
15.204  320
15.21  320
15.216  327
15.222  327
15.227  327
15.232  327
15.238  320
15.243  320
15.249  327
15.254  327
15.26  327
15.266  320
15.272  320
15.277  327
15.282  327
15.289  320
15.294  320
15.298  327
15.306  320
15.312  320
15.318  327
15.325  327
15.331  327
15.336  320
15.342  320
15.347  327
15.352  327
15.359  327
15.363  320
15.368  320
15.374  327
15.379  327
15.383  320
15.393  320
15.4  327
15.406  320
15.411  320
15.415  327
15.42  327
15.425  327
15.43  327
15.434  320
15.441  320
15.445  327
15.451  327
15.456  327
15.461  327
15.466  320
15.471  320
15.476  327
15.481  327
15.486  320
15.492  320
15.497  327
15.502  327
15.507  320
15.513  320
15.518  327
15.526  327
15.53  327
15.535  320
15.543  320
15.547  327
15.552  327
15.558  327
15.562  327
15.566  320
15.572  320
15.577  327
15.581  327
15.585  320
15.592  320
15.598  327
15.606  327
15.612  327
15.617  320
15.624  320
15.628  327
15.633  320
15.652  320
15.657  327
15.661  327
15.666  320
15.674  320
15.678  327
15.683  327
15.687  327
15.693  320
15.698  320
15.702  327
15.709  327
15.713  327
15.719  320
15.726  327
15.731  327
15.735  327
15.741  327
15.747  320
15.752  320
15.759  327
15.764  327
15.768  320
15.774  327
15.779  327
15.783  327
15.789  327
15.794  320
15.8  320
15.808  327
15.842  327
15.93  320
15.94  327
15.948  327
15.953  327
15.961  320
15.967  327
15.994  327
15.999  320
16.006  320
16.012  320
16.018  327
16.024  320
16.029  320
16.033  327
16.039  327
16.045  327
16.05  327
16.055  320
16.062  320
16.074  327
16.078  320
16.083  327
16.091  327
16.095  327
16.1  327
16.105  320
16.112  320
16.118  327
16.128  327
16.134  320
16.142  327
16.147  327
16.151  327
16.158  320
16.163  320
16.167  327
16.174  320
16.179  320
16.189  327
16.194  327
16.199  327
16.205  320
16.21  320
16.217  327
16.225  327
16.231  320
16.239  327
16.245  327
16.252  320
16.262  327
16.267  327
16.273  327
16.279  320
16.285  327
16.293  327
16.301  320
16.307  327
16.312  327
16.317  320
16.324  320
16.329  327
16.335  327
16.342  327
16.347  320
16.352  327
16.36  327
16.364  327
16.369  327
16.375  320
16.38  320
16.384  327
16.391  327
16.395  320
16.401  320
16.407  327
16.412  327
16.417  320
16.426  320
16.431  327
16.435  327
16.443  327
16.448  320
16.453  327
16.461  327
16.467  320
16.474  320
16.479  327
16.485  327
16.491  327
16.496  320
16.501  320
16.509  327
16.517  327
16.523  320
16.534  327
16.545  327
16.552  320
16.561  327
16.568  327
16.577  320
16.583  327
16.594  327
16.602  320
16.61  327
16.618  327
16.627  320
16.635  327
16.644  320
16.652  327
16.663  320
16.673  320
16.679  327
16.685  320
16.692  320
16.697  327
16.705  327
16.71  320
16.716  327
16.723  327
16.727  327
16.732  320
16.742  320
16.749  320
16.756  327
16.763  320
16.771  327
16.779  327
16.787  327
16.796  320
16.804  327
16.811  320
16.822  327
16.831  327
16.839  327
16.844  320
16.854  327
16.861  327
16.87  320
16.879  320
16.887  327
16.894  320
16.903  327
16.91  327
16.917  320
16.924  320
16.931  327
16.939  320
16.946  320
16.951  327
16.959  327
16.965  327
16.969  320
16.977  327
16.986  327
17.013  320
17.024  327
17.032  327
17.04  320
17.046  320
17.051  327
17.061  327
17.069  327
17.077  320
17.083  327
17.091  320
17.097  327
17.106  327
17.112  320
17.117  327
17.126  327
17.133  327
17.142  320
17.15  327
17.161  320
17.17  320
17.177  327
17.182  327
17.188  320
17.193  320
17.199  327
17.21  320
17.216  320
17.223  327
17.233  327
17.244  320
17.252  327
17.259  320
17.265  320
17.272  327
17.278  320
17.285  320
17.292  327
17.297  327
17.302  327
17.308  320
17.316  327
17.324  327
17.33  320
17.338  327
17.345  327
17.351  320
17.357  327
17.365  327
17.372  327
17.377  320
17.383  320
17.394  327
17.401  320
17.41  327
17.414  327
17.419  327
17.425  320
17.43  320
17.439  327
17.449  327
17.458  320
17.464  327
17.471  320
17.478  327
17.485  327
17.492  320
17.5  327
17.508  327
17.513  327
17.521  320
17.528  327
17.537  327
17.545  320
17.553  327
17.56  327
17.566  327
17.574  320
17.581  320
17.588  327
17.593  327
17.598  327
17.602  320
17.611  320
17.618  320
17.623  327
17.627  320
17.633  327
17.64  327
17.646  327
17.651  327
17.655  320
17.663  320
17.67  327
17.677  320
17.682  320
17.686  327
17.693  327
17.697  327
17.701  320
17.708  320
17.713  320
17.717  327
17.724  320
17.729  320
17.733  327
17.74  327
17.744  320
17.749  320
17.754  327
17.76  327
17.764  327
17.769  327
17.774  320
17.779  320
17.784  327
17.79  327
17.795  320
17.8  320
17.807  327
17.811  327
17.816  327
17.821  327
17.826  320
17.831  320
17.835  327
17.841  327
17.846  320
17.851  320
17.856  327
17.861  327
17.866  320
17.875  320
17.881  327
17.885  327
17.891  327
17.896  320
17.9  320
17.905  327
17.911  327
17.916  320
17.921  320
17.926  327
17.931  327
17.936  327
17.942  327
17.946  320
17.951  320
17.957  327
17.963  327
17.967  320
17.974  327
17.978  327
17.983  320
17.989  320
17.994  327
17.999  327
18.004  320
18.016  320
18.022  327
18.027  327
18.032  327
18.038  320
18.043  320
18.048  327
18.069  320
18.075  320
18.08  327
18.086  320
18.092  320
18.098  327
18.103  327
18.11  320
18.115  327
18.121  327
18.129  320
18.135  320
18.142  327
18.149  320
18.154  320
18.16  327
18.165  327
18.17  327
18.176  320
18.181  320
18.185  327
18.193  327
18.197  320
18.202  327
18.21  327
18.218  327
18.228  327
18.234  320
18.242  327
18.247  320
18.255  320
18.261  327
18.266  320
18.275  320
18.281  327
18.289  320
18.294  320
18.298  327
18.303  327
18.309  327
18.313  320
18.319  320
18.324  327
18.329  327
18.334  320
18.341  320
18.346  327
18.35  327
18.356  327
18.36  327
18.365  320
18.372  320
18.376  327
18.382  327
18.386  320
18.392  320
18.399  327
18.408  327
18.413  327
18.417  320
18.424  327
18.431  327
18.442  320
18.449  320
18.453  327
18.462  320
18.467  327
18.472  327
18.477  327
18.482  327
18.486  320
18.495  320
18.499  327
18.504  320
18.51  320
18.514  327
18.519  327
18.527  320
18.532  320
18.537  327
18.544  327
18.549  327
18.555  320
18.561  320
18.565  327
18.572  327
18.577  320
18.582  320
18.588  327
18.594  327
18.599  327
18.608  320
18.615  320
18.62  327
18.625  320
18.63  320
18.635  327
18.641  327
18.647  327
18.651  327
18.656  320
18.661  320
18.666  327
18.671  327
18.676  320
18.681  320
18.686  327
18.692  327
18.696  327
18.701  327
18.707  320
18.712  320
18.716  327
18.722  327
18.727  320
18.733  320
18.738  327
18.745  320
18.749  320
18.755  327
18.761  327
18.766  327
18.771  327
18.776  320
18.78  320
18.786  327
18.792  327
18.797  320
18.804  320
18.81  327
18.815  320
18.82  320
18.826  327
18.83  327
18.835  320
18.841  320
18.846  327
18.851  327
18.858  320
18.864  320
18.87  327
18.877  327
18.881  327
18.885  320
18.893  320
18.898  320
18.902  327
18.908  327
18.912  327
18.917  327
18.923  327
18.932  320
18.938  327
18.944  327
18.949  320
18.954  327
18.961  327
18.965  320
18.97  320
18.976  327
18.981  327
18.985  320
18.994  320
18.998  327
19.003  327
19.011  327
19.015  320
19.02  320
19.026  327
19.031  327
19.036  320
19.044  320
19.048  327
19.054  320
19.061  320
19.069  327
19.078  327
19.085  320
19.092  327
19.101  320
19.11  320
19.116  327
19.124  327
19.13  320
19.139  327
19.144  327
19.149  320
19.159  327
19.167  327
19.175  320
19.182  327
19.193  327
19.199  327
19.206  320
19.212  327
19.216  320
19.224  320
19.228  327
19.233  320
19.241  320
19.245  327
19.249  327
19.255  320
19.264  320
19.273  327
19.277  327
19.282  327
19.286  320
19.292  320
19.296  327
19.302  327
19.306  320
19.312  320
19.316  327
19.322  327
19.327  320
19.332  320
19.336  327
19.342  327
19.348  320
19.353  320
19.359  327
19.364  327
19.368  327
19.378  320
19.383  320
19.389  327
19.395  320
19.4  320
19.405  327
19.411  327
19.416  320
19.421  320
19.427  327
19.433  327
19.439  320
19.444  327
19.449  327
19.454  327
19.459  327
19.464  320
19.47  320
19.476  327
19.481  327
19.485  320
19.492  320
19.496  327
19.502  327
19.509  327
19.514  327
19.518  320
19.525  327
19.53  327
19.535  320
19.547  320
19.553  327
19.56  327
19.565  327
19.57  320
19.575  327
19.581  327
19.585  320
19.592  320
19.596  327
19.601  327
19.607  320
19.612  320
19.617  327
19.623  327
19.628  320
19.633  327
19.639  327
19.643  327
19.649  327
19.653  320
19.66  320
19.665  327
19.669  327
19.676  320
19.681  320
19.687  327
19.694  327
19.698  327
19.703  320
19.71  320
19.714  327
19.719  327
19.726  320
19.731  320
19.735  327
19.748  327
19.754  327
19.76  320
19.764  327
19.77  327
19.777  320
19.783  320
19.789  327
19.795  327
19.8  327
19.807  320
19.813  320
19.819  327
19.826  320
19.833  320
19.84  327
19.846  327
19.851  327
19.859  320
19.865  320
19.872  327
19.879  320
19.886  320
19.893  327
19.902  320
19.909  327
19.914  327
19.919  327
19.925  320
19.93  320
19.935  327
19.943  327
19.948  320
19.954  327
19.962  327
19.968  320
19.977  320
19.984  327
19.992  327
19.999  320
20.01  320
20.016  327
20.026  320
20.034  327
20.043  327
20.048  320
20.059  327
20.069  327
20.078  320
20.085  327
20.093  320
20.1  327
20.11  327
20.116  327
20.123  320
20.131  327
20.141  320
20.149  320
20.157  327
20.162  320
20.167  327
20.174  327
20.18  327
20.187  320
20.194  320
20.199  327
20.209  320
20.215  320
20.222  327
20.23  327
20.239  327
20.243  320
20.252  327
20.259  320
20.267  320
20.274  327
20.281  320
20.289  327
20.294  327
20.301  320
20.307  327
20.316  327
20.323  327
20.329  320
20.335  327
20.343  327
20.349  320
20.358  327
20.366  327
20.373  320
20.377  327
20.383  320
20.392  320
20.4  327
20.41  327
20.416  327
20.424  320
20.43  327
20.436  320
20.443  320
20.448  327
20.458  320
20.467  320
20.472  327
20.478  320
20.485  320
20.492  327
20.497  327
20.502  327
20.509  320
20.517  320
20.524  327
20.53  320
20.539  327
20.545  327
20.55  327
20.555  320
20.561  320
20.566  327
20.572  327
20.578  320
20.586  320
20.593  327
20.6  320
20.609  327
20.617  327
20.624  327
20.629  320
20.636  327
20.643  327
20.65  320
20.658  327
20.663  327
20.668  320
20.679  327
20.684  327
20.69  327
20.695  320
20.703  320
20.709  327
20.713  320
20.719  320
20.725  327
20.734  327
20.741  320
20.747  327
20.753  327
20.759  320
20.767  327
20.775  327
20.78  327
20.787  320
20.794  320
20.799  327
20.807  320
20.812  320
20.818  327
20.826  327
20.832  320
20.839  327
20.845  327
20.852  320
20.86  327
20.865  327
20.869  327
20.876  320
20.884  320
20.891  327
20.897  320
20.902  320
20.91  327
20.916  327
20.922  327
20.927  320
20.934  320
20.941  320
20.946  327
20.953  327
20.96  327
20.965  327
20.97  320
20.978  327
20.985  327
20.991  320
20.998  327
21.004  327
21.01  327
21.016  320
21.023  320
21.028  327
21.033  320
21.041  320
21.047  327
21.052  327
21.058  320
21.066  320
21.073  327
21.08  327
21.086  327
21.109  320
21.114  327
21.122  327
21.128  320
21.136  320
21.147  327
21.155  327
21.161  320
21.168  327
21.176  327
21.183  320
21.189  327
21.196  327
21.201  320
21.207  327
21.212  327
21.218  320
21.226  320
21.231  327
21.235  327
21.242  327
21.247  320
21.252  320
21.259  327
21.264  327
21.269  320
21.275  327
21.281  327
21.286  320
21.293  320
21.298  327
21.303  320
21.311  320
21.315  327
21.322  327
21.327  327
21.332  327
21.341  320
21.348  320
21.358  327
21.363  320
21.373  327
21.38  320
21.389  327
21.395  327
21.4  320
21.406  327
21.416  327
21.422  327
21.427  320
21.435  320
21.441  327
21.446  320
21.454  320
21.462  327
21.47  320
21.477  320
21.482  327
21.491  320
21.497  320
21.502  327
21.509  327
21.513  327
21.518  320
21.524  327
21.532  327
21.541  320
21.549  320
21.557  327
21.563  320
21.571  327
21.579  320
21.588  320
21.593  327
21.598  320
21.603  327
21.61  327
21.615  320
21.621  320
21.626  327
21.631  327
21.636  320
21.643  320
21.65  327
21.658  327
21.664  320
21.67  327
21.676  320
21.682  320
21.687  327
21.696  327
21.703  320
21.71  327
21.716  320
21.723  320
21.728  327
21.733  320
21.74  320
21.745  327
21.751  327
21.758  327
21.762  327
21.769  320
21.775  320
21.782  327
21.79  320
21.795  320
21.8  327
21.813  320
21.819  320
21.825  320
21.83  320
21.834  327
21.841  327
21.848  320
21.857  320
21.863  327
21.873  320
21.878  320
21.886  327
21.892  320
21.901  327
21.91  327
21.917  320
21.925  327
21.934  320
21.942  327
21.949  320
21.954  320
21.961  327
21.966  327
21.97  327
21.976  320
21.982  320
21.988  327
21.994  327
22.002  320
22.011  327
22.017  327
22.026  320
22.032  327
22.039  320
22.046  320
22.052  327
22.059  327
22.064  327
22.07  320
22.078  327
22.085  327
22.093  320
22.1  327
22.108  320
22.114  320
22.119  327
22.128  320
22.134  320
22.142  327
22.148  327
22.154  327
22.161  320
22.166  327
22.174  327
22.18  320
22.186  327
22.194  327
22.199  327
22.207  320
22.213  320
22.218  327
22.225  320
22.23  320
22.236  327
22.243  327
22.248  320
22.254  327
22.261  327
22.266  320
22.277  320
22.283  327
22.29  320
22.296  327
22.302  327
22.309  320
22.314  320
22.32  327
22.327  320
22.333  320
22.337  327
22.346  327
22.352  320
22.358  327
22.363  327
22.368  320
22.375  327
22.385  327
22.391  320
22.396  327
22.401  327
22.407  320
22.414  320
22.422  327
22.427  320
22.432  320
22.438  327
22.446  327
22.45  320
22.457  327
22.463  327
22.468  320
22.475  327
22.48  327
22.486  320
22.492  320
22.497  327
22.503  327
22.509  320
22.515  327
22.523  327
22.528  320
22.535  320
22.543  327
22.551  320
22.558  327
22.565  327
22.571  327
22.576  320
22.583  320
22.589  327
22.595  327
22.6  320
22.607  327
22.614  327
22.62  320
22.627  327
22.633  327
22.639  320
22.645  320
22.651  327
22.658  320
22.663  320
22.667  327
22.674  327
22.679  320
22.688  327
22.693  327
22.698  327
22.702  320
22.713  320
22.717  320
22.725  327
22.733  320
22.741  327
22.747  320
22.758  320
22.764  327
22.769  320
22.778  327
22.787  327
22.792  320
22.801  327
22.809  327
22.817  320
22.823  327
22.831  327
22.838  320
22.846  320
22.853  320
22.86  327
22.868  327
22.876  327
22.883  320
22.892  327
22.899  320
22.908  320
22.912  327
22.921  320
22.926  320
22.932  327
22.942  320
22.949  320
22.957  327
22.968  320
22.975  327
22.981  320
22.987  327
22.994  327
23.002  320
23.011  327
23.022  327
23.029  320
23.037  327
23.043  320
23.048  327
23.058  327
23.065  320
23.073  327
23.08  320
23.086  327
23.096  327
23.103  320
23.111  327
23.119  320
23.127  320
23.134  327
23.143  320
23.151  327
23.161  327
23.166  320
23.174  320
23.179  327
23.185  327
23.191  327
23.196  320
23.203  320
23.208  327
23.214  320
23.225  320
23.231  327
23.236  320
23.244  320
23.252  327
23.259  320
23.268  320
23.277  327
23.285  320
23.292  320
23.297  327
23.303  327
23.308  320
23.314  320
23.323  327
23.33  320
23.339  327
23.346  327
23.351  320
23.357  327
23.362  327
23.37  320
23.376  320
23.383  327
23.391  320
23.396  327
23.401  327
23.411  320
23.418  320
23.425  327
23.43  320
23.439  327
23.446  327
23.451  320
23.459  327
23.464  327
23.47  320
23.477  327
23.484  327
23.491  320
23.496  327
23.502  327
23.508  320
23.513  320
23.518  327
23.525  320
23.532  320
23.54  327
23.549  327
23.556  327
23.562  320
23.567  320
23.572  320
23.58  327
23.585  327
23.593  327
23.6  320
23.609  320
23.614  327
23.622  320
23.628  327
23.633  327
23.641  320
23.649  320
23.656  327
23.662  320
23.669  327
23.677  327
23.683  320
23.696  327
23.705  320
23.711  327
23.717  327
23.722  327
23.728  320
23.736  320
23.743  327
23.75  320
23.758  327
23.764  327
23.769  320
23.775  327
23.782  327
23.786  320
23.793  320
23.801  327
23.809  327
23.815  327
23.82  320
23.827  327
23.833  327
23.84  320
23.846  327
23.855  327
23.862  320
23.87  327
23.876  327
23.884  320
23.897  327
23.905  327
23.911  320
23.919  327
23.926  327
23.932  320
23.941  327
23.947  327
23.952  320
23.96  327
23.967  327
23.974  320
23.981  327
23.991  327
23.998  327
24.004  320
24.011  327
24.018  320
24.024  320
24.031  327
24.037  320
24.043  320
24.051  327
24.056  320
24.063  320
24.068  327
24.076  327
24.082  327
24.089  320
24.095  320
24.103  327
24.111  320
24.116  327
24.124  327
24.13  327
24.136  320
24.145  320
24.152  327
24.161  320
24.168  320
24.174  327
24.18  320
24.19  327
24.196  327
24.202  320
24.208  327
24.218  327
24.225  320
24.234  327
24.242  327
24.246  320
24.252  320
24.258  327
24.263  327
24.267  320
24.273  327
24.28  327
24.285  320
24.293  320
24.302  327
24.311  320
24.317  320
24.324  327
24.331  320
24.341  327
24.347  327
24.353  320
24.365  327
24.374  327
24.379  327
24.386  327
24.392  327
24.397  320
24.402  320
24.41  327
24.415  327
24.423  320
24.429  327
24.437  327
24.443  320
24.451  327
24.459  327
24.464  320
24.469  327
24.476  320
24.483  320
24.49  327
24.495  320
24.501  320
24.507  327
24.512  327
24.518  320
24.524  320
24.529  327
24.534  320
24.544  320
24.551  327
24.558  327
24.564  327
24.569  320
24.578  327
24.586  327
24.594  320
24.6  327
24.61  320
24.615  320
24.62  327
24.628  320
24.633  320
24.642  327
24.647  327
24.656  320
24.662  327
24.686  320
24.693  320
24.697  320
24.703  320
24.709  327
24.717  320
24.725  320
24.73  327
24.736  320
24.743  320
24.749  327
24.755  327
24.761  320
24.767  327
24.773  327
24.778  320
24.783  327
24.791  327
24.797  320
24.806  320
24.815  327
24.825  320
24.832  327
24.836  320
24.844  320
24.851  327
24.86  327
24.867  327
24.873  320
24.881  327
24.891  327
24.898  320
24.903  327
24.91  320
24.918  327
24.925  327
24.93  320
24.935  327
24.943  327
24.948  320
24.953  320
24.959  327
24.966  320
24.973  320
24.978  327
24.983  327
24.988  327
24.996  320
25.004  320
25.01  327
25.018  320
25.025  320
25.033  327
25.041  320
25.047  320
25.052  327
25.059  320
25.066  320
25.072  327
25.079  327
25.085  327
25.093  320
25.099  327
25.108  327
25.114  320
25.121  327
25.128  320
25.134  320
25.141  327
25.147  320
25.154  320
25.16  327
25.17  320
25.177  320
25.182  327
25.191  320
25.2  320
25.208  327
25.216  327
25.223  320
25.229  320
25.234  327
25.242  327
25.25  327
25.257  327
25.262  320
25.267  327
25.273  327
25.279  320
25.286  320
25.295  327
25.303  327
25.31  320
25.319  327
25.326  327
25.333  320
25.342  327
25.349  327
25.355  320
25.362  327
25.367  320
25.374  320
25.379  327
25.384  327
25.392  327
25.398  320
25.404  320
25.411  327
25.416  320
25.424  320
25.43  327
25.439  320
25.444  320
25.449  327
25.458  320
25.464  320
25.47  327
25.478  327
25.49  327
25.496  320
25.503  327
25.509  320
25.515  320
25.52  327
25.526  320
25.534  320
25.542  327
25.55  327
25.559  327
25.565  320
25.573  327
25.58  320
25.586  320
25.593  327
25.603  320
25.611  327
25.617  320
25.624  320
25.629  327
25.637  320
25.643  320
25.65  327
25.658  327
25.662  327
25.667  320
25.675  320
25.682  320
25.689  327
25.696  327
25.704  327
25.71  320
25.718  327
25.726  327
25.733  320
25.742  327
25.751  320
25.759  320
25.765  327
25.772  320
25.777  327
25.783  327
25.788  320
25.795  327
25.801  327
25.808  320
25.813  320
25.818  327
25.827  320
25.833  320
25.842  327
25.848  327
25.856  320
25.862  327
25.868  320
25.875  320
25.88  327
25.885  320
25.892  320
25.899  327
25.908  327
25.913  320
25.921  327
25.927  327
25.932  320
25.938  327
25.943  327
25.95  327
25.96  320
25.966  320
25.974  327
25.979  320
25.989  327
25.996  327
26.003  320
26.014  320
26.023  320
26.028  327
26.033  320
26.042  320
26.046  327
26.051  327
26.058  320
26.063  320
26.067  327
26.074  327
26.08  320
26.09  327
26.095  327
26.1  320
26.108  327
26.116  327
26.125  320
26.131  327
26.137  320
26.145  320
26.156  327
26.167  320
26.176  327
26.182  320
26.191  327
26.197  327
26.205  320
26.212  327
26.219  320
26.227  320
26.233  327
26.242  327
26.253  327
26.26  320
26.268  327
26.276  327
26.282  327
26.29  320
26.295  320
26.303  327
26.311  320
26.317  320
26.325  327
26.332  320
26.341  327
26.346  327
26.353  320
26.36  327
26.368  327
26.375  320
26.381  327
26.39  320
26.396  320
26.404  327
26.411  320
26.419  327
26.429  327
26.436  320
26.445  327
26.45  320
26.456  327
26.463  327
26.472  320
26.477  327
26.485  327
26.494  320
26.501  327
26.509  320
26.515  320
26.522  327
26.528  320
26.533  320
26.54  327
26.559  320
26.564  320
26.569  320
26.577  320
26.584  320
26.592  327
26.598  327
26.604  327
26.611  320
26.62  320
26.627  320
26.634  327
26.641  327
26.647  320
26.653  320
26.66  320
26.664  327
26.67  327
26.675  327
26.68  327
26.685  320
26.696  320
26.702  320
26.709  327
26.717  327
26.725  320
26.731  327
26.74  320
26.745  320
26.751  327
26.758  320
26.763  320
26.768  327
26.776  327
26.783  320
26.794  327
26.799  327
26.804  327
26.811  327
26.816  320
26.823  320
26.827  327
26.832  327
26.838  320
26.843  320
26.848  327
26.854  320
26.86  320
26.866  327
26.874  327
26.879  320
26.891  327
26.9  327
26.907  320
26.913  327
26.924  320
26.931  320
26.939  320
26.945  320
26.951  327
26.958  320
26.965  320
26.97  320
26.976  327
26.982  327
26.986  327
26.993  327
27  320
27.009  320
27.016  320
27.022  327
27.027  327
27.033  327
27.038  320
27.044  320
27.051  320
27.06  327
27.069  327
27.077  320
27.087  327
27.093  320
27.099  327
27.105  320
27.111  320
27.119  327
27.129  327
27.136  320
27.144  327
27.16  320
27.167  327
27.176  320
27.182  327
27.192  320
27.197  320
27.207  327
27.213  320
27.22  327
27.228  320
27.234  320
27.242  327
27.247  320
27.254  320
27.261  327
27.27  320
27.277  320
27.282  327
27.289  320
27.295  320
27.301  327
27.308  320
27.313  320
27.319  327
27.326  320
27.335  320
27.343  327
27.351  320
27.363  320
27.368  327
27.376  320
27.384  327
27.392  320
27.398  327
27.406  327
27.414  320
27.423  327
27.429  320
27.436  320
27.443  327
27.449  320
27.458  320
27.462  327
27.468  320
27.476  320
27.481  327
27.486  320
27.495  320
27.503  327
27.51  327
27.518  320
27.525  320
27.53  320
27.535  327
27.541  327
27.551  327
27.562  327
27.57  320
27.577  327
27.582  320
27.589  327
27.595  327
27.601  320
27.609  327
27.621  327
27.626  320
27.633  327
27.64  320
27.647  327
27.656  327
27.662  320
27.67  327
27.677  327
27.683  320
27.692  327
27.699  320
27.704  320
27.711  327
27.721  320
27.727  320
27.734  327
27.742  320
27.751  327
27.759  327
27.765  320
27.771  327
27.778  320
27.784  320
27.793  327
27.8  320
27.807  320
27.811  327
27.816  320
27.825  320
27.831  327
27.839  320
27.845  320
27.851  327
27.862  320
27.87  320
27.879  327
27.887  320
27.895  327
27.903  320
27.911  327
27.916  327
27.922  327
27.927  320
27.936  320
27.942  327
27.947  320
27.954  320
27.959  327
27.969  320
27.974  320
27.979  327
27.988  320
27.995  320
28.003  327
28.012  327
28.02  327
28.029  320
28.037  320
28.044  327
28.051  327
28.059  320
28.064  320
28.072  327
28.078  320
28.084  320
28.092  327
28.098  320
28.103  320
28.11  327
28.118  320
28.126  320
28.131  327
28.136  327
28.143  327
28.15  320
28.161  320
28.17  320
28.182  327
28.188  327
28.194  320
28.201  327
28.208  320
28.214  320
28.22  327
28.234  320
28.241  320
28.248  320
28.255  320
28.261  327
28.272  327
28.278  327
28.285  320
28.295  327
28.303  320
28.311  327
28.318  327
28.324  327
28.33  320
28.341  327
28.35  327
28.359  320
28.364  327
28.371  320
28.378  327
28.384  327
28.392  320
28.398  327
28.407  327
28.413  327
28.418  320
28.427  320
28.432  327
28.441  320
28.448  320
28.458  327
28.465  320
28.473  327
28.48  320
28.499  320
28.506  327
28.513  327
28.518  327
28.525  327
28.531  320
28.541  327
28.547  327
28.552  320
28.561  327
28.572  327
28.577  320
28.584  327
28.594  320
28.605  327
28.612  320
28.618  327
28.63  327
28.641  327
28.647  320
28.655  327
28.662  320
28.669  327
28.676  327
28.684  320
28.694  327
28.703  320
28.71  327
28.718  327
28.725  320
28.732  327
28.742  320
28.751  320
28.76  327
28.766  327
28.773  320
28.78  320
28.789  320
28.795  327
28.801  327
28.807  320
28.814  320
28.82  320
28.828  327
28.835  327
28.843  327
28.85  320
28.859  320
28.867  327
28.876  320
28.886  327
28.894  320
28.901  327
28.907  320
28.913  320
28.92  327
28.926  327
28.932  327
28.937  320
28.944  320
28.951  327
28.96  320
28.97  320
28.978  327
28.984  320
28.995  327
29.005  320
29.013  327
29.019  327
29.027  327
29.033  320
29.043  327
29.05  327
29.059  320
29.066  327
29.074  320
29.081  327
29.091  320
29.096  320
29.102  327
29.109  327
29.113  327
29.119  320
29.126  327
29.132  327
29.137  320
29.143  320
29.153  327
29.159  320
29.166  320
29.178  327
29.185  320
29.193  327
29.199  327
29.203  327
29.21  320
29.219  327
29.226  327
29.232  320
29.24  327
29.247  327
29.255  320
29.27  327
29.277  320
29.285  327
29.294  327
29.3  305
29.309  230
29.315  230
29.321  163
29.327  126
29.336  126
29.345  81
29.354  59
29.363  37
29.369  22
29.377  22
29.385  7
29.393  7
29.399  7
29.404  0
29.412  0
29.418  0
29.429  0
29.435  0
29.443  0
29.447  0
29.452  0
29.458  0
29.465  0
29.473  0
29.482  0
29.491  0
29.496  0
29.503  0
29.51  0
29.515  0
29.522  0
29.527  0
29.537  0
29.543  0
29.552  0
29.562  0
29.568  0
29.575  0
29.583  0
29.593  0
29.601  0
29.612  0
29.619  0
29.628  0
29.636  0
29.65  0
29.66  0
29.668  0
29.678  0
29.685  0
29.695  0
29.703  0
29.711  0
29.718  0
29.723  0
29.731  0
29.737  0
29.744  0
29.749  0
29.758  0
29.767  0
29.773  0
29.78  0
29.793  0
29.801  0
29.809  0
29.816  0
29.825  0
29.833  0
29.842  0
29.85  0
29.859  0
29.871  0
29.878  0
29.886  0
29.894  0
29.903  0
29.91  0
29.918  0
29.929  0
29.938  0
29.949  0
29.957  0
29.965  0
29.973  0
29.978  0
29.983  0
29.989  0
29.995  0
30.004  0
30.011  0
30.021  0
30.027  0
30.034  0
30.042  0
30.048  0
30.052  0
30.059  0
30.069  0
30.078  0
30.087  0
30.095  0
30.103  0
30.112  0
30.121  0
30.129  0
30.135  0
30.143  0
30.153  0
30.162  0
30.167  0
30.174  0
30.179  0
30.187  0
30.195  0
30.201  0
30.208  0
30.213  0
30.222  0
30.229  0
30.235  0
30.242  0
30.251  0
30.26  0
30.269  0
30.276  0
30.285  0
30.293  0
30.305  0
30.314  0
30.324  0
30.329  0
30.334  0
30.342  0
30.349  0
30.36  0
30.365  0
30.37  0
30.377  0
30.382  0
30.387  0
30.393  0
30.402  0
30.409  0
30.415  0
30.423  0
30.429  0
30.434  0
30.442  0
30.452  0
30.461  0
30.467  0
30.475  0
30.48  0
30.486  0
30.493  0
30.502  0
30.51  0
30.515  0
30.524  0
30.53  0
