5.478  0
5.486  0
5.494  0
5.499  0
5.506  0
5.518  0
5.521  0
5.528  0
5.532  0
5.537  0
5.545  0
5.552  0
5.557  0
5.562  0
5.567  0
5.571  0
5.577  0
5.581  0
5.586  0
5.59  0
5.595  0
5.598  0
5.603  0
5.609  0
5.616  0
5.619  0
5.625  0
5.63  0
5.634  0
5.644  0
5.649  0
5.654  0
5.66  0
5.664  0
5.67  0
5.679  0
5.684  0
5.69  0
5.697  0
5.702  0
5.707  0
5.711  0
5.716  0
5.72  0
5.725  0
5.732  0
5.741  0
5.747  0
5.752  0
5.761  0
5.765  0
5.769  0
5.775  0
5.779  0
5.783  0
5.788  0
5.793  0
5.797  0
5.802  0
5.81  0
5.833  0
5.838  0
5.848  0
5.854  0
5.861  0
5.866  0
5.869  0
5.873  0
5.878  0
5.881  0
5.887  0
5.892  0
5.896  0
5.9  0
5.904  0
5.909  0
5.914  0
5.921  0
5.929  0
5.933  0
5.938  0
5.948  0
5.955  0
5.96  0
5.965  0
5.969  0
5.975  0
5.98  0
5.984  0
5.988  0
5.993  0
5.996  0
6  0
6.005  0
6.01  0
6.016  0
6.024  0
6.029  0
6.036  0
6.044  0
6.049  0
6.054  0
6.066  0
6.07  0
6.076  0
6.08  0
6.086  0
6.091  0
6.098  0
6.11  0
6.118  0
6.123  0
6.129  0
6.133  0
6.138  0
6.144  0
6.149  0
6.153  0
6.159  0
6.163  0
6.168  0
6.174  0
6.179  0
6.183  0
6.187  0
6.194  0
6.201  0
6.209  0
6.214  0
6.218  0
6.223  0
6.228  0
6.233  0
6.238  0
6.244  0
6.248  0
6.253  0
6.261  0
6.268  0
6.277  0
6.282  0
6.287  0
6.292  0
6.3  0
6.309  0
6.317  0
6.327  0
6.332  0
6.341  0
6.347  0
6.355  0
6.362  0
6.371  0
6.379  0
6.384  0
6.389  0
6.396  0
6.401  0
6.41  0
6.416  0
6.421  0
6.426  0
6.431  0
6.436  0
6.442  0
6.449  0
6.457  0
6.462  0
6.467  0
6.472  0
6.481  0
6.494  0
6.5  0
6.51  0
6.515  0
6.52  0
6.528  0
6.534  0
6.539  0
6.545  0
6.55  0
6.555  0
6.561  0
6.569  0
6.577  0
6.583  0
6.593  0
6.602  0
6.613  0
6.619  0
6.632  0
6.645  0
6.653  0
6.664  0
6.678  0
6.686  0
6.7  0
6.707  0
6.718  0
6.727  0
6.737  0
6.746  0
6.752  0
6.76  0
6.766  0
6.775  0
6.791  0
6.8  0
6.807  0
6.815  0
6.82  0
6.83  0
6.838  0
6.849  0
6.855  0
6.862  0
6.867  0
6.873  0
6.88  0
6.888  0
6.895  0
6.901  0
6.906  0
6.911  0
6.916  0
6.92  0
6.927  0
6.932  0
6.937  0
6.943  0
6.947  0
6.952  0
6.958  0
6.962  0
6.968  0
6.98  0
6.985  0
6.993  0
7.004  0
7.009  0
7.014  0
7.021  0
7.029  0
7.034  0
7.04  0
7.046  0
7.06  0
7.064  0
7.069  0
7.074  0
7.084  0
7.092  0
7.097  0
7.101  0
7.107  0
7.112  0
7.117  0
7.123  0
7.128  0
7.131  0
7.137  0
7.144  0
7.148  0
7.153  0
7.16  0
7.168  0
7.175  0
7.184  0
7.193  0
7.199  0
7.209  0
7.217  0
7.226  0
7.232  0
7.236  0
7.241  0
7.251  0
7.261  0
7.268  0
7.275  0
7.282  0
7.288  0
7.295  0
7.298  0
7.305  0
7.311  0
7.316  0
7.323  0
7.329  0
7.338  0
7.345  0
7.349  0
7.359  0
7.364  0
7.369  0
7.377  0
7.383  0
7.391  0
7.396  0
7.406  0
7.412  0
7.419  0
7.425  0
7.433  0
7.439  0
7.446  0
7.452  0
7.462  0
7.469  0
7.476  0
7.483  0
7.491  0
7.502  0
7.509  0
7.513  0
7.518  0
7.522  0
7.529  0
7.533  0
7.537  0
7.546  0
7.554  0
7.561  0
7.566  0
7.571  0
7.578  0
7.582  0
7.586  0
7.593  0
7.598  0
7.604  0
7.61  0
7.617  0
7.622  0
7.628  22
7.635  22
7.64  133
7.645  133
7.65  223
7.656  223
7.661  290
7.669  290
7.673  349
7.678  394
7.686  394
7.692  431
7.698  431
7.707  454
7.718  491
7.727  498
7.735  521
7.741  528
7.746  528
7.751  543
7.759  550
7.765  550
7.77  550
7.778  550
7.786  565
7.793  565
7.798  565
7.803  565
7.809  573
7.815  573
7.82  565
7.827  565
7.832  580
7.837  573
7.846  573
7.85  580
7.856  580
7.862  573
7.867  573
7.872  580
7.879  580
7.884  580
7.89  580
7.895  580
7.899  580
7.904  580
7.908  580
7.915  580
7.924  588
7.931  588
7.936  580
7.943  580
7.948  580
7.952  580
7.956  580
7.961  580
7.966  588
7.971  588
7.978  588
7.982  580
7.987  580
7.991  580
7.996  580
8  580
8.005  580
8.01  580
8.013  580
8.017  588
8.021  588
8.027  580
8.031  580
8.036  580
8.04  580
8.049  580
8.054  580
8.061  588
8.067  588
8.071  580
8.078  580
8.082  580
8.086  580
8.091  580
8.097  580
8.1  580
8.108  580
8.114  580
8.118  588
8.124  588
8.129  580
8.133  580
8.137  580
8.144  580
8.148  580
8.152  580
8.157  588
8.161  588
8.166  580
8.17  580
8.175  580
8.179  580
8.184  580
8.188  580
8.193  580
8.197  580
8.201  580
8.206  588
8.212  588
8.216  588
8.22  580
8.227  580
8.231  580
8.236  580
8.241  580
8.246  580
8.251  580
8.257  580
8.262  580
8.266  588
8.271  588
8.278  580
8.282  580
8.286  580
8.292  580
8.297  580
8.301  580
8.306  580
8.312  580
8.317  580
8.322  580
8.327  580
8.331  580
8.338  580
8.344  580
8.348  580
8.353  580
8.359  580
8.364  580
8.37  580
8.378  580
8.386  588
8.393  580
8.398  580
8.404  580
8.409  580
8.415  580
8.42  580
8.426  580
8.431  580
8.436  580
8.443  580
8.448  580
8.453  580
8.461  580
8.466  580
8.471  580
8.478  580
8.482  580
8.488  580
8.497  580
8.504  580
8.512  580
8.517  580
8.521  580
8.527  580
8.531  580
8.537  580
8.542  580
8.548  580
8.555  580
8.562  580
8.567  580
8.572  580
8.578  580
8.582  580
8.588  580
8.599  580
8.607  580
8.612  580
8.619  580
8.627  580
8.635  580
8.643  580
8.648  580
8.656  580
8.662  580
8.669  580
8.677  573
8.682  580
8.69  580
8.696  580
8.703  580
8.709  580
8.713  580
8.719  580
8.725  580
8.73  580
8.75  580
8.763  580
8.771  580
8.78  580
8.787  573
8.796  580
8.801  580
8.805  580
8.812  580
8.819  580
8.825  580
8.831  580
8.837  580
8.848  580
8.852  580
8.858  573
8.862  573
8.866  580
8.874  580
8.878  580
8.883  580
8.888  580
8.894  580
8.898  580
8.903  580
8.909  580
8.914  580
8.919  580
8.925  580
8.93  580
8.935  580
8.941  580
8.946  580
8.951  580
8.957  580
8.962  573
8.966  580
8.971  580
8.977  580
8.982  580
8.986  580
8.991  580
8.996  580
9.001  580
9.005  580
9.012  580
9.016  580
9.02  580
9.025  580
9.03  573
9.034  573
9.041  580
9.047  580
9.052  580
9.059  580
9.064  580
9.069  580
9.074  580
9.079  580
9.083  580
9.087  580
9.092  580
9.097  580
9.101  580
9.105  580
9.111  580
9.119  580
9.128  580
9.133  573
9.138  580
9.144  580
9.148  580
9.152  580
9.156  580
9.161  580
9.165  580
9.169  580
9.175  580
9.179  580
9.184  580
9.188  580
9.192  580
9.196  573
9.201  573
9.205  580
9.211  580
9.215  580
9.219  580
9.224  580
9.23  580
9.233  580
9.237  580
9.244  580
9.248  580
9.252  580
9.258  580
9.263  580
9.267  580
9.271  580
9.276  580
9.28  580
9.284  580
9.289  580
9.294  580
9.299  580
9.303  580
9.308  573
9.313  573
9.318  580
9.324  580
9.331  580
9.336  580
9.341  580
9.346  580
9.351  580
9.356  580
9.361  580
9.365  580
9.37  580
9.376  580
9.379  580
9.386  580
9.392  573
9.396  580
9.402  580
9.406  580
9.411  580
9.415  580
9.419  580
9.423  580
9.428  580
9.432  580
9.436  580
9.441  580
9.447  580
9.451  580
9.455  573
9.464  573
9.467  573
9.472  580
9.477  580
9.481  580
9.485  580
9.49  580
9.495  580
9.499  580
9.503  580
9.507  580
9.512  580
9.516  573
9.52  573
9.527  573
9.531  580
9.535  580
9.54  580
9.547  580
9.55  580
9.555  580
9.562  580
9.566  580
9.571  580
9.581  580
9.587  580
9.593  580
9.597  573
9.601  573
9.606  580
9.611  580
9.615  580
9.62  580
9.625  580
9.63  580
9.635  580
9.64  580
9.646  580
9.651  580
9.655  580
9.662  573
9.668  573
9.672  580
9.679  580
9.683  580
9.688  580
9.692  580
9.696  580
9.7  580
9.704  580
9.709  580
9.714  580
9.719  573
9.725  573
9.729  580
9.733  580
9.737  580
9.744  580
9.747  580
9.751  580
9.756  573
9.761  573
9.765  573
9.769  580
9.774  580
9.779  580
9.786  580
9.797  580
9.801  580
9.805  573
9.811  573
9.815  573
9.819  580
9.826  580
9.829  580
9.834  580
9.838  580
9.846  580
9.853  573
9.86  573
9.864  580
9.869  580
9.874  580
9.878  580
9.883  580
9.887  580
9.891  580
9.896  573
9.901  573
9.905  573
9.91  580
9.916  580
9.92  580
9.927  580
9.931  580
9.935  580
9.94  580
9.946  580
9.952  573
9.958  573
9.963  580
9.967  580
9.971  580
9.982  580
9.992  580
9.997  573
10.003  580
10.011  580
10.015  580
10.02  580
10.024  580
10.028  573
10.033  573
10.037  580
10.043  580
10.047  580
10.054  580
10.061  580
10.07  580
10.076  573
10.08  580
10.086  580
10.094  580
10.098  580
10.103  580
10.107  573
10.112  573
10.12  580
10.128  580
10.133  580
10.136  580
10.142  580
10.148  573
10.152  573
10.158  580
10.164  580
10.168  580
10.172  580
10.178  573
10.184  573
10.188  580
10.194  580
10.199  580
10.203  580
10.211  580
10.216  580
10.22  580
10.226  580
10.23  573
10.235  580
10.241  580
10.246  580
10.252  580
10.261  580
10.266  573
10.27  580
10.277  580
10.281  580
10.304  580
10.309  580
10.314  573
10.321  580
10.327  580
10.331  580
10.336  573
10.34  573
10.345  573
10.349  580
10.353  580
10.358  580
10.362  580
10.366  580
10.369  580
10.376  580
10.38  573
10.384  573
10.388  580
10.395  580
10.399  580
10.403  580
10.408  580
10.413  580
10.416  573
10.421  573
10.427  580
10.432  580
10.436  580
10.442  580
10.446  580
10.45  580
10.456  580
10.461  580
10.468  580
10.474  573
10.48  580
10.486  580
10.492  580
10.496  580
10.501  580
10.505  573
10.51  573
10.515  573
10.519  580
10.526  580
10.531  580
10.536  580
10.54  580
10.545  580
10.549  580
10.555  580
10.561  573
10.565  573
10.569  580
10.575  580
10.582  580
10.587  580
10.595  580
10.599  573
10.604  573
10.611  580
10.616  580
10.621  580
10.626  580
10.63  580
10.634  580
10.638  573
10.644  573
10.649  580
10.654  580
10.661  580
10.665  580
10.669  580
10.673  580
10.678  573
10.683  573
10.687  580
10.694  580
10.698  580
10.703  580
10.707  580
10.712  580
10.717  573
10.722  573
10.73  580
10.735  580
10.739  580
10.743  580
10.747  573
10.753  573
10.758  580
10.764  580
10.768  580
10.772  580
10.779  580
10.784  580
10.788  580
10.796  580
10.801  573
10.805  573
10.811  580
10.817  580
10.82  580
10.826  580
10.829  580
10.834  580
10.838  573
10.844  573
10.849  580
10.854  580
10.861  580
10.867  580
10.871  580
10.877  580
10.882  580
10.886  573
10.891  573
10.897  573
10.901  580
10.906  580
10.912  580
10.916  580
10.921  580
10.934  580
10.942  573
10.947  580
10.952  580
10.957  580
10.962  580
10.966  580
10.97  580
10.976  580
10.98  573
10.985  573
10.99  580
10.996  580
11  580
11.005  580
11.009  580
11.013  580
11.018  573
11.023  573
11.029  580
11.035  580
11.039  580
11.044  580
11.049  580
11.054  580
11.061  580
11.066  580
11.07  573
11.078  573
11.087  580
11.095  580
11.1  573
11.106  573
11.114  580
11.127  580
11.132  580
11.138  580
11.144  580
11.151  573
11.156  573
11.162  580
11.167  580
11.171  580
11.178  573
11.182  573
11.187  580
11.195  580
11.2  580
11.204  580
11.21  580
11.214  580
11.218  573
11.225  573
11.229  580
11.233  580
11.238  580
11.243  580
11.247  580
11.252  580
11.258  573
11.264  573
11.27  580
11.276  580
11.28  580
11.284  580
11.289  580
11.294  580
11.298  580
11.302  580
11.308  573
11.312  573
11.319  580
11.327  580
11.332  580
11.337  580
11.342  580
11.346  580
11.35  580
11.355  573
11.36  573
11.364  573
11.368  580
11.374  580
11.378  580
11.383  580
11.387  580
11.397  580
11.401  573
11.406  580
11.416  580
11.42  580
11.425  580
11.43  580
11.434  580
11.438  573
11.445  573
11.45  580
11.455  580
11.46  580
11.465  580
11.47  573
11.476  573
11.48  580
11.485  580
11.489  573
11.495  573
11.499  580
11.504  580
11.509  580
11.513  580
11.518  580
11.522  580
11.527  573
11.532  573
11.536  580
11.543  580
11.548  580
11.552  573
11.557  580
11.563  580
11.568  580
11.573  580
11.579  573
11.585  573
11.593  580
11.603  580
11.611  580
11.616  573
11.62  580
11.626  580
11.631  580
11.635  580
11.639  580
11.645  580
11.649  573
11.654  573
11.661  580
11.665  580
11.669  580
11.675  580
11.68  573
11.685  573
11.689  580
11.696  580
11.699  580
11.704  580
11.709  573
11.714  573
11.718  580
11.723  580
11.729  580
11.734  580
11.739  580
11.746  580
11.751  573
11.756  573
11.764  580
11.769  580
11.773  580
11.778  580
11.783  580
11.788  573
11.794  573
11.798  580
11.803  580
11.81  580
11.814  580
11.818  573
11.824  573
11.828  580
11.833  580
11.838  580
11.843  580
11.848  580
11.854  580
11.862  573
11.867  573
11.87  580
11.877  580
11.881  580
11.885  573
11.891  573
11.896  573
11.9  580
11.905  580
11.91  580
11.914  580
11.918  580
11.922  580
11.929  573
11.934  573
11.939  580
11.945  580
11.95  580
11.955  580
11.963  573
11.968  573
11.974  580
11.979  580
11.983  580
11.988  573
11.996  573
12.001  580
12.007  580
12.012  580
12.017  580
12.021  580
12.026  573
12.031  573
12.036  573
12.042  580
12.047  580
12.051  580
12.059  573
12.066  573
12.071  580
12.08  580
12.085  580
12.091  573
12.098  573
12.105  580
12.113  580
12.119  580
12.125  580
12.131  573
12.136  573
12.142  580
12.147  573
12.153  573
12.16  580
12.165  580
12.169  580
12.176  580
12.18  580
12.186  580
12.194  573
12.199  573
12.205  580
12.211  580
12.215  580
12.219  573
12.226  573
12.232  580
12.241  580
12.247  580
12.261  573
12.267  580
12.272  580
12.279  573
12.288  573
12.295  580
12.301  580
12.305  580
12.311  580
12.315  580
12.319  573
12.327  573
12.331  580
12.337  580
12.343  580
12.348  573
12.353  573
12.358  580
12.363  580
12.368  580
12.372  580
12.378  573
12.383  573
12.387  580
12.395  580
12.399  580
12.403  580
12.411  573
12.416  573
12.42  580
12.426  580
12.431  580
12.436  580
12.44  580
12.445  580
12.449  573
12.455  573
12.461  580
12.465  580
12.47  580
12.475  580
12.479  573
12.484  573
12.489  580
12.495  580
12.499  580
12.504  580
12.508  573
12.513  573
12.517  580
12.522  580
12.532  580
12.537  580
12.544  573
12.551  580
12.556  580
12.561  580
12.566  580
12.57  580
12.576  580
12.58  573
12.585  573
12.589  580
12.599  580
12.606  573
12.612  580
12.617  580
12.622  580
12.63  580
12.636  580
12.641  573
12.648  573
12.653  580
12.66  580
12.665  580
12.672  573
12.678  573
12.682  580
12.689  580
12.694  580
12.7  580
12.708  580
12.712  580
12.718  573
12.722  573
12.728  580
12.736  580
12.743  573
12.748  580
12.755  580
12.78  580
12.787  580
12.795  580
12.8  573
12.805  573
12.811  580
12.818  580
12.826  580
12.831  573
12.837  573
12.842  580
12.848  573
12.853  573
12.859  580
12.865  580
12.871  573
12.878  573
12.882  580
12.888  573
12.894  573
12.898  580
12.904  580
12.908  580
12.912  580
12.917  573
12.922  573
12.928  580
12.933  580
12.94  573
12.946  573
12.951  580
12.957  580
12.962  580
12.967  573
12.972  573
12.978  580
12.984  580
12.991  573
12.999  573
13.005  580
13.01  580
13.035  580
13.04  580
13.046  573
13.052  580
13.058  580
13.064  580
13.068  580
13.074  580
13.079  573
13.084  573
13.089  580
13.095  580
13.101  580
13.105  580
13.115  573
13.12  573
13.128  580
13.135  580
13.141  573
13.147  573
13.151  580
13.158  573
13.164  573
13.17  580
13.177  580
13.181  580
13.187  573
13.194  573
13.199  580
13.206  580
13.211  580
13.217  580
13.225  573
13.23  580
13.235  580
13.241  580
13.245  580
13.253  573
13.261  573
13.269  580
13.277  580
13.282  573
13.288  580
13.294  580
13.3  580
13.307  580
13.312  573
13.317  580
13.326  580
13.332  573
13.34  573
13.346  580
13.351  580
13.355  580
13.361  573
13.367  573
13.371  580
13.377  580
13.382  580
13.387  573
13.394  573
13.398  580
13.403  580
13.408  580
13.413  580
13.417  573
13.422  573
13.428  580
13.432  580
13.438  580
13.442  580
13.447  573
13.452  573
13.457  580
13.462  580
13.468  580
13.474  580
13.479  573
13.484  573
13.488  580
13.497  580
13.502  580
13.508  573
13.513  573
13.518  580
13.523  580
13.529  580
13.535  580
13.539  580
13.544  580
13.549  580
13.553  580
13.558  573
13.564  573
13.569  580
13.576  580
13.58  580
13.584  580
13.589  573
13.596  573
13.6  580
13.606  580
13.612  580
13.617  580
13.622  580
13.628  573
13.633  573
13.639  580
13.645  580
13.649  580
13.654  580
13.662  573
13.667  573
13.671  580
13.678  580
13.683  580
13.688  580
13.693  580
13.698  573
13.702  573
13.708  580
13.713  580
13.717  580
13.722  580
13.731  580
13.736  580
13.741  573
13.746  573
13.751  580
13.756  580
13.761  580
13.766  580
13.77  580
13.775  580
13.78  580
13.786  580
13.79  580
13.799  580
13.806  573
13.812  580
13.817  580
13.821  580
13.827  580
13.832  580
13.836  573
13.843  573
13.848  573
13.852  580
13.859  580
13.863  580
13.867  580
13.872  580
13.879  573
13.885  573
13.891  580
13.9  580
13.905  580
13.91  573
13.916  573
13.921  580
13.927  580
13.935  580
13.94  580
13.946  580
13.95  573
13.956  573
13.961  580
13.966  580
13.97  580
13.977  580
13.981  573
13.987  573
13.993  580
13.998  580
14.003  580
14.009  580
14.014  580
14.018  573
14.027  573
14.031  580
14.036  580
14.043  580
14.047  580
14.051  573
14.061  580
14.067  580
14.072  580
14.08  580
14.084  580
14.089  573
14.096  573
14.101  580
14.109  580
14.113  580
14.119  573
14.129  573
14.135  580
14.144  580
14.149  580
14.153  573
14.16  580
14.165  580
14.17  573
14.177  573
14.181  580
14.187  580
14.195  580
14.199  573
14.206  573
14.212  580
14.218  580
14.226  573
14.23  580
14.239  580
14.245  580
14.252  580
14.259  580
14.265  573
14.269  580
14.276  580
14.281  580
14.288  580
14.294  573
14.299  580
14.309  580
14.316  580
14.325  573
14.331  573
14.337  580
14.344  580
14.349  573
14.354  573
14.359  580
14.364  580
14.368  580
14.374  580
14.379  573
14.384  573
14.388  580
14.401  580
14.406  580
14.411  573
14.416  573
14.421  580
14.428  580
14.432  580
14.437  580
14.445  580
14.451  573
14.456  573
14.463  580
14.472  580
14.479  580
14.484  573
14.489  580
14.498  580
14.503  580
14.508  573
14.515  573
14.519  580
14.526  580
14.531  580
14.537  580
14.543  580
14.547  573
14.554  573
14.56  580
14.565  580
14.571  580
14.577  580
14.581  573
14.586  573
14.592  580
14.597  580
14.605  580
14.614  573
14.621  573
14.627  580
14.634  580
14.639  580
14.646  580
14.651  573
14.657  573
14.661  580
14.669  580
14.676  573
14.683  580
14.688  580
14.694  580
14.698  573
14.703  573
14.708  580
14.714  580
14.718  573
14.723  573
14.729  580
14.735  580
14.739  573
14.745  573
14.749  580
14.755  580
14.761  573
14.766  573
14.773  580
14.778  580
14.783  580
14.789  573
14.798  573
14.807  580
14.812  573
14.818  580
14.823  580
14.829  580
14.834  580
14.838  573
14.845  573
14.85  580
14.859  580
14.867  573
14.874  580
14.88  580
14.885  580
14.89  580
14.895  580
14.899  573
14.905  573
14.911  580
14.916  580
14.921  573
14.928  573
14.932  580
14.937  580
14.947  580
14.953  573
14.961  580
14.967  580
14.972  573
14.979  580
14.984  580
14.989  580
14.996  580
15  573
15.008  573
15.013  580
15.019  573
15.027  573
15.033  580
15.039  580
15.044  580
15.049  580
15.055  580
15.061  573
15.067  573
15.079  580
15.084  580
15.09  573
15.096  573
15.101  580
15.106  580
15.112  580
15.117  580
15.122  573
15.129  580
15.136  580
15.142  580
15.147  580
15.152  573
15.157  580
15.163  580
15.168  580
15.172  580
15.179  580
15.184  580
15.188  573
15.196  573
15.2  580
15.206  580
15.211  573
15.216  573
15.221  580
15.227  580
15.231  580
15.238  580
15.244  580
15.25  573
15.256  573
15.264  580
15.27  580
15.275  580
15.281  573
15.286  573
15.291  580
15.296  580
15.302  580
15.309  580
15.314  573
15.319  580
15.326  580
15.33  573
15.336  573
15.341  580
15.347  580
15.351  580
15.356  580
15.362  580
15.367  580
15.371  573
15.378  580
15.383  580
15.387  580
15.393  580
15.397  573
15.402  573
15.409  580
15.415  580
15.422  580
15.428  580
15.433  573
15.439  580
15.445  580
15.45  573
15.456  573
15.461  580
15.466  580
15.472  580
15.479  580
15.484  573
15.49  580
15.496  580
15.501  580
15.507  580
15.512  573
15.517  573
15.522  580
15.528  580
15.535  580
15.542  580
15.548  580
15.553  573
15.559  580
15.564  580
15.573  573
15.58  573
15.584  580
15.589  580
15.595  580
15.6  580
15.604  580
15.611  573
15.616  573
15.62  580
15.63  580
15.635  573
15.641  580
15.647  580
15.652  580
15.66  580
15.665  580
15.669  573
15.676  573
15.681  580
15.687  580
15.694  573
15.699  580
15.704  580
15.71  580
15.714  580
15.719  580
15.725  580
15.729  573
15.735  573
15.743  580
15.767  580
15.771  573
15.778  573
15.783  573
15.787  580
15.794  580
15.798  573
15.803  573
15.809  580
15.814  580
15.818  580
15.823  580
15.829  573
15.833  573
15.838  580
15.845  580
15.849  580
15.854  580
15.86  573
15.866  573
15.872  580
15.878  580
15.883  580
15.888  573
15.895  573
15.9  580
15.906  580
15.912  573
15.918  573
15.923  580
15.93  580
15.935  580
15.946  573
15.952  573
15.957  580
15.964  573
15.969  580
15.975  580
15.98  580
15.985  580
15.99  573
15.998  573
16.006  580
16.012  573
16.017  573
16.021  580
16.03  580
16.035  580
16.041  573
16.048  573
16.052  580
16.059  580
16.064  580
16.068  573
16.077  573
16.083  580
16.088  580
16.095  580
16.1  573
16.108  573
16.113  580
16.121  580
16.129  580
16.135  573
16.144  580
16.15  580
16.156  580
16.162  573
16.171  573
16.178  580
16.186  573
16.195  580
16.206  580
16.215  580
16.223  580
16.229  573
16.237  580
16.246  580
16.253  573
16.26  573
16.265  580
16.271  580
16.277  580
16.281  573
16.286  580
16.293  580
16.3  580
16.308  580
16.313  573
16.318  580
16.326  580
16.331  580
16.336  580
16.343  573
16.348  573
16.353  580
16.359  580
16.365  580
16.369  573
16.375  573
16.384  580
16.391  580
16.397  580
16.403  580
16.411  573
16.416  573
16.421  580
16.427  580
16.431  573
16.436  580
16.443  580
16.447  580
16.452  580
16.457  580
16.462  580
16.467  573
16.472  573
16.478  580
16.484  580
16.489  580
16.495  580
16.5  573
16.506  573
16.511  580
16.517  580
16.521  580
16.527  580
16.532  580
16.539  573
16.545  573
16.55  580
16.555  580
16.56  580
16.565  580
16.569  573
16.576  573
16.581  580
16.588  580
16.594  580
16.598  580
16.603  580
16.61  573
16.614  573
16.619  580
16.627  580
16.631  580
16.637  573
16.647  573
16.654  580
16.662  580
16.667  580
16.677  580
16.682  573
16.688  580
16.694  580
16.7  573
16.705  573
16.711  580
16.716  580
16.72  580
16.727  580
16.732  580
16.737  580
16.742  580
16.747  573
16.752  573
16.757  580
16.763  580
16.768  580
16.776  580
16.781  580
16.786  580
16.792  573
16.797  573
16.803  580
16.808  580
16.813  580
16.818  580
16.822  580
16.828  580
16.833  580
16.838  573
16.845  573
16.849  580
16.854  580
16.86  580
16.864  580
16.869  580
16.88  580
16.885  573
16.891  580
16.897  580
16.901  580
16.908  580
16.912  580
16.917  573
16.922  573
16.928  580
16.935  580
16.94  580
16.946  580
16.951  573
16.956  573
16.962  580
16.968  580
16.972  580
16.979  580
16.984  580
16.988  573
16.995  573
17.001  580
17.009  580
17.013  580
17.018  573
17.025  573
17.03  580
17.035  580
17.041  580
17.046  580
17.051  573
17.058  573
17.063  580
17.068  573
17.077  573
17.082  580
17.088  580
17.095  580
17.1  573
17.119  573
17.126  580
17.133  580
17.141  580
17.147  580
17.152  580
17.158  573
17.164  573
17.168  580
17.173  580
17.179  580
17.185  580
17.19  573
17.196  573
17.201  580
17.205  580
17.212  580
17.22  580
17.228  580
17.232  573
17.237  580
17.243  580
17.248  580
17.252  580
17.258  573
17.264  573
17.268  580
17.276  580
17.28  580
17.285  580
17.291  573
17.297  573
17.301  580
17.306  580
17.311  580
17.315  580
17.32  573
17.326  573
17.331  580
17.337  580
17.342  580
17.347  580
17.353  573
17.358  580
17.365  580
17.37  580
17.376  580
17.38  573
17.385  573
17.39  580
17.396  580
17.401  580
17.406  580
17.415  580
17.42  580
17.425  573
17.43  580
17.435  580
17.439  573
17.446  573
17.451  580
17.455  580
17.476  580
17.48  580
17.484  573
17.491  580
17.497  580
17.501  573
17.509  580
17.513  580
17.518  580
17.522  580
17.528  580
17.532  580
17.538  573
17.545  573
17.55  580
17.557  580
17.562  580
17.567  580
17.571  573
17.578  580
17.583  580
17.587  580
17.593  580
17.598  580
17.602  580
17.609  573
17.618  573
17.625  580
17.631  580
17.636  580
17.642  573
17.648  573
17.653  580
17.659  580
17.664  580
17.668  573
17.673  573
17.68  580
17.685  580
17.69  580
17.696  580
17.7  573
17.705  573
17.711  580
17.716  580
17.72  580
17.727  580
17.736  573
17.743  580
17.748  580
17.753  580
17.759  573
17.764  573
17.768  580
17.778  580
17.785  580
17.791  573
17.796  573
17.801  580
17.807  580
17.813  580
17.819  573
17.828  573
17.834  580
17.842  580
17.848  580
17.854  573
17.86  580
17.866  580
17.872  573
17.881  573
17.886  580
17.892  580
17.897  580
17.902  573
17.91  580
17.916  580
17.92  580
17.927  580
17.932  573
17.937  580
17.945  580
17.95  580
17.956  580
17.962  573
17.967  573
17.972  580
17.978  580
17.982  580
17.987  573
17.996  573
18  580
18.006  580
18.013  580
18.019  580
18.025  580
18.03  573
18.035  573
18.041  580
18.047  580
18.052  580
18.059  573
18.066  573
18.072  580
18.091  580
18.097  580
18.104  573
18.112  580
18.117  580
18.122  580
18.129  580
18.136  580
18.143  573
18.156  573
18.162  580
18.169  580
18.174  580
18.18  580
18.185  580
18.19  573
18.197  573
18.202  580
18.21  580
18.215  580
18.221  580
18.227  580
18.232  573
18.238  573
18.244  580
18.249  580
18.254  580
18.26  580
18.267  580
18.272  580
18.282  580
18.289  573
18.297  580
18.305  580
18.311  580
18.316  580
18.326  573
18.332  573
18.341  580
18.348  580
18.355  580
18.362  580
18.369  580
18.376  573
18.381  580
18.386  580
18.392  580
18.398  580
18.402  580
18.408  573
18.414  573
18.42  580
18.427  580
18.432  580
18.436  580
18.441  580
18.447  580
18.451  573
18.458  580
18.465  580
18.47  580
18.478  580
18.483  580
18.488  573
18.494  573
18.498  580
18.504  580
18.509  580
18.513  580
18.519  580
18.523  580
18.531  573
18.537  573
18.555  580
18.563  580
18.568  573
18.575  580
18.58  580
18.586  580
18.592  573
18.598  573
18.604  580
18.611  580
18.616  580
18.621  580
18.627  580
18.633  573
18.64  580
18.648  580
18.652  580
18.661  580
18.667  580
18.671  573
18.678  573
18.682  580
18.688  580
18.693  580
18.698  573
18.703  573
18.709  580
18.715  580
18.722  580
18.729  580
18.736  580
18.744  580
18.749  580
18.758  580
18.763  573
18.771  580
18.78  580
18.787  580
18.795  573
18.803  573
18.811  580
18.817  580
18.821  580
18.828  580
18.833  580
18.839  573
18.846  573
18.853  580
18.859  580
18.867  580
18.874  573
18.881  573
18.886  580
18.893  580
18.898  580
18.903  580
18.911  580
18.917  580
18.922  573
18.93  580
18.937  580
18.944  580
18.951  580
18.96  580
18.965  573
18.976  580
18.981  580
18.986  580
18.992  573
18.998  573
19.006  580
19.015  580
19.021  580
19.028  580
19.036  573
19.044  580
19.054  580
19.06  580
19.065  580
19.07  573
19.076  573
19.082  580
19.088  580
19.095  580
19.1  580
19.105  580
19.111  573
19.118  573
19.122  580
19.129  580
19.135  580
19.139  580
19.146  580
19.153  573
19.162  573
19.167  580
19.172  580
19.179  580
19.185  580
19.191  573
19.197  573
19.203  580
19.21  580
19.321  580
19.329  573
19.338  580
19.347  580
19.351  580
19.37  580
19.378  573
19.386  580
19.392  580
19.397  580
19.403  573
19.413  580
19.418  580
19.423  580
19.428  580
19.432  580
19.437  573
19.444  573
19.448  580
19.453  580
19.459  580
19.464  580
19.468  573
19.473  573
19.481  580
19.487  580
19.493  580
19.498  580
19.503  580
19.508  573
19.513  573
19.518  580
19.524  580
19.529  580
19.534  580
19.538  573
19.545  573
19.55  580
19.555  580
19.561  580
19.566  580
19.571  580
19.578  580
19.583  573
19.588  580
19.595  580
19.6  580
19.604  580
19.611  573
19.616  573
19.621  580
19.628  580
19.633  580
19.638  580
19.645  580
19.651  573
19.657  573
19.664  580
19.669  580
19.679  580
19.685  573
19.692  580
19.698  580
19.703  580
19.71  580
19.714  580
19.719  580
19.724  580
19.729  580
19.734  580
19.739  580
19.745  580
19.75  573
19.756  573
19.762  580
19.768  580
19.772  580
19.778  580
19.783  580
19.788  573
19.796  573
19.804  580
19.813  580
19.817  580
19.822  580
19.846  580
19.851  580
19.855  580
19.864  580
19.869  580
19.876  573
19.883  580
19.894  580
19.899  580
19.904  580
19.911  573
19.916  573
19.925  580
19.933  580
19.941  573
19.948  580
19.956  580
19.964  580
19.97  580
19.978  573
19.984  580
19.99  573
19.998  573
20.008  580
20.015  580
20.02  573
20.027  573
20.033  580
20.038  580
20.045  580
20.056  573
20.065  573
20.073  580
20.08  580
20.088  580
20.095  573
20.101  580
20.111  580
20.117  573
20.125  580
20.132  580
20.138  580
20.149  580
20.157  580
20.164  573
20.175  573
20.182  580
20.192  580
20.198  573
20.208  580
20.214  580
20.219  580
20.225  580
20.23  573
20.238  573
20.245  580
20.252  580
20.259  580
20.264  573
20.269  580
20.276  580
20.281  580
20.287  580
20.295  580
20.3  573
20.309  573
20.314  580
20.32  580
20.328  580
20.335  580
20.343  573
20.351  573
20.361  580
20.367  580
20.373  580
20.38  580
20.386  580
20.391  580
20.397  580
20.402  573
20.409  580
20.415  580
20.419  580
20.425  580
20.431  580
20.435  580
20.441  573
20.448  573
20.452  580
20.459  580
20.463  580
20.47  580
20.477  580
20.482  580
20.487  580
20.494  580
20.499  573
20.504  573
20.509  580
20.515  580
20.519  580
20.524  580
20.529  580
20.534  580
20.541  573
20.549  573
20.554  580
20.561  580
20.565  580
20.57  580
20.576  580
20.582  580
20.587  580
20.592  573
20.602  580
20.608  580
20.615  580
20.62  573
20.627  573
20.631  580
20.637  580
20.643  580
20.648  580
20.652  580
20.659  580
20.664  580
20.668  580
20.673  580
20.68  573
20.687  573
20.695  580
20.701  580
20.707  580
20.713  573
20.719  580
20.726  580
20.731  580
20.735  580
20.74  580
20.747  580
20.752  580
20.758  580
20.764  573
20.77  580
20.776  580
20.781  580
20.786  580
20.791  580
20.797  580
20.801  573
20.807  573
20.814  580
20.82  580
20.826  580
20.83  580
20.835  580
20.842  573
20.849  573
20.854  580
20.86  580
20.865  580
20.869  580
20.876  580
20.881  573
20.886  573
20.892  580
20.899  580
20.904  580
20.911  580
20.916  580
20.922  573
20.928  573
20.933  580
20.94  580
20.947  580
20.952  580
20.957  580
20.962  580
20.967  580
20.972  573
20.979  580
20.984  580
20.989  580
20.997  580
21.001  580
21.006  580
21.012  580
21.018  580
21.03  573
21.036  580
21.042  580
21.049  580
21.053  580
21.061  580
21.065  580
21.071  573
21.077  573
21.083  580
21.088  580
21.095  580
21.099  580
21.104  580
21.11  580
21.114  580
21.119  580
21.123  580
21.13  580
21.135  580
21.14  573
21.147  573
21.152  580
21.161  580
21.166  580
21.171  580
21.179  580
21.184  580
21.189  580
21.195  580
21.2  573
21.211  573
21.216  580
21.221  580
21.227  580
21.232  580
21.238  580
21.246  580
21.251  573
21.256  573
21.262  580
21.267  580
21.272  580
21.281  580
21.287  580
21.292  573
21.297  573
21.302  580
21.308  580
21.313  580
21.319  580
21.324  580
21.329  580
21.334  580
21.339  580
21.345  580
21.349  573
21.355  573
21.363  580
21.369  580
21.375  580
21.38  573
21.385  573
21.39  580
21.396  580
21.4  580
21.406  580
21.411  580
21.416  580
21.422  580
21.428  580
21.433  580
21.439  573
21.446  573
21.451  580
21.456  580
21.462  580
21.467  580
21.472  580
21.478  580
21.483  580
21.488  573
21.497  573
21.501  580
21.507  580
21.512  580
21.517  580
21.522  580
21.528  573
21.534  573
21.541  580
21.547  580
21.554  580
21.561  580
21.566  580
21.57  573
21.577  573
21.582  580
21.587  580
21.594  580
21.6  580
21.605  580
21.613  580
21.619  580
21.625  573
21.63  580
21.636  580
21.642  580
21.646  580
21.651  573
21.659  573
21.665  580
21.672  580
21.681  580
21.686  580
21.693  580
21.698  580
21.703  573
21.709  580
21.715  580
21.724  580
21.731  580
21.736  580
21.742  573
21.748  573
21.752  580
21.763  580
21.769  580
21.774  580
21.78  580
21.784  580
21.789  580
21.795  580
21.799  573
21.805  573
21.811  580
21.817  580
21.823  580
21.829  580
21.834  580
21.838  580
21.847  580
21.852  573
21.859  580
21.865  580
21.87  580
21.878  580
21.883  580
21.889  580
21.895  580
21.901  580
21.906  580
21.912  580
21.917  580
21.921  573
21.929  580
21.934  580
21.939  580
21.946  580
21.952  580
21.958  580
21.964  573
21.969  580
21.978  580
21.984  580
21.989  580
21.996  580
22  573
22.007  573
22.014  580
22.022  580
22.031  580
22.037  580
22.043  580
22.048  580
22.053  573
22.061  580
22.067  580
22.071  580
22.078  580
22.083  580
22.088  580
22.095  580
22.1  573
22.106  573
22.112  580
22.117  580
22.122  580
22.128  580
22.134  573
22.141  580
22.152  580
22.158  580
22.163  580
22.17  573
22.178  573
22.183  580
22.188  580
22.196  580
22.201  573
22.205  573
22.212  580
22.218  580
22.227  580
22.233  580
22.237  580
22.243  573
22.25  573
22.255  580
22.262  573
22.268  573
22.273  580
22.279  580
22.283  580
22.29  580
22.296  580
22.301  573
22.306  573
22.312  580
22.317  580
22.322  580
22.329  580
22.334  580
22.339  573
22.346  573
22.351  580
22.361  580
22.365  580
22.37  573
22.376  573
22.382  580
22.387  580
22.393  580
22.398  573
22.405  573
22.412  580
22.42  580
22.426  580
22.431  580
22.435  580
22.443  580
22.448  580
22.453  573
22.46  580
22.465  580
22.469  580
22.476  580
22.482  573
22.488  573
22.496  580
22.501  580
22.506  580
22.511  580
22.516  580
22.521  580
22.527  580
22.532  580
22.54  573
22.549  573
22.571  580
22.578  580
22.583  580
22.589  580
22.595  580
22.6  573
22.607  573
22.614  580
22.621  580
22.628  580
22.634  580
22.639  580
22.644  580
22.649  580
22.655  580
22.661  580
22.665  580
22.67  580
22.679  580
22.687  580
22.697  580
22.703  580
22.709  580
22.716  573
22.721  580
22.728  580
22.732  580
22.737  580
22.744  580
22.749  580
22.755  580
22.761  580
22.766  580
22.77  580
22.777  580
22.781  573
22.787  580
22.793  580
22.799  580
22.804  580
22.81  580
22.816  580
22.821  580
22.827  580
22.832  580
22.837  580
22.843  580
22.85  580
22.855  580
22.862  580
22.868  580
22.873  573
22.88  580
22.887  580
22.892  580
22.901  580
22.906  580
22.916  580
22.921  580
22.927  580
22.932  580
22.936  580
22.942  580
22.947  580
22.952  580
22.96  573
22.967  573
22.972  580
22.982  580
22.988  580
22.995  580
23  580
23.006  580
23.012  580
23.017  580
23.022  573
23.029  580
23.035  580
23.04  580
23.046  580
23.051  580
23.055  580
23.061  580
23.066  580
23.072  573
23.078  573
23.083  580
23.089  580
23.097  580
23.101  580
23.106  580
23.111  580
23.118  580
23.123  573
23.129  580
23.134  580
23.139  580
23.147  580
23.154  580
23.162  573
23.169  573
23.174  580
23.18  580
23.184  580
23.189  580
23.196  580
23.2  580
23.206  580
23.212  580
23.218  580
23.225  580
23.231  573
23.237  573
23.243  580
23.248  580
23.252  580
23.258  580
23.263  580
23.268  580
23.273  580
23.279  573
23.285  573
23.291  580
23.298  580
23.305  580
23.312  580
23.318  580
23.323  580
23.328  573
23.336  573
23.343  580
23.35  580
23.358  580
23.366  580
23.372  573
23.379  573
23.384  580
23.389  580
23.396  580
23.404  580
23.426  580
23.43  573
23.435  580
23.441  580
23.447  580
23.454  573
23.465  573
23.472  580
23.479  580
23.485  580
23.49  580
23.496  580
23.5  580
23.505  580
23.511  573
23.516  573
23.521  580
23.528  580
23.533  580
23.538  573
23.545  573
23.551  580
23.559  580
23.565  580
23.569  580
23.576  580
23.581  580
23.585  580
23.59  580
23.596  580
23.6  573
23.607  573
23.614  580
23.621  580
23.629  580
23.637  580
23.645  580
23.653  580
23.662  573
23.67  580
23.677  580
23.687  580
23.696  580
23.703  580
23.712  580
23.721  580
23.729  580
23.737  580
23.744  580
23.75  580
23.757  580
23.765  573
23.771  580
23.78  580
23.787  580
23.794  580
23.801  580
23.809  580
23.817  580
23.831  580
23.838  573
23.845  580
23.853  580
23.86  580
23.866  580
23.878  580
23.889  580
23.898  580
23.906  580
23.915  580
23.941  580
23.947  580
23.955  580
23.962  580
23.972  580
23.979  580
23.984  580
23.992  580
24  580
24.012  580
24.019  573
24.033  580
24.041  580
24.051  580
24.058  580
24.067  580
24.077  580
24.087  580
24.098  580
24.106  580
24.116  580
24.121  580
24.13  573
24.136  580
24.148  580
24.156  580
24.163  580
24.17  580
24.179  573
24.184  580
24.19  580
24.196  580
24.2  580
24.211  580
24.217  573
24.229  580
24.24  580
24.247  580
24.252  580
24.261  580
24.271  580
24.281  580
24.289  580
24.3  573
24.312  580
24.319  580
24.327  580
24.332  580
24.337  580
24.343  580
24.35  580
24.355  580
24.363  580
24.368  580
24.374  573
24.38  580
24.385  580
24.392  580
24.398  580
24.403  580
24.41  580
24.418  580
24.424  580
24.432  580
24.438  580
24.443  580
24.448  580
24.453  580
24.461  573
24.467  573
24.473  580
24.479  580
24.484  580
24.493  580
24.501  580
24.506  580
24.512  580
24.517  580
24.526  580
24.531  580
24.539  573
24.546  580
24.555  580
24.562  580
24.57  580
24.582  580
24.591  580
24.599  580
24.605  580
24.613  580
24.62  580
24.628  580
24.632  573
24.638  580
24.646  580
24.654  580
24.662  580
24.668  580
24.674  580
24.68  573
24.689  573
24.699  580
24.704  580
24.712  580
24.719  580
24.726  580
24.732  580
24.753  580
24.766  573
24.775  580
24.782  580
24.789  573
24.796  580
24.803  580
24.81  580
24.815  573
24.82  580
24.829  580
24.834  580
24.839  580
24.846  580
24.851  580
24.857  580
24.862  573
24.868  573
24.877  580
24.885  580
24.893  580
24.899  580
24.905  580
24.913  573
24.921  573
24.928  580
24.935  580
24.942  573
24.948  573
24.956  580
24.968  580
24.975  580
24.981  580
24.986  580
24.993  573
25  573
25.006  580
25.013  580
25.018  580
25.026  580
25.031  580
25.037  580
25.044  573
25.051  573
25.059  580
25.066  580
25.073  580
25.079  580
25.085  580
25.093  580
25.098  580
25.103  573
25.111  580
25.116  580
25.122  580
25.13  580
25.137  580
25.142  580
25.147  580
25.153  580
25.161  580
25.168  580
25.176  573
25.181  580
25.187  580
25.193  580
25.199  580
25.205  580
25.211  580
25.216  580
25.22  580
25.227  580
25.233  580
25.239  580
25.245  580
25.252  580
25.257  580
25.263  580
25.269  580
25.273  573
25.28  580
25.285  580
25.29  580
25.297  580
25.302  580
25.307  580
25.315  580
25.32  580
25.327  580
25.332  580
25.337  580
25.343  580
25.348  580
25.352  580
25.361  580
25.367  580
25.374  580
25.38  580
25.386  573
25.392  580
25.398  580
25.402  580
25.408  580
25.413  580
25.42  580
25.429  580
25.435  580
25.442  573
25.447  573
25.452  580
25.458  580
25.468  580
25.48  580
25.484  580
25.489  573
25.497  573
25.502  580
25.511  580
25.517  580
25.529  580
25.534  580
25.539  580
25.548  580
25.553  580
25.559  573
25.566  573
25.57  580
25.577  580
25.582  580
25.588  580
25.593  580
25.599  580
25.605  580
25.611  573
25.618  573
25.623  580
25.631  580
25.636  580
25.642  580
25.648  580
25.654  580
25.66  580
25.665  580
25.669  580
25.676  580
25.681  580
25.686  580
25.693  573
25.702  573
25.709  580
25.714  580
25.719  580
25.728  580
25.733  580
25.741  580
25.747  580
25.753  580
25.762  580
25.768  580
25.774  573
25.781  580
25.787  580
25.795  580
25.8  580
25.808  580
25.813  580
25.819  580
25.824  580
25.831  580
25.837  580
25.844  580
25.851  580
25.86  580
25.865  580
25.871  580
25.877  580
25.883  573
25.889  573
25.898  580
25.907  580
25.915  580
25.922  580
25.931  580
25.938  580
25.946  580
25.955  580
25.963  580
25.972  573
25.98  580
25.99  580
25.997  580
26.007  580
26.015  580
26.023  580
26.032  580
26.04  580
26.051  580
26.06  573
26.067  580
26.078  580
26.085  580
26.093  580
26.098  580
26.104  573
26.111  580
26.117  580
26.122  580
26.13  580
26.138  580
26.147  580
26.156  580
26.164  580
26.17  580
26.177  573
26.185  580
26.193  580
26.201  580
26.211  580
26.219  580
26.227  580
26.232  573
26.243  573
26.249  580
26.259  580
26.267  580
26.276  580
26.285  580
26.294  580
26.3  580
26.309  573
26.314  580
26.322  580
26.33  580
26.337  580
26.345  580
26.353  580
26.362  580
26.371  573
26.379  580
26.387  580
26.394  580
26.4  580
26.409  580
26.417  580
26.426  580
26.432  580
26.44  580
26.446  580
26.451  580
26.46  580
26.466  580
26.473  580
26.48  580
26.484  580
26.492  573
26.498  573
26.504  580
26.513  580
26.519  580
26.524  580
26.529  580
26.535  580
26.54  580
26.545  580
26.552  580
26.561  580
26.568  573
26.573  580
26.58  580
26.588  580
26.595  580
26.601  580
26.609  580
26.615  580
26.62  580
26.627  580
26.632  580
26.639  580
26.664  580
26.67  573
26.68  580
26.687  580
26.693  580
26.699  580
26.706  580
26.713  580
26.72  580
26.727  580
26.732  573
26.742  573
26.749  580
26.76  580
26.767  580
26.774  580
26.78  580
26.787  580
26.794  580
26.799  580
26.805  580
26.811  573
26.816  573
26.822  580
26.835  580
26.842  580
26.848  580
26.853  580
26.861  580
26.871  580
26.878  580
26.884  580
26.89  580
26.897  580
26.902  573
26.91  573
26.916  580
26.922  580
26.932  580
26.939  580
26.947  580
26.956  580
26.966  580
26.974  580
26.981  573
26.987  580
26.995  580
27  580
27.006  580
27.013  580
27.019  580
27.027  580
27.032  580
27.039  580
27.047  580
27.056  573
27.062  573
27.068  580
27.078  580
27.084  580
27.089  580
27.099  580
27.105  580
27.114  580
27.119  580
27.124  580
27.13  580
27.138  580
27.146  580
27.152  573
27.159  573
27.165  580
27.17  580
27.178  580
27.184  580
27.192  580
27.198  580
27.203  580
27.211  573
27.217  573
27.227  580
27.234  580
27.24  580
27.248  580
27.259  580
27.267  580
27.275  580
27.281  580
27.293  580
27.3  573
27.307  580
27.313  580
27.32  580
27.328  580
27.334  580
27.342  580
27.347  580
27.352  580
27.357  580
27.363  580
27.368  580
27.373  580
27.38  580
27.385  580
27.393  573
27.4  573
27.409  588
27.414  573
27.421  580
27.43  580
27.437  580
27.445  580
27.451  580
27.46  580
27.465  580
27.47  580
27.479  580
27.487  580
27.494  580
27.5  580
27.507  580
27.515  580
27.521  580
27.528  580
27.534  580
27.538  580
27.544  580
27.55  580
27.559  580
27.584  573
27.592  580
27.598  580
27.604  580
27.609  580
27.616  580
27.622  580
27.63  580
27.636  580
27.644  573
27.649  573
27.655  580
27.662  580
27.667  580
27.671  580
27.679  580
27.685  580
27.697  580
27.703  580
27.711  580
27.717  580
27.722  580
27.729  580
27.737  580
27.745  580
27.753  580
27.76  580
27.765  573
27.778  580
27.785  580
27.791  580
27.798  580
27.805  580
27.813  580
27.822  580
27.829  580
27.835  573
27.843  580
27.85  580
27.856  580
27.864  580
27.871  580
27.88  580
27.885  580
27.891  580
27.897  580
27.901  580
27.908  580
27.913  580
27.918  580
27.926  580
27.93  573
27.937  573
27.944  580
27.954  580
27.961  580
27.968  580
27.975  580
27.983  573
27.991  573
27.998  580
28.004  580
28.011  580
28.036  580
28.045  580
28.051  573
28.06  580
28.066  580
28.07  580
28.078  580
28.084  580
28.093  580
28.101  580
28.111  573
28.117  580
28.123  580
28.13  580
28.138  580
28.146  580
28.152  580
28.16  580
28.166  580
28.172  580
28.182  580
28.187  573
28.195  580
28.201  580
28.209  580
28.215  580
28.222  580
28.228  580
28.232  580
28.238  580
28.245  580
28.253  580
28.261  580
28.269  573
28.278  580
28.288  580
28.296  580
28.303  580
28.31  580
28.315  580
28.321  580
28.328  580
28.336  580
28.343  580
28.349  580
28.355  580
28.362  573
28.371  573
28.38  580
28.389  580
28.397  580
28.404  580
28.412  580
28.418  580
28.423  573
28.433  580
28.441  580
28.447  580
28.455  580
28.462  580
28.467  580
28.475  580
28.481  580
28.489  580
28.495  573
28.5  580
28.509  580
28.517  580
28.526  580
28.531  580
28.54  580
28.547  573
28.552  580
28.562  580
28.57  580
28.58  580
28.588  580
28.596  580
28.603  580
28.609  580
28.617  573
28.627  580
28.633  580
28.639  580
28.647  580
28.654  580
28.662  580
28.667  580
28.673  580
28.68  580
28.689  573
28.697  580
28.705  580
28.712  580
28.718  580
28.73  580
28.736  580
28.741  573
28.747  573
28.755  580
28.763  580
28.775  580
28.782  580
28.796  580
28.802  573
28.81  580
28.818  580
28.828  580
28.834  580
28.84  580
28.846  580
28.851  580
28.857  580
28.866  573
28.878  573
28.882  580
28.888  580
28.895  580
28.903  580
28.911  580
28.917  573
28.926  580
28.932  580
28.936  580
28.943  580
28.948  580
28.953  580
28.961  580
28.967  580
28.974  580
28.981  580
28.986  580
28.992  580
28.999  580
29.008  573
29.015  580
29.024  580
29.03  580
29.036  580
29.046  580
29.058  580
29.063  580
29.069  580
29.077  580
29.084  580
29.089  580
29.097  580
29.114  580
29.119  580
29.125  573
29.132  580
29.137  580
29.145  580
29.154  580
29.164  580
29.17  580
29.178  580
29.183  565
29.192  446
29.201  446
29.209  334
29.216  245
29.227  178
29.236  178
29.244  133
29.25  89
29.256  66
29.265  37
29.273  37
29.28  29
29.288  7
29.296  7
29.302  0
29.309  0
29.322  0
29.328  0
29.334  0
29.339  0
29.346  0
29.354  0
29.361  0
29.366  0
29.377  0
29.39  0
29.398  0
29.405  0
29.413  0
29.419  0
29.426  0
29.433  0
29.441  0
29.449  0
29.46  0
29.467  0
29.476  0
29.484  0
29.495  0
29.5  0
29.505  0
29.513  0
29.519  0
29.525  0
29.531  0
29.542  0
29.549  0
29.554  0
29.564  0
29.577  0
29.587  0
29.597  0
29.604  0
29.612  0
29.617  0
29.627  0
29.632  0
29.637  0
29.644  0
29.65  0
29.657  0
29.664  0
29.67  0
29.679  0
29.687  0
29.696  0
29.7  0
29.706  0
29.712  0
29.718  0
29.727  0
29.732  0
29.739  0
29.746  0
29.752  0
29.761  0
29.768  0
29.778  0
29.783  0
29.792  0
29.799  0
29.805  0
29.812  0
29.817  0
29.822  0
29.828  0
29.834  0
29.84  0
29.848  0
29.855  0
29.861  0
29.866  0
29.871  0
29.879  0
29.885  0
29.891  0
29.897  0
29.902  0
29.909  0
29.913  0
29.919  0
29.927  0
29.933  0
29.939  0
29.946  0
29.955  0
29.962  0
29.97  0
29.98  0
29.987  0
29.997  0
30.007  0
30.014  0
30.021  0
30.03  0
30.035  0
30.044  0
30.055  0
30.063  0
30.072  0
30.081  0
30.088  0
30.095  0
30.1  0
30.111  0
30.12  0
30.131  0
30.139  0
30.148  0
30.155  0
30.166  0
30.174  0
30.182  0
30.191  0
30.198  0
30.205  0
30.213  0
30.224  0
30.232  0
30.24  0
30.248  0
30.257  0
30.266  0
30.276  0
30.289  0
30.302  0
30.316  0
30.323  0
30.331  0
30.34  0
30.348  0
30.361  0
30.369  0
30.382  0
30.392  0
30.399  0
30.409  0
30.415  0
30.426  0
30.432  0
30.439  0
30.447  0
30.454  0
30.461  0
30.467  0
30.473  0
30.482  0
30.493  0
30.5  0
30.506  0
30.515  0
30.523  0
30.532  0
30.54  0
30.546  0
30.558  0
30.563  0
30.569  0
30.58  0
30.592  0
30.598  0
30.608  0
30.616  0
30.628  0
30.636  0
30.646  0
30.652  0
30.658  0
30.664  0
30.669  0
30.678  0
30.684  0
30.691  0
30.698  0
30.704  0
30.715  0
30.721  0
30.728  0
30.732  0
30.759  0
30.765  0
30.773  0
30.78  0
30.789  0
30.797  0
30.802  0
30.809  0
30.815  0
30.822  0
30.829  0
30.837  0
30.846  0
30.851  0
30.859  0
30.865  0
30.87  0
30.877  0
30.882  0
30.888  0
30.895  0
30.901  0
30.908  0
30.914  0
30.92  0
30.928  0
30.934  0
30.944  0
30.95  0
30.957  0
30.963  0
30.969  0
30.979  0
30.986  0
30.991  0
30.996  0
31.002  0
31.012  0
31.022  0
31.03  0
